------------------------------------------------------------------------------------------------------------------------

[2025-10-02 14:24:54 #1 store] 
Database 'C:\Users\USER\git\Rides24\src\main\resources\rides.temp' is opened by 4488@DESKTOP-NSJC5MH

[2025-10-02 14:24:54 #2 type.registry] 
New type domain.Movement

[2025-10-02 14:24:54 #3 type] 
Type domain.Movement is not enhanced.

[2025-10-02 14:24:54 #4 type.registry] 
New type domain.User

[2025-10-02 14:24:54 #5 type] 
Type domain.User is not enhanced.

[2025-10-02 14:24:54 #6 type.registry] 
New type domain.Car

[2025-10-02 14:24:54 #7 type] 
Type domain.Car is not enhanced.

[2025-10-02 14:24:54 #8 type.registry] 
New type domain.Driver

[2025-10-02 14:24:54 #9 type] 
Type domain.Driver is not enhanced.

[2025-10-02 14:24:54 #10 type.registry] 
New type domain.Assessment

[2025-10-02 14:24:54 #11 type.registry] 
New type domain.Ride

[2025-10-02 14:24:54 #12 type] 
Type domain.Assessment is not enhanced.

[2025-10-02 14:24:54 #13 type.registry] 
New type domain.Traveler

[2025-10-02 14:24:54 #14 type] 
Type domain.Ride is not enhanced.

[2025-10-02 14:24:54 #15 type.registry] 
New type domain.Reservation

[2025-10-02 14:24:54 #16 type] 
Type domain.Traveler is not enhanced.

[2025-10-02 14:24:54 #17 type.registry] 
New type domain.Alert

[2025-10-02 14:24:54 #18 type.registry] 
New type domain.Reclamation

[2025-10-02 14:24:54 #19 type] 
Type domain.Reservation is not enhanced.

[2025-10-02 14:24:54 #20 type] 
Type domain.Alert is not enhanced.

[2025-10-02 14:24:54 #21 type] 
Type domain.Reclamation is not enhanced.

[2025-10-02 14:24:54 #22 type.registry] 
New type java.util.Vector<java.lang.Object>

[2025-10-02 14:24:54 #23 type.registry] 
New type java.util.Vector<domain.Movement>

[2025-10-02 14:24:54 #24 type.registry] 
New type java.util.Vector<domain.Ride>

[2025-10-02 14:24:54 #25 type.registry] 
New type java.util.Vector<domain.Car>

[2025-10-02 14:24:54 #26 type.registry] 
New type java.util.Vector<domain.Assessment>

[2025-10-02 14:24:54 #27 type.registry] 
New type java.util.Vector<domain.Reservation>

[2025-10-02 14:24:54 #28 type.registry] 
New type java.util.Vector<domain.Reclamation>

[2025-10-02 14:24:54 #29 type.registry] 
New type java.util.Vector<domain.Alert>

------------------------------------------------------------------------------------------------------------------------

[2025-10-02 14:30:42 #1 store] 
Database 'C:\Users\USER\git\Rides24\src\main\resources\rides.temp' is opened by 11348@DESKTOP-NSJC5MH

[2025-10-02 14:30:42 #2 type.registry] 
New type domain.Movement

[2025-10-02 14:30:42 #3 type] 
Type domain.Movement is not enhanced.

[2025-10-02 14:30:42 #4 type.registry] 
New type domain.User

[2025-10-02 14:30:42 #5 type] 
Type domain.User is not enhanced.

[2025-10-02 14:30:42 #6 type.registry] 
New type domain.Car

[2025-10-02 14:30:42 #7 type] 
Type domain.Car is not enhanced.

[2025-10-02 14:30:42 #8 type.registry] 
New type domain.Driver

[2025-10-02 14:30:42 #9 type] 
Type domain.Driver is not enhanced.

[2025-10-02 14:30:42 #10 type.registry] 
New type domain.Assessment

[2025-10-02 14:30:42 #11 type.registry] 
New type domain.Ride

[2025-10-02 14:30:42 #12 type] 
Type domain.Assessment is not enhanced.

[2025-10-02 14:30:42 #13 type.registry] 
New type domain.Traveler

[2025-10-02 14:30:42 #14 type] 
Type domain.Ride is not enhanced.

[2025-10-02 14:30:42 #15 type.registry] 
New type domain.Reservation

[2025-10-02 14:30:42 #16 type] 
Type domain.Traveler is not enhanced.

[2025-10-02 14:30:42 #17 type.registry] 
New type domain.Alert

[2025-10-02 14:30:42 #18 type.registry] 
New type domain.Reclamation

[2025-10-02 14:30:42 #19 type] 
Type domain.Reservation is not enhanced.

[2025-10-02 14:30:42 #20 type] 
Type domain.Alert is not enhanced.

[2025-10-02 14:30:42 #21 type] 
Type domain.Reclamation is not enhanced.

[2025-10-02 14:30:42 #22 type.registry] 
New type java.util.Vector<java.lang.Object>

[2025-10-02 14:30:42 #23 type.registry] 
New type java.util.Vector<domain.Movement>

[2025-10-02 14:30:42 #24 type.registry] 
New type java.util.Vector<domain.Ride>

[2025-10-02 14:30:42 #25 type.registry] 
New type java.util.Vector<domain.Car>

[2025-10-02 14:30:42 #26 type.registry] 
New type java.util.Vector<domain.Assessment>

[2025-10-02 14:30:42 #27 type.registry] 
New type java.util.Vector<domain.Reservation>

[2025-10-02 14:30:42 #28 type.registry] 
New type java.util.Vector<domain.Reclamation>

[2025-10-02 14:30:42 #29 type.registry] 
New type java.util.Vector<domain.Alert>

------------------------------------------------------------------------------------------------------------------------

[2025-10-02 14:31:31 #1 store] 
Database 'C:\Users\USER\git\Rides24\src\main\resources\rides.temp' is opened by 15580@DESKTOP-NSJC5MH

[2025-10-02 14:31:31 #2 type.registry] 
New type domain.Movement

[2025-10-02 14:31:31 #3 type] 
Type domain.Movement is not enhanced.

[2025-10-02 14:31:31 #4 type.registry] 
New type domain.User

[2025-10-02 14:31:31 #5 type] 
Type domain.User is not enhanced.

[2025-10-02 14:31:31 #6 type.registry] 
New type domain.Car

[2025-10-02 14:31:31 #7 type] 
Type domain.Car is not enhanced.

[2025-10-02 14:31:31 #8 type.registry] 
New type domain.Driver

[2025-10-02 14:31:31 #9 type] 
Type domain.Driver is not enhanced.

[2025-10-02 14:31:31 #10 type.registry] 
New type domain.Assessment

[2025-10-02 14:31:31 #11 type.registry] 
New type domain.Ride

[2025-10-02 14:31:31 #12 type] 
Type domain.Assessment is not enhanced.

[2025-10-02 14:31:31 #13 type.registry] 
New type domain.Traveler

[2025-10-02 14:31:31 #14 type] 
Type domain.Ride is not enhanced.

[2025-10-02 14:31:31 #15 type.registry] 
New type domain.Reservation

[2025-10-02 14:31:31 #16 type] 
Type domain.Traveler is not enhanced.

[2025-10-02 14:31:31 #17 type.registry] 
New type domain.Alert

[2025-10-02 14:31:31 #18 type.registry] 
New type domain.Reclamation

[2025-10-02 14:31:31 #19 type] 
Type domain.Reservation is not enhanced.

[2025-10-02 14:31:31 #20 type] 
Type domain.Alert is not enhanced.

[2025-10-02 14:31:31 #21 type] 
Type domain.Reclamation is not enhanced.

[2025-10-02 14:31:31 #22 type.registry] 
New type java.util.Vector<java.lang.Object>

[2025-10-02 14:31:31 #23 type.registry] 
New type java.util.Vector<domain.Movement>

[2025-10-02 14:31:31 #24 type.registry] 
New type java.util.Vector<domain.Ride>

[2025-10-02 14:31:31 #25 type.registry] 
New type java.util.Vector<domain.Car>

[2025-10-02 14:31:31 #26 type.registry] 
New type java.util.Vector<domain.Assessment>

[2025-10-02 14:31:31 #27 type.registry] 
New type java.util.Vector<domain.Reservation>

[2025-10-02 14:31:31 #28 type.registry] 
New type java.util.Vector<domain.Reclamation>

[2025-10-02 14:31:31 #29 type.registry] 
New type java.util.Vector<domain.Alert>

------------------------------------------------------------------------------------------------------------------------

[2025-10-02 15:40:09 #1 store] 
Database 'C:\Users\USER\git\Rides24\src\main\resources\rides.temp' is opened by 15856@DESKTOP-NSJC5MH

[2025-10-02 15:40:09 #2 type.registry] 
New type domain.Movement

[2025-10-02 15:40:09 #3 type] 
Type domain.Movement is not enhanced.

[2025-10-02 15:40:09 #4 type.registry] 
New type domain.User

[2025-10-02 15:40:09 #5 type] 
Type domain.User is not enhanced.

[2025-10-02 15:40:09 #6 type.registry] 
New type domain.Car

[2025-10-02 15:40:09 #7 type] 
Type domain.Car is not enhanced.

[2025-10-02 15:40:09 #8 type.registry] 
New type domain.Driver

[2025-10-02 15:40:09 #9 type] 
Type domain.Driver is not enhanced.

[2025-10-02 15:40:09 #10 type.registry] 
New type domain.Assessment

[2025-10-02 15:40:09 #11 type.registry] 
New type domain.Ride

[2025-10-02 15:40:09 #12 type] 
Type domain.Assessment is not enhanced.

[2025-10-02 15:40:09 #13 type.registry] 
New type domain.Traveler

[2025-10-02 15:40:09 #14 type] 
Type domain.Ride is not enhanced.

[2025-10-02 15:40:09 #15 type.registry] 
New type domain.Reservation

[2025-10-02 15:40:09 #16 type] 
Type domain.Traveler is not enhanced.

[2025-10-02 15:40:09 #17 type.registry] 
New type domain.Alert

[2025-10-02 15:40:09 #18 type.registry] 
New type domain.Reclamation

[2025-10-02 15:40:09 #19 type] 
Type domain.Reservation is not enhanced.

[2025-10-02 15:40:09 #20 type] 
Type domain.Alert is not enhanced.

[2025-10-02 15:40:09 #21 type] 
Type domain.Reclamation is not enhanced.

[2025-10-02 15:40:09 #22 type.registry] 
New type java.util.Vector<java.lang.Object>

[2025-10-02 15:40:09 #23 type.registry] 
New type java.util.Vector<domain.Movement>

[2025-10-02 15:40:09 #24 type.registry] 
New type java.util.Vector<domain.Ride>

[2025-10-02 15:40:09 #25 type.registry] 
New type java.util.Vector<domain.Car>

[2025-10-02 15:40:09 #26 type.registry] 
New type java.util.Vector<domain.Assessment>

[2025-10-02 15:40:09 #27 type.registry] 
New type java.util.Vector<domain.Reservation>

[2025-10-02 15:40:09 #28 type.registry] 
New type java.util.Vector<domain.Reclamation>

[2025-10-02 15:40:09 #29 type.registry] 
New type java.util.Vector<domain.Alert>

------------------------------------------------------------------------------------------------------------------------

[2025-10-02 15:42:54 #1 store] 
Database 'C:\Users\USER\git\Rides24\src\main\resources\rides.temp' is opened by 13160@DESKTOP-NSJC5MH

[2025-10-02 15:42:55 #2 type.registry] 
New type domain.Movement

[2025-10-02 15:42:55 #3 type] 
Type domain.Movement is not enhanced.

[2025-10-02 15:42:55 #4 type.registry] 
New type domain.User

[2025-10-02 15:42:55 #5 type] 
Type domain.User is not enhanced.

[2025-10-02 15:42:55 #6 type.registry] 
New type domain.Car

[2025-10-02 15:42:55 #7 type] 
Type domain.Car is not enhanced.

[2025-10-02 15:42:55 #8 type.registry] 
New type domain.Driver

[2025-10-02 15:42:55 #9 type] 
Type domain.Driver is not enhanced.

[2025-10-02 15:42:55 #10 type.registry] 
New type domain.Assessment

[2025-10-02 15:42:55 #11 type.registry] 
New type domain.Ride

[2025-10-02 15:42:55 #12 type] 
Type domain.Assessment is not enhanced.

[2025-10-02 15:42:55 #13 type.registry] 
New type domain.Traveler

[2025-10-02 15:42:55 #14 type] 
Type domain.Ride is not enhanced.

[2025-10-02 15:42:55 #15 type.registry] 
New type domain.Reservation

[2025-10-02 15:42:55 #16 type] 
Type domain.Traveler is not enhanced.

[2025-10-02 15:42:55 #17 type.registry] 
New type domain.Alert

[2025-10-02 15:42:55 #18 type.registry] 
New type domain.Reclamation

[2025-10-02 15:42:55 #19 type] 
Type domain.Reservation is not enhanced.

[2025-10-02 15:42:55 #20 type] 
Type domain.Alert is not enhanced.

[2025-10-02 15:42:55 #21 type] 
Type domain.Reclamation is not enhanced.

[2025-10-02 15:42:55 #22 type.registry] 
New type java.util.Vector<java.lang.Object>

[2025-10-02 15:42:55 #23 type.registry] 
New type java.util.Vector<domain.Movement>

[2025-10-02 15:42:55 #24 type.registry] 
New type java.util.Vector<domain.Ride>

[2025-10-02 15:42:55 #25 type.registry] 
New type java.util.Vector<domain.Car>

[2025-10-02 15:42:55 #26 type.registry] 
New type java.util.Vector<domain.Assessment>

[2025-10-02 15:42:55 #27 type.registry] 
New type java.util.Vector<domain.Reservation>

[2025-10-02 15:42:55 #28 type.registry] 
New type java.util.Vector<domain.Reclamation>

[2025-10-02 15:42:55 #29 type.registry] 
New type java.util.Vector<domain.Alert>

------------------------------------------------------------------------------------------------------------------------

[2025-10-02 15:43:41 #1 store] 
Database 'C:\Users\USER\git\Rides24\src\main\resources\rides.temp' is opened by 18136@DESKTOP-NSJC5MH

[2025-10-02 15:43:41 #2 type.registry] 
New type domain.Movement

[2025-10-02 15:43:41 #3 type] 
Type domain.Movement is not enhanced.

[2025-10-02 15:43:41 #4 type.registry] 
New type domain.User

[2025-10-02 15:43:41 #5 type] 
Type domain.User is not enhanced.

[2025-10-02 15:43:41 #6 type.registry] 
New type domain.Car

[2025-10-02 15:43:41 #7 type] 
Type domain.Car is not enhanced.

[2025-10-02 15:43:41 #8 type.registry] 
New type domain.Driver

[2025-10-02 15:43:41 #9 type] 
Type domain.Driver is not enhanced.

[2025-10-02 15:43:41 #10 type.registry] 
New type domain.Assessment

[2025-10-02 15:43:41 #11 type.registry] 
New type domain.Ride

[2025-10-02 15:43:41 #12 type] 
Type domain.Assessment is not enhanced.

[2025-10-02 15:43:41 #13 type.registry] 
New type domain.Traveler

[2025-10-02 15:43:41 #14 type] 
Type domain.Ride is not enhanced.

[2025-10-02 15:43:41 #15 type.registry] 
New type domain.Reservation

[2025-10-02 15:43:41 #16 type] 
Type domain.Traveler is not enhanced.

[2025-10-02 15:43:41 #17 type.registry] 
New type domain.Alert

[2025-10-02 15:43:41 #18 type.registry] 
New type domain.Reclamation

[2025-10-02 15:43:41 #19 type] 
Type domain.Reservation is not enhanced.

[2025-10-02 15:43:41 #20 type] 
Type domain.Alert is not enhanced.

[2025-10-02 15:43:41 #21 type] 
Type domain.Reclamation is not enhanced.

[2025-10-02 15:43:41 #22 type.registry] 
New type java.util.Vector<java.lang.Object>

[2025-10-02 15:43:41 #23 type.registry] 
New type java.util.Vector<domain.Movement>

[2025-10-02 15:43:41 #24 type.registry] 
New type java.util.Vector<domain.Ride>

[2025-10-02 15:43:41 #25 type.registry] 
New type java.util.Vector<domain.Car>

[2025-10-02 15:43:41 #26 type.registry] 
New type java.util.Vector<domain.Assessment>

[2025-10-02 15:43:41 #27 type.registry] 
New type java.util.Vector<domain.Reservation>

[2025-10-02 15:43:41 #28 type.registry] 
New type java.util.Vector<domain.Reclamation>

[2025-10-02 15:43:41 #29 type.registry] 
New type java.util.Vector<domain.Alert>

------------------------------------------------------------------------------------------------------------------------

[2025-10-02 15:44:15 #1 store] 
Database 'C:\Users\USER\git\Rides24\src\main\resources\rides.temp' is opened by 1496@DESKTOP-NSJC5MH

[2025-10-02 15:44:15 #2 type.registry] 
New type domain.Movement

[2025-10-02 15:44:15 #3 type] 
Type domain.Movement is not enhanced.

[2025-10-02 15:44:15 #4 type.registry] 
New type domain.User

[2025-10-02 15:44:15 #5 type] 
Type domain.User is not enhanced.

[2025-10-02 15:44:15 #6 type.registry] 
New type domain.Car

[2025-10-02 15:44:15 #7 type] 
Type domain.Car is not enhanced.

[2025-10-02 15:44:15 #8 type.registry] 
New type domain.Driver

[2025-10-02 15:44:15 #9 type] 
Type domain.Driver is not enhanced.

[2025-10-02 15:44:15 #10 type.registry] 
New type domain.Assessment

[2025-10-02 15:44:15 #11 type.registry] 
New type domain.Ride

[2025-10-02 15:44:15 #12 type] 
Type domain.Assessment is not enhanced.

[2025-10-02 15:44:15 #13 type.registry] 
New type domain.Traveler

[2025-10-02 15:44:15 #14 type] 
Type domain.Ride is not enhanced.

[2025-10-02 15:44:15 #15 type.registry] 
New type domain.Reservation

[2025-10-02 15:44:15 #16 type] 
Type domain.Traveler is not enhanced.

[2025-10-02 15:44:15 #17 type.registry] 
New type domain.Alert

[2025-10-02 15:44:15 #18 type.registry] 
New type domain.Reclamation

[2025-10-02 15:44:15 #19 type] 
Type domain.Reservation is not enhanced.

[2025-10-02 15:44:15 #20 type] 
Type domain.Alert is not enhanced.

[2025-10-02 15:44:15 #21 type] 
Type domain.Reclamation is not enhanced.

[2025-10-02 15:44:15 #22 type.registry] 
New type java.util.Vector<java.lang.Object>

[2025-10-02 15:44:15 #23 type.registry] 
New type java.util.Vector<domain.Movement>

[2025-10-02 15:44:15 #24 type.registry] 
New type java.util.Vector<domain.Ride>

[2025-10-02 15:44:15 #25 type.registry] 
New type java.util.Vector<domain.Car>

[2025-10-02 15:44:15 #26 type.registry] 
New type java.util.Vector<domain.Assessment>

[2025-10-02 15:44:15 #27 type.registry] 
New type java.util.Vector<domain.Reservation>

[2025-10-02 15:44:15 #28 type.registry] 
New type java.util.Vector<domain.Reclamation>

[2025-10-02 15:44:15 #29 type.registry] 
New type java.util.Vector<domain.Alert>

------------------------------------------------------------------------------------------------------------------------

[2025-10-02 15:58:16 #1 store] 
Database 'C:\Users\USER\git\Rides24\src\main\resources\rides.temp' is opened by 8972@DESKTOP-NSJC5MH

[2025-10-02 15:58:16 #2 type.registry] 
New type domain.Movement

[2025-10-02 15:58:16 #3 type] 
Type domain.Movement is not enhanced.

[2025-10-02 15:58:16 #4 type.registry] 
New type domain.User

[2025-10-02 15:58:16 #5 type] 
Type domain.User is not enhanced.

[2025-10-02 15:58:16 #6 type.registry] 
New type domain.Car

[2025-10-02 15:58:16 #7 type] 
Type domain.Car is not enhanced.

[2025-10-02 15:58:16 #8 type.registry] 
New type domain.Driver

[2025-10-02 15:58:16 #9 type] 
Type domain.Driver is not enhanced.

[2025-10-02 15:58:16 #10 type.registry] 
New type domain.Assessment

[2025-10-02 15:58:16 #11 type.registry] 
New type domain.Ride

[2025-10-02 15:58:16 #12 type] 
Type domain.Assessment is not enhanced.

[2025-10-02 15:58:16 #13 type.registry] 
New type domain.Traveler

[2025-10-02 15:58:16 #14 type] 
Type domain.Ride is not enhanced.

[2025-10-02 15:58:16 #15 type.registry] 
New type domain.Reservation

[2025-10-02 15:58:16 #16 type] 
Type domain.Traveler is not enhanced.

[2025-10-02 15:58:16 #17 type.registry] 
New type domain.Alert

[2025-10-02 15:58:16 #18 type.registry] 
New type domain.Reclamation

[2025-10-02 15:58:16 #19 type] 
Type domain.Reservation is not enhanced.

[2025-10-02 15:58:16 #20 type] 
Type domain.Alert is not enhanced.

[2025-10-02 15:58:16 #21 type] 
Type domain.Reclamation is not enhanced.

[2025-10-02 15:58:16 #22 type.registry] 
New type java.util.Vector<java.lang.Object>

[2025-10-02 15:58:16 #23 type.registry] 
New type java.util.Vector<domain.Movement>

[2025-10-02 15:58:16 #24 type.registry] 
New type java.util.Vector<domain.Ride>

[2025-10-02 15:58:16 #25 type.registry] 
New type java.util.Vector<domain.Car>

[2025-10-02 15:58:16 #26 type.registry] 
New type java.util.Vector<domain.Assessment>

[2025-10-02 15:58:16 #27 type.registry] 
New type java.util.Vector<domain.Reservation>

[2025-10-02 15:58:16 #28 type.registry] 
New type java.util.Vector<domain.Reclamation>

[2025-10-02 15:58:16 #29 type.registry] 
New type java.util.Vector<domain.Alert>

------------------------------------------------------------------------------------------------------------------------

[2025-10-02 16:02:58 #1 store] 
Database 'C:\Users\USER\git\Rides24\src\main\resources\rides.temp' is opened by 13344@DESKTOP-NSJC5MH

[2025-10-02 16:02:58 #2 type.registry] 
New type domain.Movement

[2025-10-02 16:02:58 #3 type] 
Type domain.Movement is not enhanced.

[2025-10-02 16:02:58 #4 type.registry] 
New type domain.User

[2025-10-02 16:02:58 #5 type] 
Type domain.User is not enhanced.

[2025-10-02 16:02:58 #6 type.registry] 
New type domain.Car

[2025-10-02 16:02:58 #7 type] 
Type domain.Car is not enhanced.

[2025-10-02 16:02:58 #8 type.registry] 
New type domain.Driver

[2025-10-02 16:02:58 #9 type] 
Type domain.Driver is not enhanced.

[2025-10-02 16:02:58 #10 type.registry] 
New type domain.Assessment

[2025-10-02 16:02:58 #11 type.registry] 
New type domain.Ride

[2025-10-02 16:02:58 #12 type] 
Type domain.Assessment is not enhanced.

[2025-10-02 16:02:58 #13 type.registry] 
New type domain.Traveler

[2025-10-02 16:02:58 #14 type] 
Type domain.Ride is not enhanced.

[2025-10-02 16:02:58 #15 type.registry] 
New type domain.Reservation

[2025-10-02 16:02:58 #16 type] 
Type domain.Traveler is not enhanced.

[2025-10-02 16:02:58 #17 type.registry] 
New type domain.Alert

[2025-10-02 16:02:58 #18 type.registry] 
New type domain.Reclamation

[2025-10-02 16:02:58 #19 type] 
Type domain.Reservation is not enhanced.

[2025-10-02 16:02:58 #20 type] 
Type domain.Alert is not enhanced.

[2025-10-02 16:02:58 #21 type] 
Type domain.Reclamation is not enhanced.

[2025-10-02 16:02:58 #22 type.registry] 
New type java.util.Vector<java.lang.Object>

[2025-10-02 16:02:58 #23 type.registry] 
New type java.util.Vector<domain.Movement>

[2025-10-02 16:02:58 #24 type.registry] 
New type java.util.Vector<domain.Ride>

[2025-10-02 16:02:58 #25 type.registry] 
New type java.util.Vector<domain.Car>

[2025-10-02 16:02:58 #26 type.registry] 
New type java.util.Vector<domain.Assessment>

[2025-10-02 16:02:58 #27 type.registry] 
New type java.util.Vector<domain.Reservation>

[2025-10-02 16:02:58 #28 type.registry] 
New type java.util.Vector<domain.Reclamation>

[2025-10-02 16:02:58 #29 type.registry] 
New type java.util.Vector<domain.Alert>

------------------------------------------------------------------------------------------------------------------------

[2025-10-02 16:04:26 #1 store] 
Database 'C:\Users\USER\git\Rides24\src\main\resources\rides.temp' is opened by 10732@DESKTOP-NSJC5MH

[2025-10-02 16:04:26 #2 type.registry] 
New type domain.Movement

[2025-10-02 16:04:26 #3 type] 
Type domain.Movement is not enhanced.

[2025-10-02 16:04:26 #4 type.registry] 
New type domain.User

[2025-10-02 16:04:26 #5 type] 
Type domain.User is not enhanced.

[2025-10-02 16:04:26 #6 type.registry] 
New type domain.Car

[2025-10-02 16:04:26 #7 type] 
Type domain.Car is not enhanced.

[2025-10-02 16:04:26 #8 type.registry] 
New type domain.Driver

[2025-10-02 16:04:26 #9 type] 
Type domain.Driver is not enhanced.

[2025-10-02 16:04:26 #10 type.registry] 
New type domain.Assessment

[2025-10-02 16:04:26 #11 type.registry] 
New type domain.Ride

[2025-10-02 16:04:26 #12 type] 
Type domain.Assessment is not enhanced.

[2025-10-02 16:04:26 #13 type.registry] 
New type domain.Traveler

[2025-10-02 16:04:26 #14 type] 
Type domain.Ride is not enhanced.

[2025-10-02 16:04:26 #15 type.registry] 
New type domain.Reservation

[2025-10-02 16:04:26 #16 type] 
Type domain.Traveler is not enhanced.

[2025-10-02 16:04:26 #17 type.registry] 
New type domain.Alert

[2025-10-02 16:04:26 #18 type.registry] 
New type domain.Reclamation

[2025-10-02 16:04:26 #19 type] 
Type domain.Reservation is not enhanced.

[2025-10-02 16:04:26 #20 type] 
Type domain.Alert is not enhanced.

[2025-10-02 16:04:26 #21 type] 
Type domain.Reclamation is not enhanced.

[2025-10-02 16:04:26 #22 type.registry] 
New type java.util.Vector<java.lang.Object>

[2025-10-02 16:04:26 #23 type.registry] 
New type java.util.Vector<domain.Movement>

[2025-10-02 16:04:26 #24 type.registry] 
New type java.util.Vector<domain.Ride>

[2025-10-02 16:04:26 #25 type.registry] 
New type java.util.Vector<domain.Car>

[2025-10-02 16:04:26 #26 type.registry] 
New type java.util.Vector<domain.Assessment>

[2025-10-02 16:04:26 #27 type.registry] 
New type java.util.Vector<domain.Reservation>

[2025-10-02 16:04:26 #28 type.registry] 
New type java.util.Vector<domain.Reclamation>

[2025-10-02 16:04:26 #29 type.registry] 
New type java.util.Vector<domain.Alert>

------------------------------------------------------------------------------------------------------------------------

[2025-10-02 16:04:37 #1 store] 
Database 'C:\Users\USER\git\Rides24\src\main\resources\rides.temp' is opened by 9556@DESKTOP-NSJC5MH

[2025-10-02 16:04:37 #2 type.registry] 
New type domain.Movement

[2025-10-02 16:04:37 #3 type] 
Type domain.Movement is not enhanced.

[2025-10-02 16:04:37 #4 type.registry] 
New type domain.User

[2025-10-02 16:04:37 #5 type] 
Type domain.User is not enhanced.

[2025-10-02 16:04:37 #6 type.registry] 
New type domain.Car

[2025-10-02 16:04:37 #7 type] 
Type domain.Car is not enhanced.

[2025-10-02 16:04:37 #8 type.registry] 
New type domain.Driver

[2025-10-02 16:04:37 #9 type] 
Type domain.Driver is not enhanced.

[2025-10-02 16:04:37 #10 type.registry] 
New type domain.Assessment

[2025-10-02 16:04:37 #11 type.registry] 
New type domain.Ride

[2025-10-02 16:04:37 #12 type] 
Type domain.Assessment is not enhanced.

[2025-10-02 16:04:37 #13 type.registry] 
New type domain.Traveler

[2025-10-02 16:04:37 #14 type] 
Type domain.Ride is not enhanced.

[2025-10-02 16:04:37 #15 type.registry] 
New type domain.Reservation

[2025-10-02 16:04:37 #16 type] 
Type domain.Traveler is not enhanced.

[2025-10-02 16:04:37 #17 type.registry] 
New type domain.Alert

[2025-10-02 16:04:37 #18 type.registry] 
New type domain.Reclamation

[2025-10-02 16:04:37 #19 type] 
Type domain.Reservation is not enhanced.

[2025-10-02 16:04:37 #20 type] 
Type domain.Alert is not enhanced.

[2025-10-02 16:04:37 #21 type] 
Type domain.Reclamation is not enhanced.

[2025-10-02 16:04:37 #22 type.registry] 
New type java.util.Vector<java.lang.Object>

[2025-10-02 16:04:37 #23 type.registry] 
New type java.util.Vector<domain.Movement>

[2025-10-02 16:04:37 #24 type.registry] 
New type java.util.Vector<domain.Ride>

[2025-10-02 16:04:37 #25 type.registry] 
New type java.util.Vector<domain.Car>

[2025-10-02 16:04:37 #26 type.registry] 
New type java.util.Vector<domain.Assessment>

[2025-10-02 16:04:37 #27 type.registry] 
New type java.util.Vector<domain.Reservation>

[2025-10-02 16:04:37 #28 type.registry] 
New type java.util.Vector<domain.Reclamation>

[2025-10-02 16:04:37 #29 type.registry] 
New type java.util.Vector<domain.Alert>

------------------------------------------------------------------------------------------------------------------------

[2025-10-02 16:38:54 #1 store] 
Database 'C:\Users\USER\git\Rides24\src\main\resources\rides.temp' is opened by 10420@DESKTOP-NSJC5MH

[2025-10-02 16:38:54 #2 type.registry] 
New type domain.Movement

[2025-10-02 16:38:54 #3 type] 
Type domain.Movement is not enhanced.

[2025-10-02 16:38:54 #4 type.registry] 
New type domain.User

[2025-10-02 16:38:54 #5 type] 
Type domain.User is not enhanced.

[2025-10-02 16:38:54 #6 type.registry] 
New type domain.Car

[2025-10-02 16:38:54 #7 type] 
Type domain.Car is not enhanced.

[2025-10-02 16:38:54 #8 type.registry] 
New type domain.Driver

[2025-10-02 16:38:54 #9 type] 
Type domain.Driver is not enhanced.

[2025-10-02 16:38:54 #10 type.registry] 
New type domain.Assessment

[2025-10-02 16:38:54 #11 type.registry] 
New type domain.Ride

[2025-10-02 16:38:54 #12 type] 
Type domain.Assessment is not enhanced.

[2025-10-02 16:38:54 #13 type.registry] 
New type domain.Traveler

[2025-10-02 16:38:54 #14 type] 
Type domain.Ride is not enhanced.

[2025-10-02 16:38:54 #15 type.registry] 
New type domain.Reservation

[2025-10-02 16:38:54 #16 type] 
Type domain.Traveler is not enhanced.

[2025-10-02 16:38:54 #17 type.registry] 
New type domain.Alert

[2025-10-02 16:38:54 #18 type.registry] 
New type domain.Reclamation

[2025-10-02 16:38:54 #19 type] 
Type domain.Reservation is not enhanced.

[2025-10-02 16:38:54 #20 type] 
Type domain.Alert is not enhanced.

[2025-10-02 16:38:54 #21 type] 
Type domain.Reclamation is not enhanced.

[2025-10-02 16:38:54 #22 type.registry] 
New type java.util.Vector<java.lang.Object>

[2025-10-02 16:38:54 #23 type.registry] 
New type java.util.Vector<domain.Movement>

[2025-10-02 16:38:54 #24 type.registry] 
New type java.util.Vector<domain.Ride>

[2025-10-02 16:38:54 #25 type.registry] 
New type java.util.Vector<domain.Car>

[2025-10-02 16:38:54 #26 type.registry] 
New type java.util.Vector<domain.Assessment>

[2025-10-02 16:38:54 #27 type.registry] 
New type java.util.Vector<domain.Reservation>

[2025-10-02 16:38:54 #28 type.registry] 
New type java.util.Vector<domain.Reclamation>

[2025-10-02 16:38:54 #29 type.registry] 
New type java.util.Vector<domain.Alert>

------------------------------------------------------------------------------------------------------------------------

[2025-10-02 18:24:52 #1 store] 
Database 'C:\Users\USER\git\Rides24\src\main\resources\rides.temp' is opened by 7240@DESKTOP-NSJC5MH

[2025-10-02 18:24:52 #2 type.registry] 
New type domain.Movement

[2025-10-02 18:24:52 #3 type] 
Type domain.Movement is not enhanced.

[2025-10-02 18:24:52 #4 type.registry] 
New type domain.User

[2025-10-02 18:24:52 #5 type] 
Type domain.User is not enhanced.

[2025-10-02 18:24:52 #6 type.registry] 
New type domain.Car

[2025-10-02 18:24:52 #7 type] 
Type domain.Car is not enhanced.

[2025-10-02 18:24:52 #8 type.registry] 
New type domain.Driver

[2025-10-02 18:24:52 #9 type] 
Type domain.Driver is not enhanced.

[2025-10-02 18:24:52 #10 type.registry] 
New type domain.Assessment

[2025-10-02 18:24:52 #11 type.registry] 
New type domain.Ride

[2025-10-02 18:24:52 #12 type] 
Type domain.Assessment is not enhanced.

[2025-10-02 18:24:52 #13 type.registry] 
New type domain.Traveler

[2025-10-02 18:24:52 #14 type] 
Type domain.Ride is not enhanced.

[2025-10-02 18:24:52 #15 type.registry] 
New type domain.Reservation

[2025-10-02 18:24:52 #16 type] 
Type domain.Traveler is not enhanced.

[2025-10-02 18:24:52 #17 type.registry] 
New type domain.Alert

[2025-10-02 18:24:52 #18 type.registry] 
New type domain.Reclamation

[2025-10-02 18:24:52 #19 type] 
Type domain.Reservation is not enhanced.

[2025-10-02 18:24:52 #20 type] 
Type domain.Alert is not enhanced.

[2025-10-02 18:24:52 #21 type] 
Type domain.Reclamation is not enhanced.

[2025-10-02 18:24:52 #22 type.registry] 
New type java.util.Vector<java.lang.Object>

[2025-10-02 18:24:52 #23 type.registry] 
New type java.util.Vector<domain.Movement>

[2025-10-02 18:24:52 #24 type.registry] 
New type java.util.Vector<domain.Ride>

[2025-10-02 18:24:52 #25 type.registry] 
New type java.util.Vector<domain.Car>

[2025-10-02 18:24:52 #26 type.registry] 
New type java.util.Vector<domain.Assessment>

[2025-10-02 18:24:52 #27 type.registry] 
New type java.util.Vector<domain.Reservation>

[2025-10-02 18:24:52 #28 type.registry] 
New type java.util.Vector<domain.Reclamation>

[2025-10-02 18:24:52 #29 type.registry] 
New type java.util.Vector<domain.Alert>

------------------------------------------------------------------------------------------------------------------------

[2025-10-02 18:48:29 #1 store] 
Database 'C:\Users\USER\git\Rides24\src\main\resources\rides.temp' is opened by 12944@DESKTOP-NSJC5MH

[2025-10-02 18:48:29 #2 type.registry] 
New type domain.Movement

[2025-10-02 18:48:29 #3 type] 
Type domain.Movement is not enhanced.

[2025-10-02 18:48:29 #4 type.registry] 
New type domain.User

[2025-10-02 18:48:29 #5 type] 
Type domain.User is not enhanced.

[2025-10-02 18:48:29 #6 type.registry] 
New type domain.Car

[2025-10-02 18:48:29 #7 type] 
Type domain.Car is not enhanced.

[2025-10-02 18:48:29 #8 type.registry] 
New type domain.Driver

[2025-10-02 18:48:29 #9 type] 
Type domain.Driver is not enhanced.

[2025-10-02 18:48:29 #10 type.registry] 
New type domain.Assessment

[2025-10-02 18:48:29 #11 type.registry] 
New type domain.Ride

[2025-10-02 18:48:29 #12 type] 
Type domain.Assessment is not enhanced.

[2025-10-02 18:48:29 #13 type.registry] 
New type domain.Traveler

[2025-10-02 18:48:29 #14 type] 
Type domain.Ride is not enhanced.

[2025-10-02 18:48:29 #15 type.registry] 
New type domain.Reservation

[2025-10-02 18:48:29 #16 type] 
Type domain.Traveler is not enhanced.

[2025-10-02 18:48:29 #17 type.registry] 
New type domain.Alert

[2025-10-02 18:48:29 #18 type.registry] 
New type domain.Reclamation

[2025-10-02 18:48:29 #19 type] 
Type domain.Reservation is not enhanced.

[2025-10-02 18:48:29 #20 type] 
Type domain.Alert is not enhanced.

[2025-10-02 18:48:29 #21 type] 
Type domain.Reclamation is not enhanced.

[2025-10-02 18:48:29 #22 type.registry] 
New type java.util.Vector<java.lang.Object>

[2025-10-02 18:48:29 #23 type.registry] 
New type java.util.Vector<domain.Movement>

[2025-10-02 18:48:29 #24 type.registry] 
New type java.util.Vector<domain.Ride>

[2025-10-02 18:48:29 #25 type.registry] 
New type java.util.Vector<domain.Car>

[2025-10-02 18:48:29 #26 type.registry] 
New type java.util.Vector<domain.Assessment>

[2025-10-02 18:48:29 #27 type.registry] 
New type java.util.Vector<domain.Reservation>

[2025-10-02 18:48:29 #28 type.registry] 
New type java.util.Vector<domain.Reclamation>

[2025-10-02 18:48:29 #29 type.registry] 
New type java.util.Vector<domain.Alert>

