------------------------------------------------------------------------------------------------------------------------

[2025-10-21 11:41:36 #1 store] 
Database '/home/ander/git/Rides24/src/main/resources/rides.temp' is opened by 481035@ander-HP-Laptop-15s-eq2xxx

[2025-10-21 11:41:36 #2 type.registry] 
New type domain.Movement

[2025-10-21 11:41:36 #3 type] 
Type domain.Movement is not enhanced.

[2025-10-21 11:41:36 #4 type.registry] 
New type domain.User

[2025-10-21 11:41:36 #5 type] 
Type domain.User is not enhanced.

[2025-10-21 11:41:36 #6 type.registry] 
New type domain.Car

[2025-10-21 11:41:36 #7 type] 
Type domain.Car is not enhanced.

[2025-10-21 11:41:36 #8 type.registry] 
New type domain.Driver

[2025-10-21 11:41:36 #9 type] 
Type domain.Driver is not enhanced.

[2025-10-21 11:41:36 #10 type.registry] 
New type domain.Assessment

[2025-10-21 11:41:36 #11 type.registry] 
New type domain.Ride

[2025-10-21 11:41:36 #12 type] 
Type domain.Assessment is not enhanced.

[2025-10-21 11:41:36 #13 type.registry] 
New type domain.Traveler

[2025-10-21 11:41:36 #14 type] 
Type domain.Ride is not enhanced.

[2025-10-21 11:41:36 #15 type.registry] 
New type domain.Reservation

[2025-10-21 11:41:36 #16 type] 
Type domain.Traveler is not enhanced.

[2025-10-21 11:41:36 #17 type.registry] 
New type domain.Alert

[2025-10-21 11:41:36 #18 type.registry] 
New type domain.Reclamation

[2025-10-21 11:41:36 #19 type] 
Type domain.Reservation is not enhanced.

[2025-10-21 11:41:36 #20 type] 
Type domain.Alert is not enhanced.

[2025-10-21 11:41:36 #21 type] 
Type domain.Reclamation is not enhanced.

[2025-10-21 11:41:36 #22 type.registry] 
New type java.util.Vector<java.lang.Object>

[2025-10-21 11:41:36 #23 type.registry] 
New type java.util.Vector<domain.Movement>

[2025-10-21 11:41:36 #24 type.registry] 
New type java.util.Vector<domain.Ride>

[2025-10-21 11:41:36 #25 type.registry] 
New type java.util.Vector<domain.Car>

[2025-10-21 11:41:36 #26 type.registry] 
New type java.util.Vector<domain.Assessment>

[2025-10-21 11:41:36 #27 type.registry] 
New type java.util.Vector<domain.Reservation>

[2025-10-21 11:41:36 #28 type.registry] 
New type java.util.Vector<domain.Reclamation>

[2025-10-21 11:41:36 #29 type.registry] 
New type java.util.Vector<domain.Alert>

