------------------------------------------------------------------------------------------------------------------------

[2025-05-06 00:05:51 #1 store] 
Database 'C:\Users\bynek\Desktop\UNI\Segundo\SI\Iterazioa3\Iterazioa3Workspace\Rides24\src\main\resources\rides.temp' is opened by 23224@ByNekox

[2025-05-06 00:05:52 #2 type.registry] 
New type domain.User

[2025-05-06 00:05:52 #3 type.registry] 
New type domain.Admin

[2025-05-06 00:05:52 #4 type] 
Type domain.User is not enhanced.

[2025-05-06 00:05:52 #5 type.registry] 
New type domain.Movement

[2025-05-06 00:05:52 #6 type] 
Type domain.Admin is not enhanced.

[2025-05-06 00:05:52 #7 type.registry] 
New type domain.Reclamation

[2025-05-06 00:05:52 #8 type] 
Type domain.Movement is not enhanced.

[2025-05-06 00:05:52 #9 type] 
Type domain.Reclamation is not enhanced.

[2025-05-06 00:05:52 #10 type.registry] 
New type domain.Reservation

[2025-05-06 00:05:52 #11 type.registry] 
New type domain.Traveler

[2025-05-06 00:05:52 #12 type] 
Type domain.Reservation is not enhanced.

[2025-05-06 00:05:52 #13 type.registry] 
New type domain.Ride

[2025-05-06 00:05:52 #14 type] 
Type domain.Traveler is not enhanced.

[2025-05-06 00:05:52 #15 type.registry] 
New type domain.Alert

[2025-05-06 00:05:52 #16 type] 
Type domain.Ride is not enhanced.

[2025-05-06 00:05:52 #17 type.registry] 
New type domain.Driver

[2025-05-06 00:05:52 #18 type.registry] 
New type domain.Car

[2025-05-06 00:05:52 #19 type] 
Type domain.Alert is not enhanced.

[2025-05-06 00:05:52 #20 type] 
Type domain.Driver is not enhanced.

[2025-05-06 00:05:52 #21 type.registry] 
New type domain.Assessment

[2025-05-06 00:05:52 #22 type] 
Type domain.Car is not enhanced.

[2025-05-06 00:05:52 #23 type] 
Type domain.Assessment is not enhanced.

[2025-05-06 00:05:52 #24 type.registry] 
New type java.util.Vector<java.lang.Object>

[2025-05-06 00:05:52 #25 type.registry] 
New type java.util.Vector<domain.Reservation>

[2025-05-06 00:05:52 #26 type.registry] 
New type java.util.Vector<domain.Movement>

[2025-05-06 00:05:52 #27 type.registry] 
New type java.util.Vector<domain.Reclamation>

[2025-05-06 00:05:52 #28 type.registry] 
New type java.util.Vector<domain.Ride>

[2025-05-06 00:05:52 #29 type.registry] 
New type java.util.Vector<domain.Car>

[2025-05-06 00:05:52 #30 type.registry] 
New type java.util.Vector<domain.Assessment>

[2025-05-06 00:05:52 #31 type.registry] 
New type java.util.Vector<domain.Alert>

------------------------------------------------------------------------------------------------------------------------

[2025-05-06 00:09:46 #1 store] 
Database 'C:\Users\bynek\Desktop\UNI\Segundo\SI\Iterazioa3\Iterazioa3Workspace\Rides24\src\main\resources\rides.temp' has been recovered (tr. 1-13)

[2025-05-06 00:09:46 #2 store] 
Database 'C:\Users\bynek\Desktop\UNI\Segundo\SI\Iterazioa3\Iterazioa3Workspace\Rides24\src\main\resources\rides.temp' is opened by 22596@ByNekox

[2025-05-06 00:09:46 #3 type] 
Type domain.User is not enhanced.

[2025-05-06 00:09:46 #4 type] 
Type domain.Admin is not enhanced.

[2025-05-06 00:09:46 #5 type] 
Type domain.Movement is not enhanced.

[2025-05-06 00:09:46 #6 type] 
Type domain.Reclamation is not enhanced.

[2025-05-06 00:09:46 #7 type] 
Type domain.Reservation is not enhanced.

[2025-05-06 00:09:46 #8 type] 
Type domain.Traveler is not enhanced.

[2025-05-06 00:09:46 #9 type] 
Type domain.Ride is not enhanced.

[2025-05-06 00:09:46 #10 type] 
Type domain.Alert is not enhanced.

[2025-05-06 00:09:46 #11 type] 
Type domain.Driver is not enhanced.

[2025-05-06 00:09:46 #12 type] 
Type domain.Car is not enhanced.

[2025-05-06 00:09:46 #13 type] 
Type domain.Assessment is not enhanced.

------------------------------------------------------------------------------------------------------------------------

[2025-05-06 00:10:18 #1 store] 
Database 'C:\Users\bynek\Desktop\UNI\Segundo\SI\Iterazioa3\Iterazioa3Workspace\Rides24\src\main\resources\rides.temp' has been recovered (tr. 14-14)

[2025-05-06 00:10:18 #2 store] 
Database 'C:\Users\bynek\Desktop\UNI\Segundo\SI\Iterazioa3\Iterazioa3Workspace\Rides24\src\main\resources\rides.temp' is opened by 19924@ByNekox

[2025-05-06 00:10:18 #3 type] 
Type domain.User is not enhanced.

[2025-05-06 00:10:18 #4 type] 
Type domain.Admin is not enhanced.

[2025-05-06 00:10:18 #5 type] 
Type domain.Movement is not enhanced.

[2025-05-06 00:10:18 #6 type] 
Type domain.Reclamation is not enhanced.

[2025-05-06 00:10:18 #7 type] 
Type domain.Reservation is not enhanced.

[2025-05-06 00:10:18 #8 type] 
Type domain.Traveler is not enhanced.

[2025-05-06 00:10:18 #9 type] 
Type domain.Ride is not enhanced.

[2025-05-06 00:10:18 #10 type] 
Type domain.Alert is not enhanced.

[2025-05-06 00:10:18 #11 type] 
Type domain.Driver is not enhanced.

[2025-05-06 00:10:18 #12 type] 
Type domain.Car is not enhanced.

[2025-05-06 00:10:18 #13 type] 
Type domain.Assessment is not enhanced.

------------------------------------------------------------------------------------------------------------------------

[2025-05-06 00:12:07 #1 store] 
Database 'C:\Users\bynek\Desktop\UNI\Segundo\SI\Iterazioa3\Iterazioa3Workspace\Rides24\src\main\resources\rides.temp' is opened by 20264@ByNekox

[2025-05-06 00:12:07 #2 type] 
Type domain.User is not enhanced.

[2025-05-06 00:12:07 #3 type] 
Type domain.Admin is not enhanced.

[2025-05-06 00:12:07 #4 type] 
Type domain.Movement is not enhanced.

[2025-05-06 00:12:07 #5 type] 
Type domain.Reclamation is not enhanced.

[2025-05-06 00:12:07 #6 type] 
Type domain.Reservation is not enhanced.

[2025-05-06 00:12:07 #7 type] 
Type domain.Traveler is not enhanced.

[2025-05-06 00:12:07 #8 type] 
Type domain.Ride is not enhanced.

[2025-05-06 00:12:07 #9 type] 
Type domain.Alert is not enhanced.

[2025-05-06 00:12:07 #10 type] 
Type domain.Driver is not enhanced.

[2025-05-06 00:12:07 #11 type] 
Type domain.Car is not enhanced.

[2025-05-06 00:12:07 #12 type] 
Type domain.Assessment is not enhanced.

------------------------------------------------------------------------------------------------------------------------

[2025-05-06 00:13:07 #1 store] 
Database 'C:\Users\bynek\Desktop\UNI\Segundo\SI\Iterazioa3\Iterazioa3Workspace\Rides24\src\main\resources\rides.temp' has been recovered (tr. 15-15)

[2025-05-06 00:13:07 #2 store] 
Database 'C:\Users\bynek\Desktop\UNI\Segundo\SI\Iterazioa3\Iterazioa3Workspace\Rides24\src\main\resources\rides.temp' is opened by 21524@ByNekox

[2025-05-06 00:13:07 #3 type] 
Type domain.User is not enhanced.

[2025-05-06 00:13:07 #4 type] 
Type domain.Admin is not enhanced.

[2025-05-06 00:13:07 #5 type] 
Type domain.Movement is not enhanced.

[2025-05-06 00:13:07 #6 type] 
Type domain.Reclamation is not enhanced.

[2025-05-06 00:13:07 #7 type] 
Type domain.Reservation is not enhanced.

[2025-05-06 00:13:07 #8 type] 
Type domain.Traveler is not enhanced.

[2025-05-06 00:13:07 #9 type] 
Type domain.Ride is not enhanced.

[2025-05-06 00:13:07 #10 type] 
Type domain.Alert is not enhanced.

[2025-05-06 00:13:07 #11 type] 
Type domain.Driver is not enhanced.

[2025-05-06 00:13:07 #12 type] 
Type domain.Car is not enhanced.

[2025-05-06 00:13:07 #13 type] 
Type domain.Assessment is not enhanced.

------------------------------------------------------------------------------------------------------------------------

[2025-05-06 00:13:31 #1 store] 
Database 'C:\Users\bynek\Desktop\UNI\Segundo\SI\Iterazioa3\Iterazioa3Workspace\Rides24\src\main\resources\rides.temp' has been recovered (tr. 16-17)

[2025-05-06 00:13:31 #2 store] 
Database 'C:\Users\bynek\Desktop\UNI\Segundo\SI\Iterazioa3\Iterazioa3Workspace\Rides24\src\main\resources\rides.temp' is opened by 20764@ByNekox

[2025-05-06 00:13:31 #3 type] 
Type domain.User is not enhanced.

[2025-05-06 00:13:31 #4 type] 
Type domain.Admin is not enhanced.

[2025-05-06 00:13:31 #5 type] 
Type domain.Movement is not enhanced.

[2025-05-06 00:13:31 #6 type] 
Type domain.Reclamation is not enhanced.

[2025-05-06 00:13:31 #7 type] 
Type domain.Reservation is not enhanced.

[2025-05-06 00:13:31 #8 type] 
Type domain.Traveler is not enhanced.

[2025-05-06 00:13:31 #9 type] 
Type domain.Ride is not enhanced.

[2025-05-06 00:13:31 #10 type] 
Type domain.Alert is not enhanced.

[2025-05-06 00:13:31 #11 type] 
Type domain.Driver is not enhanced.

[2025-05-06 00:13:31 #12 type] 
Type domain.Car is not enhanced.

[2025-05-06 00:13:31 #13 type] 
Type domain.Assessment is not enhanced.

------------------------------------------------------------------------------------------------------------------------

[2025-05-06 00:14:27 #1 store] 
Database 'C:\Users\bynek\Desktop\UNI\Segundo\SI\Iterazioa3\Iterazioa3Workspace\Rides24\src\main\resources\rides.temp' has been recovered (tr. 18-18)

[2025-05-06 00:14:27 #2 store] 
Database 'C:\Users\bynek\Desktop\UNI\Segundo\SI\Iterazioa3\Iterazioa3Workspace\Rides24\src\main\resources\rides.temp' is opened by 21348@ByNekox

[2025-05-06 00:14:28 #3 type] 
Type domain.User is not enhanced.

[2025-05-06 00:14:28 #4 type] 
Type domain.Admin is not enhanced.

[2025-05-06 00:14:28 #5 type] 
Type domain.Movement is not enhanced.

[2025-05-06 00:14:28 #6 type] 
Type domain.Reclamation is not enhanced.

[2025-05-06 00:14:28 #7 type] 
Type domain.Reservation is not enhanced.

[2025-05-06 00:14:28 #8 type] 
Type domain.Traveler is not enhanced.

[2025-05-06 00:14:28 #9 type] 
Type domain.Ride is not enhanced.

[2025-05-06 00:14:28 #10 type] 
Type domain.Alert is not enhanced.

[2025-05-06 00:14:28 #11 type] 
Type domain.Driver is not enhanced.

[2025-05-06 00:14:28 #12 type] 
Type domain.Car is not enhanced.

[2025-05-06 00:14:28 #13 type] 
Type domain.Assessment is not enhanced.

------------------------------------------------------------------------------------------------------------------------

[2025-05-06 00:17:42 #1 store] 
Database 'C:\Users\bynek\Desktop\UNI\Segundo\SI\Iterazioa3\Iterazioa3Workspace\Rides24\src\main\resources\rides.temp' has been recovered (tr. 19-19)

[2025-05-06 00:17:43 #2 store] 
Database 'C:\Users\bynek\Desktop\UNI\Segundo\SI\Iterazioa3\Iterazioa3Workspace\Rides24\src\main\resources\rides.temp' is opened by 20556@ByNekox

[2025-05-06 00:17:43 #3 type] 
Type domain.User is not enhanced.

[2025-05-06 00:17:43 #4 type] 
Type domain.Admin is not enhanced.

[2025-05-06 00:17:43 #5 type] 
Type domain.Movement is not enhanced.

[2025-05-06 00:17:43 #6 type] 
Type domain.Reclamation is not enhanced.

[2025-05-06 00:17:43 #7 type] 
Type domain.Reservation is not enhanced.

[2025-05-06 00:17:43 #8 type] 
Type domain.Traveler is not enhanced.

[2025-05-06 00:17:43 #9 type] 
Type domain.Ride is not enhanced.

[2025-05-06 00:17:43 #10 type] 
Type domain.Alert is not enhanced.

[2025-05-06 00:17:43 #11 type] 
Type domain.Driver is not enhanced.

[2025-05-06 00:17:43 #12 type] 
Type domain.Car is not enhanced.

[2025-05-06 00:17:43 #13 type] 
Type domain.Assessment is not enhanced.

------------------------------------------------------------------------------------------------------------------------

[2025-05-06 00:18:21 #1 store] 
Database 'C:\Users\bynek\Desktop\UNI\Segundo\SI\Iterazioa3\Iterazioa3Workspace\Rides24\src\main\resources\rides.temp' has been recovered (tr. 20-20)

[2025-05-06 00:18:21 #2 store] 
Database 'C:\Users\bynek\Desktop\UNI\Segundo\SI\Iterazioa3\Iterazioa3Workspace\Rides24\src\main\resources\rides.temp' is opened by 4224@ByNekox

[2025-05-06 00:18:21 #3 type] 
Type domain.User is not enhanced.

[2025-05-06 00:18:21 #4 type] 
Type domain.Admin is not enhanced.

[2025-05-06 00:18:21 #5 type] 
Type domain.Movement is not enhanced.

[2025-05-06 00:18:21 #6 type] 
Type domain.Reclamation is not enhanced.

[2025-05-06 00:18:21 #7 type] 
Type domain.Reservation is not enhanced.

[2025-05-06 00:18:21 #8 type] 
Type domain.Traveler is not enhanced.

[2025-05-06 00:18:21 #9 type] 
Type domain.Ride is not enhanced.

[2025-05-06 00:18:21 #10 type] 
Type domain.Alert is not enhanced.

[2025-05-06 00:18:21 #11 type] 
Type domain.Driver is not enhanced.

[2025-05-06 00:18:21 #12 type] 
Type domain.Car is not enhanced.

[2025-05-06 00:18:21 #13 type] 
Type domain.Assessment is not enhanced.

------------------------------------------------------------------------------------------------------------------------

[2025-05-06 00:19:14 #1 store] 
Database 'C:\Users\bynek\Desktop\UNI\Segundo\SI\Iterazioa3\Iterazioa3Workspace\Rides24\src\main\resources\rides.temp' has been recovered (tr. 21-21)

[2025-05-06 00:19:14 #2 store] 
Database 'C:\Users\bynek\Desktop\UNI\Segundo\SI\Iterazioa3\Iterazioa3Workspace\Rides24\src\main\resources\rides.temp' is opened by 12680@ByNekox

[2025-05-06 00:19:15 #3 type] 
Type domain.User is not enhanced.

[2025-05-06 00:19:15 #4 type] 
Type domain.Admin is not enhanced.

[2025-05-06 00:19:15 #5 type] 
Type domain.Movement is not enhanced.

[2025-05-06 00:19:15 #6 type] 
Type domain.Reclamation is not enhanced.

[2025-05-06 00:19:15 #7 type] 
Type domain.Reservation is not enhanced.

[2025-05-06 00:19:15 #8 type] 
Type domain.Traveler is not enhanced.

[2025-05-06 00:19:15 #9 type] 
Type domain.Ride is not enhanced.

[2025-05-06 00:19:15 #10 type] 
Type domain.Alert is not enhanced.

[2025-05-06 00:19:15 #11 type] 
Type domain.Driver is not enhanced.

[2025-05-06 00:19:15 #12 type] 
Type domain.Car is not enhanced.

[2025-05-06 00:19:15 #13 type] 
Type domain.Assessment is not enhanced.

------------------------------------------------------------------------------------------------------------------------

[2025-05-06 16:44:20 #1 store] 
Database 'C:\Users\bynek\Desktop\UNI\Segundo\SI\Iterazioa3\Iterazioa3Workspace\Rides24\src\main\resources\rides.temp' has been recovered (tr. 22-22)

[2025-05-06 16:44:20 #2 store] 
Database 'C:\Users\bynek\Desktop\UNI\Segundo\SI\Iterazioa3\Iterazioa3Workspace\Rides24\src\main\resources\rides.temp' is opened by 4748@ByNekox

[2025-05-06 16:44:20 #3 type] 
Type domain.User is not enhanced.

[2025-05-06 16:44:20 #4 type] 
Type domain.Admin is not enhanced.

[2025-05-06 16:44:20 #5 type] 
Type domain.Movement is not enhanced.

[2025-05-06 16:44:20 #6 type] 
Type domain.Reclamation is not enhanced.

[2025-05-06 16:44:20 #7 type] 
Type domain.Reservation is not enhanced.

[2025-05-06 16:44:20 #8 type] 
Type domain.Traveler is not enhanced.

[2025-05-06 16:44:20 #9 type] 
Type domain.Ride is not enhanced.

[2025-05-06 16:44:20 #10 type] 
Type domain.Alert is not enhanced.

[2025-05-06 16:44:20 #11 type] 
Type domain.Driver is not enhanced.

[2025-05-06 16:44:20 #12 type] 
Type domain.Car is not enhanced.

[2025-05-06 16:44:20 #13 type] 
Type domain.Assessment is not enhanced.

------------------------------------------------------------------------------------------------------------------------

[2025-05-06 16:54:30 #1 store] 
Database 'C:\Users\bynek\Desktop\UNI\Segundo\SI\Iterazioa3\Iterazioa3Workspace\Rides24\src\main\resources\rides.temp' is opened by 6056@ByNekox

[2025-05-06 16:54:30 #2 type] 
Type domain.User is not enhanced.

[2025-05-06 16:54:30 #3 type] 
Type domain.Admin is not enhanced.

[2025-05-06 16:54:30 #4 type] 
Type domain.Movement is not enhanced.

[2025-05-06 16:54:30 #5 type] 
Type domain.Reclamation is not enhanced.

[2025-05-06 16:54:30 #6 type] 
Type domain.Reservation is not enhanced.

[2025-05-06 16:54:30 #7 type] 
Type domain.Traveler is not enhanced.

[2025-05-06 16:54:30 #8 type] 
Type domain.Ride is not enhanced.

[2025-05-06 16:54:30 #9 type] 
Type domain.Alert is not enhanced.

[2025-05-06 16:54:30 #10 type] 
Type domain.Driver is not enhanced.

[2025-05-06 16:54:30 #11 type] 
Type domain.Car is not enhanced.

[2025-05-06 16:54:30 #12 type] 
Type domain.Assessment is not enhanced.

------------------------------------------------------------------------------------------------------------------------

[2025-05-06 16:58:05 #1 store] 
Database 'C:\Users\bynek\Desktop\UNI\Segundo\SI\Iterazioa3\Iterazioa3Workspace\Rides24\src\main\resources\rides.temp' has been recovered (tr. 23-26)

[2025-05-06 16:58:05 #2 store] 
Database 'C:\Users\bynek\Desktop\UNI\Segundo\SI\Iterazioa3\Iterazioa3Workspace\Rides24\src\main\resources\rides.temp' is opened by 7148@ByNekox

[2025-05-06 16:58:05 #3 type] 
Type domain.User is not enhanced.

[2025-05-06 16:58:05 #4 type] 
Type domain.Admin is not enhanced.

[2025-05-06 16:58:05 #5 type] 
Type domain.Movement is not enhanced.

[2025-05-06 16:58:05 #6 type] 
Type domain.Reclamation is not enhanced.

[2025-05-06 16:58:05 #7 type] 
Type domain.Reservation is not enhanced.

[2025-05-06 16:58:05 #8 type] 
Type domain.Traveler is not enhanced.

[2025-05-06 16:58:05 #9 type] 
Type domain.Ride is not enhanced.

[2025-05-06 16:58:05 #10 type] 
Type domain.Alert is not enhanced.

[2025-05-06 16:58:05 #11 type] 
Type domain.Driver is not enhanced.

[2025-05-06 16:58:05 #12 type] 
Type domain.Car is not enhanced.

[2025-05-06 16:58:05 #13 type] 
Type domain.Assessment is not enhanced.

------------------------------------------------------------------------------------------------------------------------

[2025-05-06 17:02:10 #1 store] 
Database 'C:\Users\bynek\Desktop\UNI\Segundo\SI\Iterazioa3\Iterazioa3Workspace\Rides24\src\main\resources\rides.temp' is opened by 14268@ByNekox

[2025-05-06 17:02:10 #2 type] 
Type domain.User is not enhanced.

[2025-05-06 17:02:10 #3 type] 
Type domain.Admin is not enhanced.

[2025-05-06 17:02:10 #4 type] 
Type domain.Movement is not enhanced.

[2025-05-06 17:02:10 #5 type] 
Type domain.Reclamation is not enhanced.

[2025-05-06 17:02:10 #6 type] 
Type domain.Reservation is not enhanced.

[2025-05-06 17:02:10 #7 type] 
Type domain.Traveler is not enhanced.

[2025-05-06 17:02:10 #8 type] 
Type domain.Ride is not enhanced.

[2025-05-06 17:02:10 #9 type] 
Type domain.Alert is not enhanced.

[2025-05-06 17:02:10 #10 type] 
Type domain.Driver is not enhanced.

[2025-05-06 17:02:10 #11 type] 
Type domain.Car is not enhanced.

[2025-05-06 17:02:10 #12 type] 
Type domain.Assessment is not enhanced.

------------------------------------------------------------------------------------------------------------------------

[2025-05-06 17:03:59 #1 store] 
Database 'C:\Users\bynek\Desktop\UNI\Segundo\SI\Iterazioa3\Iterazioa3Workspace\Rides24\src\main\resources\rides.temp' is opened by 11980@ByNekox

[2025-05-06 17:04:00 #2 type] 
Type domain.User is not enhanced.

[2025-05-06 17:04:00 #3 type] 
Type domain.Admin is not enhanced.

[2025-05-06 17:04:00 #4 type] 
Type domain.Movement is not enhanced.

[2025-05-06 17:04:00 #5 type] 
Type domain.Reclamation is not enhanced.

[2025-05-06 17:04:00 #6 type] 
Type domain.Reservation is not enhanced.

[2025-05-06 17:04:00 #7 type] 
Type domain.Traveler is not enhanced.

[2025-05-06 17:04:00 #8 type] 
Type domain.Ride is not enhanced.

[2025-05-06 17:04:00 #9 type] 
Type domain.Alert is not enhanced.

[2025-05-06 17:04:00 #10 type] 
Type domain.Driver is not enhanced.

[2025-05-06 17:04:00 #11 type] 
Type domain.Car is not enhanced.

[2025-05-06 17:04:00 #12 type] 
Type domain.Assessment is not enhanced.

------------------------------------------------------------------------------------------------------------------------

[2025-05-06 17:06:25 #1 store] 
Database 'C:\Users\bynek\Desktop\UNI\Segundo\SI\Iterazioa3\Iterazioa3Workspace\Rides24\src\main\resources\rides.temp' is opened by 21076@ByNekox

[2025-05-06 17:06:25 #2 type] 
Type domain.User is not enhanced.

[2025-05-06 17:06:25 #3 type] 
Type domain.Admin is not enhanced.

[2025-05-06 17:06:25 #4 type] 
Type domain.Movement is not enhanced.

[2025-05-06 17:06:25 #5 type] 
Type domain.Reclamation is not enhanced.

[2025-05-06 17:06:25 #6 type] 
Type domain.Reservation is not enhanced.

[2025-05-06 17:06:25 #7 type] 
Type domain.Traveler is not enhanced.

[2025-05-06 17:06:25 #8 type] 
Type domain.Ride is not enhanced.

[2025-05-06 17:06:25 #9 type] 
Type domain.Alert is not enhanced.

[2025-05-06 17:06:25 #10 type] 
Type domain.Driver is not enhanced.

[2025-05-06 17:06:25 #11 type] 
Type domain.Car is not enhanced.

[2025-05-06 17:06:25 #12 type] 
Type domain.Assessment is not enhanced.

------------------------------------------------------------------------------------------------------------------------

[2025-05-06 17:22:15 #1 store] 
Database 'C:\Users\bynek\Desktop\UNI\Segundo\SI\Iterazioa3\Iterazioa3Workspace\Rides24\src\main\resources\rides.temp' has been recovered (tr. 27-27)

[2025-05-06 17:22:15 #2 store] 
Database 'C:\Users\bynek\Desktop\UNI\Segundo\SI\Iterazioa3\Iterazioa3Workspace\Rides24\src\main\resources\rides.temp' is opened by 22764@ByNekox

[2025-05-06 17:22:16 #3 type] 
Type domain.User is not enhanced.

[2025-05-06 17:22:16 #4 type] 
Type domain.Admin is not enhanced.

[2025-05-06 17:22:16 #5 type] 
Type domain.Movement is not enhanced.

[2025-05-06 17:22:16 #6 type] 
Type domain.Reclamation is not enhanced.

[2025-05-06 17:22:16 #7 type] 
Type domain.Reservation is not enhanced.

[2025-05-06 17:22:16 #8 type] 
Type domain.Traveler is not enhanced.

[2025-05-06 17:22:16 #9 type] 
Type domain.Ride is not enhanced.

[2025-05-06 17:22:16 #10 type] 
Type domain.Alert is not enhanced.

[2025-05-06 17:22:16 #11 type] 
Type domain.Driver is not enhanced.

[2025-05-06 17:22:16 #12 type] 
Type domain.Car is not enhanced.

[2025-05-06 17:22:16 #13 type] 
Type domain.Assessment is not enhanced.

------------------------------------------------------------------------------------------------------------------------

[2025-05-06 17:25:22 #1 store] 
Database 'C:\Users\bynek\Desktop\UNI\Segundo\SI\Iterazioa3\Iterazioa3Workspace\Rides24\src\main\resources\rides.temp' is opened by 23648@ByNekox

[2025-05-06 17:25:22 #2 type] 
Type domain.User is not enhanced.

[2025-05-06 17:25:22 #3 type] 
Type domain.Admin is not enhanced.

[2025-05-06 17:25:22 #4 type] 
Type domain.Movement is not enhanced.

[2025-05-06 17:25:22 #5 type] 
Type domain.Reclamation is not enhanced.

[2025-05-06 17:25:22 #6 type] 
Type domain.Reservation is not enhanced.

[2025-05-06 17:25:22 #7 type] 
Type domain.Traveler is not enhanced.

[2025-05-06 17:25:22 #8 type] 
Type domain.Ride is not enhanced.

[2025-05-06 17:25:22 #9 type] 
Type domain.Alert is not enhanced.

[2025-05-06 17:25:22 #10 type] 
Type domain.Driver is not enhanced.

[2025-05-06 17:25:22 #11 type] 
Type domain.Car is not enhanced.

[2025-05-06 17:25:22 #12 type] 
Type domain.Assessment is not enhanced.

------------------------------------------------------------------------------------------------------------------------

[2025-05-06 17:32:45 #1 store] 
Database 'C:\Users\bynek\Desktop\UNI\Segundo\SI\Iterazioa3\Iterazioa3Workspace\Rides24\src\main\resources\rides.temp' is opened by 13960@ByNekox

[2025-05-06 17:32:46 #2 type] 
Type domain.User is not enhanced.

[2025-05-06 17:32:46 #3 type] 
Type domain.Admin is not enhanced.

[2025-05-06 17:32:46 #4 type] 
Type domain.Movement is not enhanced.

[2025-05-06 17:32:46 #5 type] 
Type domain.Reclamation is not enhanced.

[2025-05-06 17:32:46 #6 type] 
Type domain.Reservation is not enhanced.

[2025-05-06 17:32:46 #7 type] 
Type domain.Traveler is not enhanced.

[2025-05-06 17:32:46 #8 type] 
Type domain.Ride is not enhanced.

[2025-05-06 17:32:46 #9 type] 
Type domain.Alert is not enhanced.

[2025-05-06 17:32:46 #10 type] 
Type domain.Driver is not enhanced.

[2025-05-06 17:32:46 #11 type] 
Type domain.Car is not enhanced.

[2025-05-06 17:32:46 #12 type] 
Type domain.Assessment is not enhanced.

------------------------------------------------------------------------------------------------------------------------

[2025-05-06 17:39:23 #1 store] 
Database 'C:\Users\bynek\Desktop\UNI\Segundo\SI\Iterazioa3\Iterazioa3Workspace\Rides24\src\main\resources\rides.temp' has been recovered (tr. 28-28)

[2025-05-06 17:39:24 #2 store] 
Database 'C:\Users\bynek\Desktop\UNI\Segundo\SI\Iterazioa3\Iterazioa3Workspace\Rides24\src\main\resources\rides.temp' is opened by 11604@ByNekox

[2025-05-06 17:39:24 #3 type] 
Type domain.User is not enhanced.

[2025-05-06 17:39:24 #4 type] 
Type domain.Admin is not enhanced.

[2025-05-06 17:39:24 #5 type] 
Type domain.Movement is not enhanced.

[2025-05-06 17:39:24 #6 type] 
Type domain.Reclamation is not enhanced.

[2025-05-06 17:39:24 #7 type] 
Type domain.Reservation is not enhanced.

[2025-05-06 17:39:24 #8 type] 
Type domain.Traveler is not enhanced.

[2025-05-06 17:39:24 #9 type] 
Type domain.Ride is not enhanced.

[2025-05-06 17:39:24 #10 type] 
Type domain.Alert is not enhanced.

[2025-05-06 17:39:24 #11 type] 
Type domain.Driver is not enhanced.

[2025-05-06 17:39:24 #12 type] 
Type domain.Car is not enhanced.

[2025-05-06 17:39:24 #13 type] 
Type domain.Assessment is not enhanced.

------------------------------------------------------------------------------------------------------------------------

[2025-05-06 17:42:59 #1 store] 
Database 'C:\Users\bynek\Desktop\UNI\Segundo\SI\Iterazioa3\Iterazioa3Workspace\Rides24\src\main\resources\rides.temp' has been recovered (tr. 29-29)

[2025-05-06 17:42:59 #2 store] 
Database 'C:\Users\bynek\Desktop\UNI\Segundo\SI\Iterazioa3\Iterazioa3Workspace\Rides24\src\main\resources\rides.temp' is opened by 15644@ByNekox

[2025-05-06 17:43:00 #3 type] 
Type domain.User is not enhanced.

[2025-05-06 17:43:00 #4 type] 
Type domain.Admin is not enhanced.

[2025-05-06 17:43:00 #5 type] 
Type domain.Movement is not enhanced.

[2025-05-06 17:43:00 #6 type] 
Type domain.Reclamation is not enhanced.

[2025-05-06 17:43:00 #7 type] 
Type domain.Reservation is not enhanced.

[2025-05-06 17:43:00 #8 type] 
Type domain.Traveler is not enhanced.

[2025-05-06 17:43:00 #9 type] 
Type domain.Ride is not enhanced.

[2025-05-06 17:43:00 #10 type] 
Type domain.Alert is not enhanced.

[2025-05-06 17:43:00 #11 type] 
Type domain.Driver is not enhanced.

[2025-05-06 17:43:00 #12 type] 
Type domain.Car is not enhanced.

[2025-05-06 17:43:00 #13 type] 
Type domain.Assessment is not enhanced.

------------------------------------------------------------------------------------------------------------------------

[2025-05-06 17:43:55 #1 store] 
Database 'C:\Users\bynek\Desktop\UNI\Segundo\SI\Iterazioa3\Iterazioa3Workspace\Rides24\src\main\resources\rides.temp' is opened by 17648@ByNekox

[2025-05-06 17:43:55 #2 type] 
Type domain.User is not enhanced.

[2025-05-06 17:43:55 #3 type] 
Type domain.Admin is not enhanced.

[2025-05-06 17:43:55 #4 type] 
Type domain.Movement is not enhanced.

[2025-05-06 17:43:55 #5 type] 
Type domain.Reclamation is not enhanced.

[2025-05-06 17:43:55 #6 type] 
Type domain.Reservation is not enhanced.

[2025-05-06 17:43:55 #7 type] 
Type domain.Traveler is not enhanced.

[2025-05-06 17:43:55 #8 type] 
Type domain.Ride is not enhanced.

[2025-05-06 17:43:55 #9 type] 
Type domain.Alert is not enhanced.

[2025-05-06 17:43:55 #10 type] 
Type domain.Driver is not enhanced.

[2025-05-06 17:43:55 #11 type] 
Type domain.Car is not enhanced.

[2025-05-06 17:43:55 #12 type] 
Type domain.Assessment is not enhanced.

------------------------------------------------------------------------------------------------------------------------

[2025-05-06 17:45:00 #1 store] 
Database 'C:\Users\bynek\Desktop\UNI\Segundo\SI\Iterazioa3\Iterazioa3Workspace\Rides24\src\main\resources\rides.temp' is opened by 25248@ByNekox

[2025-05-06 17:45:00 #2 type] 
Type domain.User is not enhanced.

[2025-05-06 17:45:00 #3 type] 
Type domain.Admin is not enhanced.

[2025-05-06 17:45:00 #4 type] 
Type domain.Movement is not enhanced.

[2025-05-06 17:45:00 #5 type] 
Type domain.Reclamation is not enhanced.

[2025-05-06 17:45:00 #6 type] 
Type domain.Reservation is not enhanced.

[2025-05-06 17:45:00 #7 type] 
Type domain.Traveler is not enhanced.

[2025-05-06 17:45:00 #8 type] 
Type domain.Ride is not enhanced.

[2025-05-06 17:45:00 #9 type] 
Type domain.Alert is not enhanced.

[2025-05-06 17:45:00 #10 type] 
Type domain.Driver is not enhanced.

[2025-05-06 17:45:00 #11 type] 
Type domain.Car is not enhanced.

[2025-05-06 17:45:00 #12 type] 
Type domain.Assessment is not enhanced.

------------------------------------------------------------------------------------------------------------------------

[2025-05-06 17:45:27 #1 store] 
Database 'C:\Users\bynek\Desktop\UNI\Segundo\SI\Iterazioa3\Iterazioa3Workspace\Rides24\src\main\resources\rides.temp' is opened by 25508@ByNekox

[2025-05-06 17:45:28 #2 type] 
Type domain.User is not enhanced.

[2025-05-06 17:45:28 #3 type] 
Type domain.Admin is not enhanced.

[2025-05-06 17:45:28 #4 type] 
Type domain.Movement is not enhanced.

[2025-05-06 17:45:28 #5 type] 
Type domain.Reclamation is not enhanced.

[2025-05-06 17:45:28 #6 type] 
Type domain.Reservation is not enhanced.

[2025-05-06 17:45:28 #7 type] 
Type domain.Traveler is not enhanced.

[2025-05-06 17:45:28 #8 type] 
Type domain.Ride is not enhanced.

[2025-05-06 17:45:28 #9 type] 
Type domain.Alert is not enhanced.

[2025-05-06 17:45:28 #10 type] 
Type domain.Driver is not enhanced.

[2025-05-06 17:45:28 #11 type] 
Type domain.Car is not enhanced.

[2025-05-06 17:45:28 #12 type] 
Type domain.Assessment is not enhanced.

------------------------------------------------------------------------------------------------------------------------

[2025-05-06 17:45:54 #1 store] 
Database 'C:\Users\bynek\Desktop\UNI\Segundo\SI\Iterazioa3\Iterazioa3Workspace\Rides24\src\main\resources\rides.temp' has been recovered (tr. 30-30)

[2025-05-06 17:45:54 #2 store] 
Database 'C:\Users\bynek\Desktop\UNI\Segundo\SI\Iterazioa3\Iterazioa3Workspace\Rides24\src\main\resources\rides.temp' is opened by 16188@ByNekox

[2025-05-06 17:45:54 #3 type] 
Type domain.User is not enhanced.

[2025-05-06 17:45:54 #4 type] 
Type domain.Admin is not enhanced.

[2025-05-06 17:45:54 #5 type] 
Type domain.Movement is not enhanced.

[2025-05-06 17:45:54 #6 type] 
Type domain.Reclamation is not enhanced.

[2025-05-06 17:45:54 #7 type] 
Type domain.Reservation is not enhanced.

[2025-05-06 17:45:54 #8 type] 
Type domain.Traveler is not enhanced.

[2025-05-06 17:45:54 #9 type] 
Type domain.Ride is not enhanced.

[2025-05-06 17:45:54 #10 type] 
Type domain.Alert is not enhanced.

[2025-05-06 17:45:54 #11 type] 
Type domain.Driver is not enhanced.

[2025-05-06 17:45:54 #12 type] 
Type domain.Car is not enhanced.

[2025-05-06 17:45:54 #13 type] 
Type domain.Assessment is not enhanced.

------------------------------------------------------------------------------------------------------------------------

[2025-05-06 17:50:27 #1 store] 
Database 'C:\Users\bynek\Desktop\UNI\Segundo\SI\Iterazioa3\Iterazioa3Workspace\Rides24\src\main\resources\rides.temp' is opened by 21448@ByNekox

[2025-05-06 17:50:28 #2 type] 
Type domain.User is not enhanced.

[2025-05-06 17:50:28 #3 type] 
Type domain.Admin is not enhanced.

[2025-05-06 17:50:28 #4 type] 
Type domain.Movement is not enhanced.

[2025-05-06 17:50:28 #5 type] 
Type domain.Reclamation is not enhanced.

[2025-05-06 17:50:28 #6 type] 
Type domain.Reservation is not enhanced.

[2025-05-06 17:50:28 #7 type] 
Type domain.Traveler is not enhanced.

[2025-05-06 17:50:28 #8 type] 
Type domain.Ride is not enhanced.

[2025-05-06 17:50:28 #9 type] 
Type domain.Alert is not enhanced.

[2025-05-06 17:50:28 #10 type] 
Type domain.Driver is not enhanced.

[2025-05-06 17:50:28 #11 type] 
Type domain.Car is not enhanced.

[2025-05-06 17:50:28 #12 type] 
Type domain.Assessment is not enhanced.

------------------------------------------------------------------------------------------------------------------------

[2025-05-06 17:51:24 #1 store] 
Database 'C:\Users\bynek\Desktop\UNI\Segundo\SI\Iterazioa3\Iterazioa3Workspace\Rides24\src\main\resources\rides.temp' is opened by 23576@ByNekox

[2025-05-06 17:51:24 #2 type] 
Type domain.User is not enhanced.

[2025-05-06 17:51:24 #3 type] 
Type domain.Admin is not enhanced.

[2025-05-06 17:51:24 #4 type] 
Type domain.Movement is not enhanced.

[2025-05-06 17:51:24 #5 type] 
Type domain.Reclamation is not enhanced.

[2025-05-06 17:51:24 #6 type] 
Type domain.Reservation is not enhanced.

[2025-05-06 17:51:24 #7 type] 
Type domain.Traveler is not enhanced.

[2025-05-06 17:51:24 #8 type] 
Type domain.Ride is not enhanced.

[2025-05-06 17:51:24 #9 type] 
Type domain.Alert is not enhanced.

[2025-05-06 17:51:24 #10 type] 
Type domain.Driver is not enhanced.

[2025-05-06 17:51:24 #11 type] 
Type domain.Car is not enhanced.

[2025-05-06 17:51:24 #12 type] 
Type domain.Assessment is not enhanced.

------------------------------------------------------------------------------------------------------------------------

[2025-05-06 17:52:57 #1 store] 
Database 'C:\Users\bynek\Desktop\UNI\Segundo\SI\Iterazioa3\Iterazioa3Workspace\Rides24\src\main\resources\rides.temp' has been recovered (tr. 31-32)

[2025-05-06 17:52:57 #2 store] 
Database 'C:\Users\bynek\Desktop\UNI\Segundo\SI\Iterazioa3\Iterazioa3Workspace\Rides24\src\main\resources\rides.temp' is opened by 14668@ByNekox

[2025-05-06 17:52:57 #3 type] 
Type domain.User is not enhanced.

[2025-05-06 17:52:57 #4 type] 
Type domain.Admin is not enhanced.

[2025-05-06 17:52:57 #5 type] 
Type domain.Movement is not enhanced.

[2025-05-06 17:52:57 #6 type] 
Type domain.Reclamation is not enhanced.

[2025-05-06 17:52:57 #7 type] 
Type domain.Reservation is not enhanced.

[2025-05-06 17:52:57 #8 type] 
Type domain.Traveler is not enhanced.

[2025-05-06 17:52:57 #9 type] 
Type domain.Ride is not enhanced.

[2025-05-06 17:52:57 #10 type] 
Type domain.Alert is not enhanced.

[2025-05-06 17:52:57 #11 type] 
Type domain.Driver is not enhanced.

[2025-05-06 17:52:57 #12 type] 
Type domain.Car is not enhanced.

[2025-05-06 17:52:57 #13 type] 
Type domain.Assessment is not enhanced.

------------------------------------------------------------------------------------------------------------------------

[2025-05-06 18:01:48 #1 store] 
Database 'C:\Users\bynek\Desktop\UNI\Segundo\SI\Iterazioa3\Iterazioa3Workspace\Rides24\src\main\resources\rides.temp' has been recovered (tr. 33-33)

[2025-05-06 18:01:48 #2 store] 
Database 'C:\Users\bynek\Desktop\UNI\Segundo\SI\Iterazioa3\Iterazioa3Workspace\Rides24\src\main\resources\rides.temp' is opened by 10140@ByNekox

[2025-05-06 18:01:48 #3 type] 
Type domain.User is not enhanced.

[2025-05-06 18:01:48 #4 type] 
Type domain.Admin is not enhanced.

[2025-05-06 18:01:48 #5 type] 
Type domain.Movement is not enhanced.

[2025-05-06 18:01:48 #6 type] 
Type domain.Reclamation is not enhanced.

[2025-05-06 18:01:48 #7 type] 
Type domain.Reservation is not enhanced.

[2025-05-06 18:01:48 #8 type] 
Type domain.Traveler is not enhanced.

[2025-05-06 18:01:48 #9 type] 
Type domain.Ride is not enhanced.

[2025-05-06 18:01:48 #10 type] 
Type domain.Alert is not enhanced.

[2025-05-06 18:01:48 #11 type] 
Type domain.Driver is not enhanced.

[2025-05-06 18:01:48 #12 type] 
Type domain.Car is not enhanced.

[2025-05-06 18:01:48 #13 type] 
Type domain.Assessment is not enhanced.

------------------------------------------------------------------------------------------------------------------------

[2025-05-06 18:04:50 #1 store] 
Database 'C:\Users\bynek\Desktop\UNI\Segundo\SI\Iterazioa3\Iterazioa3Workspace\Rides24\src\main\resources\rides.temp' has been recovered (tr. 34-34)

[2025-05-06 18:04:50 #2 store] 
Database 'C:\Users\bynek\Desktop\UNI\Segundo\SI\Iterazioa3\Iterazioa3Workspace\Rides24\src\main\resources\rides.temp' is opened by 24420@ByNekox

[2025-05-06 18:04:50 #3 type] 
Type domain.User is not enhanced.

[2025-05-06 18:04:50 #4 type] 
Type domain.Admin is not enhanced.

[2025-05-06 18:04:50 #5 type] 
Type domain.Movement is not enhanced.

[2025-05-06 18:04:51 #6 type] 
Type domain.Reclamation is not enhanced.

[2025-05-06 18:04:51 #7 type] 
Type domain.Reservation is not enhanced.

[2025-05-06 18:04:51 #8 type] 
Type domain.Traveler is not enhanced.

[2025-05-06 18:04:51 #9 type] 
Type domain.Ride is not enhanced.

[2025-05-06 18:04:51 #10 type] 
Type domain.Alert is not enhanced.

[2025-05-06 18:04:51 #11 type] 
Type domain.Driver is not enhanced.

[2025-05-06 18:04:51 #12 type] 
Type domain.Car is not enhanced.

[2025-05-06 18:04:51 #13 type] 
Type domain.Assessment is not enhanced.

------------------------------------------------------------------------------------------------------------------------

[2025-05-06 18:12:53 #1 store] 
Database 'C:\Users\bynek\Desktop\UNI\Segundo\SI\Iterazioa3\Iterazioa3Workspace\Rides24\src\main\resources\rides.temp' has been recovered (tr. 35-38)

[2025-05-06 18:12:53 #2 store] 
Database 'C:\Users\bynek\Desktop\UNI\Segundo\SI\Iterazioa3\Iterazioa3Workspace\Rides24\src\main\resources\rides.temp' is opened by 1952@ByNekox

[2025-05-06 18:12:53 #3 type] 
Type domain.User is not enhanced.

[2025-05-06 18:12:53 #4 type] 
Type domain.Admin is not enhanced.

[2025-05-06 18:12:53 #5 type] 
Type domain.Movement is not enhanced.

[2025-05-06 18:12:53 #6 type] 
Type domain.Reclamation is not enhanced.

[2025-05-06 18:12:53 #7 type] 
Type domain.Reservation is not enhanced.

[2025-05-06 18:12:53 #8 type] 
Type domain.Traveler is not enhanced.

[2025-05-06 18:12:53 #9 type] 
Type domain.Ride is not enhanced.

[2025-05-06 18:12:53 #10 type] 
Type domain.Alert is not enhanced.

[2025-05-06 18:12:53 #11 type] 
Type domain.Driver is not enhanced.

[2025-05-06 18:12:53 #12 type] 
Type domain.Car is not enhanced.

[2025-05-06 18:12:53 #13 type] 
Type domain.Assessment is not enhanced.

------------------------------------------------------------------------------------------------------------------------

[2025-05-06 18:16:51 #1 store] 
Database 'C:\Users\bynek\Desktop\UNI\Segundo\SI\Iterazioa3\Iterazioa3Workspace\Rides24\src\main\resources\rides.temp' has been recovered (tr. 39-40)

[2025-05-06 18:16:51 #2 store] 
Database 'C:\Users\bynek\Desktop\UNI\Segundo\SI\Iterazioa3\Iterazioa3Workspace\Rides24\src\main\resources\rides.temp' is opened by 16412@ByNekox

[2025-05-06 18:16:52 #3 type] 
Type domain.User is not enhanced.

[2025-05-06 18:16:52 #4 type] 
Type domain.Admin is not enhanced.

[2025-05-06 18:16:52 #5 type] 
Type domain.Movement is not enhanced.

[2025-05-06 18:16:52 #6 type] 
Type domain.Reclamation is not enhanced.

[2025-05-06 18:16:52 #7 type] 
Type domain.Reservation is not enhanced.

[2025-05-06 18:16:52 #8 type] 
Type domain.Traveler is not enhanced.

[2025-05-06 18:16:52 #9 type] 
Type domain.Ride is not enhanced.

[2025-05-06 18:16:52 #10 type] 
Type domain.Alert is not enhanced.

[2025-05-06 18:16:52 #11 type] 
Type domain.Driver is not enhanced.

[2025-05-06 18:16:52 #12 type] 
Type domain.Car is not enhanced.

[2025-05-06 18:16:52 #13 type] 
Type domain.Assessment is not enhanced.

------------------------------------------------------------------------------------------------------------------------

[2025-05-06 18:21:02 #1 store] 
Database 'C:\Users\bynek\Desktop\UNI\Segundo\SI\Iterazioa3\Iterazioa3Workspace\Rides24\src\main\resources\rides.temp' is opened by 17376@ByNekox

[2025-05-06 18:21:02 #2 type] 
Type domain.User is not enhanced.

[2025-05-06 18:21:02 #3 type] 
Type domain.Admin is not enhanced.

[2025-05-06 18:21:02 #4 type] 
Type domain.Movement is not enhanced.

[2025-05-06 18:21:02 #5 type] 
Type domain.Reclamation is not enhanced.

[2025-05-06 18:21:02 #6 type] 
Type domain.Reservation is not enhanced.

[2025-05-06 18:21:02 #7 type] 
Type domain.Traveler is not enhanced.

[2025-05-06 18:21:02 #8 type] 
Type domain.Ride is not enhanced.

[2025-05-06 18:21:02 #9 type] 
Type domain.Alert is not enhanced.

[2025-05-06 18:21:02 #10 type] 
Type domain.Driver is not enhanced.

[2025-05-06 18:21:02 #11 type] 
Type domain.Car is not enhanced.

[2025-05-06 18:21:02 #12 type] 
Type domain.Assessment is not enhanced.

------------------------------------------------------------------------------------------------------------------------

[2025-05-06 18:25:43 #1 store] 
Database 'C:\Users\bynek\Desktop\UNI\Segundo\SI\Iterazioa3\Iterazioa3Workspace\Rides24\src\main\resources\rides.temp' has been recovered (tr. 41-43)

[2025-05-06 18:25:43 #2 store] 
Database 'C:\Users\bynek\Desktop\UNI\Segundo\SI\Iterazioa3\Iterazioa3Workspace\Rides24\src\main\resources\rides.temp' is opened by 22928@ByNekox

[2025-05-06 18:25:43 #3 type] 
Type domain.User is not enhanced.

[2025-05-06 18:25:43 #4 type] 
Type domain.Admin is not enhanced.

[2025-05-06 18:25:43 #5 type] 
Type domain.Movement is not enhanced.

[2025-05-06 18:25:43 #6 type] 
Type domain.Reclamation is not enhanced.

[2025-05-06 18:25:43 #7 type] 
Type domain.Reservation is not enhanced.

[2025-05-06 18:25:43 #8 type] 
Type domain.Traveler is not enhanced.

[2025-05-06 18:25:43 #9 type] 
Type domain.Ride is not enhanced.

[2025-05-06 18:25:43 #10 type] 
Type domain.Alert is not enhanced.

[2025-05-06 18:25:43 #11 type] 
Type domain.Driver is not enhanced.

[2025-05-06 18:25:43 #12 type] 
Type domain.Car is not enhanced.

[2025-05-06 18:25:43 #13 type] 
Type domain.Assessment is not enhanced.

------------------------------------------------------------------------------------------------------------------------

[2025-05-06 18:27:33 #1 store] 
Database 'C:\Users\bynek\Desktop\UNI\Segundo\SI\Iterazioa3\Iterazioa3Workspace\Rides24\src\main\resources\rides.temp' has been recovered (tr. 44-45)

[2025-05-06 18:27:33 #2 store] 
Database 'C:\Users\bynek\Desktop\UNI\Segundo\SI\Iterazioa3\Iterazioa3Workspace\Rides24\src\main\resources\rides.temp' is opened by 16552@ByNekox

[2025-05-06 18:27:33 #3 type] 
Type domain.User is not enhanced.

[2025-05-06 18:27:33 #4 type] 
Type domain.Admin is not enhanced.

[2025-05-06 18:27:33 #5 type] 
Type domain.Movement is not enhanced.

[2025-05-06 18:27:33 #6 type] 
Type domain.Reclamation is not enhanced.

[2025-05-06 18:27:33 #7 type] 
Type domain.Reservation is not enhanced.

[2025-05-06 18:27:33 #8 type] 
Type domain.Traveler is not enhanced.

[2025-05-06 18:27:33 #9 type] 
Type domain.Ride is not enhanced.

[2025-05-06 18:27:33 #10 type] 
Type domain.Alert is not enhanced.

[2025-05-06 18:27:33 #11 type] 
Type domain.Driver is not enhanced.

[2025-05-06 18:27:33 #12 type] 
Type domain.Car is not enhanced.

[2025-05-06 18:27:33 #13 type] 
Type domain.Assessment is not enhanced.

------------------------------------------------------------------------------------------------------------------------

[2025-05-06 18:29:04 #1 store] 
Database 'C:\Users\bynek\Desktop\UNI\Segundo\SI\Iterazioa3\Iterazioa3Workspace\Rides24\src\main\resources\rides.temp' has been recovered (tr. 46-47)

[2025-05-06 18:29:04 #2 store] 
Database 'C:\Users\bynek\Desktop\UNI\Segundo\SI\Iterazioa3\Iterazioa3Workspace\Rides24\src\main\resources\rides.temp' is opened by 7808@ByNekox

[2025-05-06 18:29:05 #3 type] 
Type domain.User is not enhanced.

[2025-05-06 18:29:05 #4 type] 
Type domain.Admin is not enhanced.

[2025-05-06 18:29:05 #5 type] 
Type domain.Movement is not enhanced.

[2025-05-06 18:29:05 #6 type] 
Type domain.Reclamation is not enhanced.

[2025-05-06 18:29:05 #7 type] 
Type domain.Reservation is not enhanced.

[2025-05-06 18:29:05 #8 type] 
Type domain.Traveler is not enhanced.

[2025-05-06 18:29:05 #9 type] 
Type domain.Ride is not enhanced.

[2025-05-06 18:29:05 #10 type] 
Type domain.Alert is not enhanced.

[2025-05-06 18:29:05 #11 type] 
Type domain.Driver is not enhanced.

[2025-05-06 18:29:05 #12 type] 
Type domain.Car is not enhanced.

[2025-05-06 18:29:05 #13 type] 
Type domain.Assessment is not enhanced.

------------------------------------------------------------------------------------------------------------------------

[2025-05-06 18:29:47 #1 store] 
Database 'C:\Users\bynek\Desktop\UNI\Segundo\SI\Iterazioa3\Iterazioa3Workspace\Rides24\src\main\resources\rides.temp' has been recovered (tr. 48-48)

[2025-05-06 18:29:47 #2 store] 
Database 'C:\Users\bynek\Desktop\UNI\Segundo\SI\Iterazioa3\Iterazioa3Workspace\Rides24\src\main\resources\rides.temp' is opened by 9392@ByNekox

[2025-05-06 18:29:48 #3 type] 
Type domain.User is not enhanced.

[2025-05-06 18:29:48 #4 type] 
Type domain.Admin is not enhanced.

[2025-05-06 18:29:48 #5 type] 
Type domain.Movement is not enhanced.

[2025-05-06 18:29:48 #6 type] 
Type domain.Reclamation is not enhanced.

[2025-05-06 18:29:48 #7 type] 
Type domain.Reservation is not enhanced.

[2025-05-06 18:29:48 #8 type] 
Type domain.Traveler is not enhanced.

[2025-05-06 18:29:48 #9 type] 
Type domain.Ride is not enhanced.

[2025-05-06 18:29:48 #10 type] 
Type domain.Alert is not enhanced.

[2025-05-06 18:29:48 #11 type] 
Type domain.Driver is not enhanced.

[2025-05-06 18:29:48 #12 type] 
Type domain.Car is not enhanced.

[2025-05-06 18:29:48 #13 type] 
Type domain.Assessment is not enhanced.

------------------------------------------------------------------------------------------------------------------------

[2025-05-06 19:11:32 #1 store] 
Database 'C:\Users\bynek\Desktop\UNI\Segundo\SI\Iterazioa3\Iterazioa3Workspace\Rides24\src\main\resources\rides.temp' is opened by 26076@ByNekox

[2025-05-06 19:11:33 #2 type.registry] 
New type domain.User

[2025-05-06 19:11:33 #3 type.registry] 
New type domain.Admin

[2025-05-06 19:11:33 #4 type] 
Type domain.User is not enhanced.

[2025-05-06 19:11:33 #5 type.registry] 
New type domain.Movement

[2025-05-06 19:11:33 #6 type] 
Type domain.Admin is not enhanced.

[2025-05-06 19:11:33 #7 type.registry] 
New type domain.Reclamation

[2025-05-06 19:11:33 #8 type] 
Type domain.Movement is not enhanced.

[2025-05-06 19:11:33 #9 type] 
Type domain.Reclamation is not enhanced.

[2025-05-06 19:11:33 #10 type.registry] 
New type domain.Reservation

[2025-05-06 19:11:33 #11 type.registry] 
New type domain.Traveler

[2025-05-06 19:11:33 #12 type] 
Type domain.Reservation is not enhanced.

[2025-05-06 19:11:33 #13 type.registry] 
New type domain.Ride

[2025-05-06 19:11:33 #14 type] 
Type domain.Traveler is not enhanced.

[2025-05-06 19:11:33 #15 type.registry] 
New type domain.Alert

[2025-05-06 19:11:33 #16 type] 
Type domain.Ride is not enhanced.

[2025-05-06 19:11:33 #17 type.registry] 
New type domain.Driver

[2025-05-06 19:11:33 #18 type.registry] 
New type domain.Car

[2025-05-06 19:11:33 #19 type] 
Type domain.Alert is not enhanced.

[2025-05-06 19:11:33 #20 type] 
Type domain.Driver is not enhanced.

[2025-05-06 19:11:33 #21 type.registry] 
New type domain.Assessment

[2025-05-06 19:11:33 #22 type] 
Type domain.Car is not enhanced.

[2025-05-06 19:11:33 #23 type] 
Type domain.Assessment is not enhanced.

[2025-05-06 19:11:33 #24 type.registry] 
New type java.util.Vector<java.lang.Object>

[2025-05-06 19:11:33 #25 type.registry] 
New type java.util.Vector<domain.Reservation>

[2025-05-06 19:11:33 #26 type.registry] 
New type java.util.Vector<domain.Movement>

[2025-05-06 19:11:33 #27 type.registry] 
New type java.util.Vector<domain.Reclamation>

[2025-05-06 19:11:33 #28 type.registry] 
New type java.util.Vector<domain.Ride>

[2025-05-06 19:11:33 #29 type.registry] 
New type java.util.Vector<domain.Car>

[2025-05-06 19:11:33 #30 type.registry] 
New type java.util.Vector<domain.Assessment>

[2025-05-06 19:11:33 #31 type.registry] 
New type java.util.Vector<domain.Alert>

