------------------------------------------------------------------------------------------------------------------------

[2025-02-26 16:23:27 #1 store] 
Database 'C:\Users\bynek\git\Rides241\src\main\resources\rides.temp' has been recovered (tr. 26-27)

[2025-02-26 16:23:27 #2 store] 
Database 'C:\Users\bynek\git\Rides241\src\main\resources\rides.temp' is opened by 53476@ByNekox

[2025-02-26 16:23:27 #3 type] 
Type domain.User is not enhanced.

[2025-02-26 16:23:27 #4 type] 
Type domain.Driver is not enhanced.

[2025-02-26 16:23:27 #5 type] 
Type domain.Ride is not enhanced.

[2025-02-26 16:23:27 #6 type] 
Type domain.Reservation is not enhanced.

[2025-02-26 16:23:27 #7 type] 
Type domain.Traveler is not enhanced.

------------------------------------------------------------------------------------------------------------------------

[2025-02-26 16:23:55 #1 store] 
Database 'C:\Users\bynek\git\Rides241\src\main\resources\rides.temp' has been recovered (tr. 28-28)

[2025-02-26 16:23:56 #2 store] 
Database 'C:\Users\bynek\git\Rides241\src\main\resources\rides.temp' is opened by 42208@ByNekox

[2025-02-26 16:23:56 #3 type] 
Type domain.User is not enhanced.

[2025-02-26 16:23:56 #4 type] 
Type domain.Driver is not enhanced.

[2025-02-26 16:23:56 #5 type] 
Type domain.Ride is not enhanced.

[2025-02-26 16:23:56 #6 type] 
Type domain.Reservation is not enhanced.

[2025-02-26 16:23:56 #7 type] 
Type domain.Traveler is not enhanced.

------------------------------------------------------------------------------------------------------------------------

[2025-02-26 16:24:47 #1 store] 
Database 'C:\Users\bynek\git\Rides241\src\main\resources\rides.temp' has been recovered (tr. 29-30)

[2025-02-26 16:24:47 #2 store] 
Database 'C:\Users\bynek\git\Rides241\src\main\resources\rides.temp' is opened by 32060@ByNekox

[2025-02-26 16:24:47 #3 type] 
Type domain.User is not enhanced.

[2025-02-26 16:24:47 #4 type] 
Type domain.Driver is not enhanced.

[2025-02-26 16:24:47 #5 type] 
Type domain.Ride is not enhanced.

[2025-02-26 16:24:47 #6 type] 
Type domain.Reservation is not enhanced.

[2025-02-26 16:24:47 #7 type] 
Type domain.Traveler is not enhanced.

------------------------------------------------------------------------------------------------------------------------

[2025-02-26 16:25:08 #1 store] 
Database 'C:\Users\bynek\git\Rides241\src\main\resources\rides.temp' has been recovered (tr. 31-31)

[2025-02-26 16:25:08 #2 store] 
Database 'C:\Users\bynek\git\Rides241\src\main\resources\rides.temp' is opened by 63060@ByNekox

[2025-02-26 16:25:09 #3 type] 
Type domain.User is not enhanced.

[2025-02-26 16:25:09 #4 type] 
Type domain.Driver is not enhanced.

[2025-02-26 16:25:09 #5 type] 
Type domain.Ride is not enhanced.

[2025-02-26 16:25:09 #6 type] 
Type domain.Reservation is not enhanced.

[2025-02-26 16:25:09 #7 type] 
Type domain.Traveler is not enhanced.

