------------------------------------------------------------------------------------------------------------------------

[2025-02-13 09:56:46 #1 store] 
Database 'C:\Users\bynek\git\Rides241\src\main\resources\rides.temp' is opened by 13248@ByNekox

[2025-02-13 09:56:47 #2 type.registry] 
New type domain.User

[2025-02-13 09:56:47 #3 type.registry] 
New type domain.Driver

[2025-02-13 09:56:47 #4 type] 
Type domain.User is not enhanced.

[2025-02-13 09:56:47 #5 type.registry] 
New type domain.Ride

[2025-02-13 09:56:47 #6 type] 
Type domain.Driver is not enhanced.

[2025-02-13 09:56:47 #7 type] 
Type domain.Ride is not enhanced.

[2025-02-13 09:56:47 #8 type.registry] 
New type java.util.Vector<java.lang.Object>

[2025-02-13 09:56:47 #9 type.registry] 
New type java.util.Vector<domain.Ride>

------------------------------------------------------------------------------------------------------------------------

[2025-02-13 10:05:39 #1 store] 
Database 'C:\Users\bynek\git\Rides241\src\main\resources\rides.temp' is opened by 7864@ByNekox

[2025-02-13 10:05:39 #2 type.registry] 
New type domain.User

[2025-02-13 10:05:39 #3 type.registry] 
New type domain.Driver

[2025-02-13 10:05:39 #4 type] 
Type domain.User is not enhanced.

[2025-02-13 10:05:39 #5 type.registry] 
New type domain.Ride

[2025-02-13 10:05:39 #6 type] 
Type domain.Driver is not enhanced.

[2025-02-13 10:05:39 #7 type] 
Type domain.Ride is not enhanced.

[2025-02-13 10:05:39 #8 type.registry] 
New type java.util.Vector<java.lang.Object>

[2025-02-13 10:05:39 #9 type.registry] 
New type java.util.Vector<domain.Ride>

------------------------------------------------------------------------------------------------------------------------

[2025-02-13 10:10:01 #1 store] 
Database 'C:\Users\bynek\git\Rides241\src\main\resources\rides.temp' is opened by 30716@ByNekox

[2025-02-13 10:10:01 #2 type.registry] 
New type domain.User

[2025-02-13 10:10:01 #3 type.registry] 
New type domain.Driver

[2025-02-13 10:10:01 #4 type] 
Type domain.User is not enhanced.

[2025-02-13 10:10:01 #5 type.registry] 
New type domain.Ride

[2025-02-13 10:10:01 #6 type] 
Type domain.Driver is not enhanced.

[2025-02-13 10:10:01 #7 type] 
Type domain.Ride is not enhanced.

[2025-02-13 10:10:01 #8 type.registry] 
New type java.util.Vector<java.lang.Object>

[2025-02-13 10:10:01 #9 type.registry] 
New type java.util.Vector<domain.Ride>

------------------------------------------------------------------------------------------------------------------------

[2025-02-13 10:10:51 #1 store] 
Database 'C:\Users\bynek\git\Rides241\src\main\resources\rides.temp' is opened by 25192@ByNekox

[2025-02-13 10:10:52 #2 type.registry] 
New type domain.User

[2025-02-13 10:10:52 #3 type.registry] 
New type domain.Driver

[2025-02-13 10:10:52 #4 type] 
Type domain.User is not enhanced.

[2025-02-13 10:10:52 #5 type.registry] 
New type domain.Ride

[2025-02-13 10:10:52 #6 type] 
Type domain.Driver is not enhanced.

[2025-02-13 10:10:52 #7 type] 
Type domain.Ride is not enhanced.

[2025-02-13 10:10:52 #8 type.registry] 
New type java.util.Vector<java.lang.Object>

[2025-02-13 10:10:52 #9 type.registry] 
New type java.util.Vector<domain.Ride>

------------------------------------------------------------------------------------------------------------------------

[2025-02-13 10:11:56 #1 store] 
Database 'C:\Users\bynek\git\Rides241\src\main\resources\rides.temp' is opened by 3604@ByNekox

[2025-02-13 10:11:57 #2 type.registry] 
New type domain.User

[2025-02-13 10:11:57 #3 type.registry] 
New type domain.Driver

[2025-02-13 10:11:57 #4 type] 
Type domain.User is not enhanced.

[2025-02-13 10:11:57 #5 type.registry] 
New type domain.Ride

[2025-02-13 10:11:57 #6 type] 
Type domain.Driver is not enhanced.

[2025-02-13 10:11:57 #7 type] 
Type domain.Ride is not enhanced.

[2025-02-13 10:11:57 #8 type.registry] 
New type java.util.Vector<java.lang.Object>

[2025-02-13 10:11:57 #9 type.registry] 
New type java.util.Vector<domain.Ride>

------------------------------------------------------------------------------------------------------------------------

[2025-02-13 10:19:55 #1 store] 
Database 'C:\Users\bynek\git\Rides241\src\main\resources\rides.temp' is opened by 29724@ByNekox

[2025-02-13 10:19:55 #2 type.registry] 
New type domain.User

[2025-02-13 10:19:55 #3 type.registry] 
New type domain.Driver

[2025-02-13 10:19:55 #4 type] 
Type domain.User is not enhanced.

[2025-02-13 10:19:55 #5 type.registry] 
New type domain.Ride

[2025-02-13 10:19:55 #6 type] 
Type domain.Driver is not enhanced.

[2025-02-13 10:19:55 #7 type] 
Type domain.Ride is not enhanced.

[2025-02-13 10:19:55 #8 type.registry] 
New type java.util.Vector<java.lang.Object>

[2025-02-13 10:19:55 #9 type.registry] 
New type java.util.Vector<domain.Ride>

