------------------------------------------------------------------------------------------------------------------------

[2025-02-21 10:34:47 #1 store] 
Database 'C:\Users\bynek\git\Rides241\src\main\resources\rides.temp' is opened by 26720@ByNekox

[2025-02-21 10:34:47 #2 type.registry] 
New type domain.User

[2025-02-21 10:34:47 #3 type.registry] 
New type domain.Driver

[2025-02-21 10:34:47 #4 type] 
Type domain.User is not enhanced.

[2025-02-21 10:34:47 #5 type.registry] 
New type domain.Ride

[2025-02-21 10:34:47 #6 type] 
Type domain.Driver is not enhanced.

[2025-02-21 10:34:47 #7 type] 
Type domain.Ride is not enhanced.

[2025-02-21 10:34:47 #8 type.registry] 
New type domain.Traveler

[2025-02-21 10:34:47 #9 type] 
Type domain.Traveler is not enhanced.

[2025-02-21 10:34:47 #10 type.registry] 
New type java.util.Vector<java.lang.Object>

[2025-02-21 10:34:47 #11 type.registry] 
New type java.util.Vector<domain.Ride>

------------------------------------------------------------------------------------------------------------------------

[2025-02-21 10:38:47 #1 store] 
Database 'C:\Users\bynek\git\Rides241\src\main\resources\rides.temp' is opened by 36120@ByNekox

[2025-02-21 10:38:48 #2 type.registry] 
New type domain.User

[2025-02-21 10:38:48 #3 type.registry] 
New type domain.Driver

[2025-02-21 10:38:48 #4 type] 
Type domain.User is not enhanced.

[2025-02-21 10:38:48 #5 type.registry] 
New type domain.Ride

[2025-02-21 10:38:48 #6 type] 
Type domain.Driver is not enhanced.

[2025-02-21 10:38:48 #7 type] 
Type domain.Ride is not enhanced.

[2025-02-21 10:38:48 #8 type.registry] 
New type domain.Traveler

[2025-02-21 10:38:48 #9 type] 
Type domain.Traveler is not enhanced.

[2025-02-21 10:38:48 #10 type.registry] 
New type java.util.Vector<java.lang.Object>

[2025-02-21 10:38:48 #11 type.registry] 
New type java.util.Vector<domain.Ride>

------------------------------------------------------------------------------------------------------------------------

[2025-02-21 10:39:47 #1 store] 
Database 'C:\Users\bynek\git\Rides241\src\main\resources\rides.temp' is opened by 39016@ByNekox

[2025-02-21 10:39:47 #2 type.registry] 
New type domain.User

[2025-02-21 10:39:47 #3 type.registry] 
New type domain.Driver

[2025-02-21 10:39:47 #4 type] 
Type domain.User is not enhanced.

[2025-02-21 10:39:47 #5 type.registry] 
New type domain.Ride

[2025-02-21 10:39:47 #6 type] 
Type domain.Driver is not enhanced.

[2025-02-21 10:39:47 #7 type] 
Type domain.Ride is not enhanced.

[2025-02-21 10:39:47 #8 type.registry] 
New type domain.Traveler

[2025-02-21 10:39:47 #9 type] 
Type domain.Traveler is not enhanced.

[2025-02-21 10:39:47 #10 type.registry] 
New type java.util.Vector<java.lang.Object>

[2025-02-21 10:39:47 #11 type.registry] 
New type java.util.Vector<domain.Ride>

------------------------------------------------------------------------------------------------------------------------

[2025-02-21 10:40:09 #1 store] 
Database 'C:\Users\bynek\git\Rides241\src\main\resources\rides.temp' is opened by 32588@ByNekox

[2025-02-21 10:40:10 #2 type.registry] 
New type domain.User

[2025-02-21 10:40:10 #3 type.registry] 
New type domain.Driver

[2025-02-21 10:40:10 #4 type] 
Type domain.User is not enhanced.

[2025-02-21 10:40:10 #5 type.registry] 
New type domain.Ride

[2025-02-21 10:40:10 #6 type] 
Type domain.Driver is not enhanced.

[2025-02-21 10:40:10 #7 type] 
Type domain.Ride is not enhanced.

[2025-02-21 10:40:10 #8 type.registry] 
New type domain.Traveler

[2025-02-21 10:40:10 #9 type] 
Type domain.Traveler is not enhanced.

[2025-02-21 10:40:10 #10 type.registry] 
New type java.util.Vector<java.lang.Object>

[2025-02-21 10:40:10 #11 type.registry] 
New type java.util.Vector<domain.Ride>

------------------------------------------------------------------------------------------------------------------------

[2025-02-21 10:41:19 #1 store] 
Database 'C:\Users\bynek\git\Rides241\src\main\resources\rides.temp' is opened by 38420@ByNekox

[2025-02-21 10:41:20 #2 type.registry] 
New type domain.User

[2025-02-21 10:41:20 #3 type.registry] 
New type domain.Driver

[2025-02-21 10:41:20 #4 type] 
Type domain.User is not enhanced.

[2025-02-21 10:41:20 #5 type.registry] 
New type domain.Ride

[2025-02-21 10:41:20 #6 type] 
Type domain.Driver is not enhanced.

[2025-02-21 10:41:20 #7 type] 
Type domain.Ride is not enhanced.

[2025-02-21 10:41:20 #8 type.registry] 
New type domain.Traveler

[2025-02-21 10:41:20 #9 type] 
Type domain.Traveler is not enhanced.

[2025-02-21 10:41:20 #10 type.registry] 
New type java.util.Vector<java.lang.Object>

[2025-02-21 10:41:20 #11 type.registry] 
New type java.util.Vector<domain.Ride>

------------------------------------------------------------------------------------------------------------------------

[2025-02-21 10:54:31 #1 store] 
Database 'C:\Users\bynek\git\Rides241\src\main\resources\rides.temp' is opened by 32852@ByNekox

[2025-02-21 10:54:31 #2 type.registry] 
New type domain.User

[2025-02-21 10:54:31 #3 type.registry] 
New type domain.Driver

[2025-02-21 10:54:31 #4 type] 
Type domain.User is not enhanced.

[2025-02-21 10:54:31 #5 type.registry] 
New type domain.Ride

[2025-02-21 10:54:31 #6 type] 
Type domain.Driver is not enhanced.

[2025-02-21 10:54:31 #7 type] 
Type domain.Ride is not enhanced.

[2025-02-21 10:54:31 #8 type.registry] 
New type domain.Traveler

[2025-02-21 10:54:31 #9 type] 
Type domain.Traveler is not enhanced.

[2025-02-21 10:54:31 #10 type.registry] 
New type java.util.Vector<java.lang.Object>

[2025-02-21 10:54:31 #11 type.registry] 
New type java.util.Vector<domain.Ride>

------------------------------------------------------------------------------------------------------------------------

[2025-02-21 10:59:00 #1 store] 
Database 'C:\Users\bynek\git\Rides241\src\main\resources\rides.temp' is opened by 13132@ByNekox

[2025-02-21 10:59:00 #2 type.registry] 
New type domain.User

[2025-02-21 10:59:00 #3 type.registry] 
New type domain.Driver

[2025-02-21 10:59:00 #4 type] 
Type domain.User is not enhanced.

[2025-02-21 10:59:00 #5 type.registry] 
New type domain.Ride

[2025-02-21 10:59:00 #6 type] 
Type domain.Driver is not enhanced.

[2025-02-21 10:59:00 #7 type] 
Type domain.Ride is not enhanced.

[2025-02-21 10:59:00 #8 type.registry] 
New type domain.Traveler

[2025-02-21 10:59:00 #9 type] 
Type domain.Traveler is not enhanced.

[2025-02-21 10:59:00 #10 type.registry] 
New type java.util.Vector<java.lang.Object>

[2025-02-21 10:59:00 #11 type.registry] 
New type java.util.Vector<domain.Ride>

------------------------------------------------------------------------------------------------------------------------

[2025-02-21 10:59:06 #1 store] 
Database 'C:\Users\bynek\git\Rides241\src\main\resources\rides.temp' is opened by 23836@ByNekox

[2025-02-21 10:59:06 #2 type.registry] 
New type domain.User

[2025-02-21 10:59:06 #3 type.registry] 
New type domain.Driver

[2025-02-21 10:59:06 #4 type] 
Type domain.User is not enhanced.

[2025-02-21 10:59:06 #5 type.registry] 
New type domain.Ride

[2025-02-21 10:59:06 #6 type] 
Type domain.Driver is not enhanced.

[2025-02-21 10:59:06 #7 type] 
Type domain.Ride is not enhanced.

[2025-02-21 10:59:06 #8 type.registry] 
New type domain.Traveler

[2025-02-21 10:59:06 #9 type] 
Type domain.Traveler is not enhanced.

[2025-02-21 10:59:06 #10 type.registry] 
New type java.util.Vector<java.lang.Object>

[2025-02-21 10:59:06 #11 type.registry] 
New type java.util.Vector<domain.Ride>

------------------------------------------------------------------------------------------------------------------------

[2025-02-21 11:07:21 #1 store] 
Database 'C:\Users\bynek\git\Rides241\src\main\resources\rides.temp' is opened by 18184@ByNekox

[2025-02-21 11:07:21 #2 type.registry] 
New type domain.User

[2025-02-21 11:07:21 #3 type.registry] 
New type domain.Driver

[2025-02-21 11:07:21 #4 type] 
Type domain.User is not enhanced.

[2025-02-21 11:07:21 #5 type.registry] 
New type domain.Ride

[2025-02-21 11:07:21 #6 type] 
Type domain.Driver is not enhanced.

[2025-02-21 11:07:21 #7 type] 
Type domain.Ride is not enhanced.

[2025-02-21 11:07:21 #8 type.registry] 
New type domain.Traveler

[2025-02-21 11:07:21 #9 type] 
Type domain.Traveler is not enhanced.

[2025-02-21 11:07:21 #10 type.registry] 
New type java.util.Vector<java.lang.Object>

[2025-02-21 11:07:21 #11 type.registry] 
New type java.util.Vector<domain.Ride>

------------------------------------------------------------------------------------------------------------------------

[2025-02-21 11:07:31 #1 store] 
Database 'C:\Users\bynek\git\Rides241\src\main\resources\rides.temp' is opened by 34088@ByNekox

[2025-02-21 11:07:31 #2 type.registry] 
New type domain.User

[2025-02-21 11:07:31 #3 type.registry] 
New type domain.Driver

[2025-02-21 11:07:31 #4 type] 
Type domain.User is not enhanced.

[2025-02-21 11:07:31 #5 type.registry] 
New type domain.Ride

[2025-02-21 11:07:31 #6 type] 
Type domain.Driver is not enhanced.

[2025-02-21 11:07:31 #7 type] 
Type domain.Ride is not enhanced.

[2025-02-21 11:07:31 #8 type.registry] 
New type domain.Traveler

[2025-02-21 11:07:31 #9 type] 
Type domain.Traveler is not enhanced.

[2025-02-21 11:07:31 #10 type.registry] 
New type java.util.Vector<java.lang.Object>

[2025-02-21 11:07:31 #11 type.registry] 
New type java.util.Vector<domain.Ride>

------------------------------------------------------------------------------------------------------------------------

[2025-02-21 11:08:53 #1 store] 
Database 'C:\Users\bynek\git\Rides241\src\main\resources\rides.temp' is opened by 6048@ByNekox

[2025-02-21 11:08:53 #2 type.registry] 
New type domain.User

[2025-02-21 11:08:53 #3 type.registry] 
New type domain.Driver

[2025-02-21 11:08:53 #4 type] 
Type domain.User is not enhanced.

[2025-02-21 11:08:53 #5 type.registry] 
New type domain.Ride

[2025-02-21 11:08:53 #6 type] 
Type domain.Driver is not enhanced.

[2025-02-21 11:08:53 #7 type] 
Type domain.Ride is not enhanced.

[2025-02-21 11:08:54 #8 type.registry] 
New type domain.Traveler

[2025-02-21 11:08:54 #9 type] 
Type domain.Traveler is not enhanced.

[2025-02-21 11:08:54 #10 type.registry] 
New type java.util.Vector<java.lang.Object>

[2025-02-21 11:08:54 #11 type.registry] 
New type java.util.Vector<domain.Ride>

------------------------------------------------------------------------------------------------------------------------

[2025-02-21 11:09:15 #1 store] 
Database 'C:\Users\bynek\git\Rides241\src\main\resources\rides.temp' is opened by 5712@ByNekox

[2025-02-21 11:09:16 #2 type.registry] 
New type domain.User

[2025-02-21 11:09:16 #3 type.registry] 
New type domain.Driver

[2025-02-21 11:09:16 #4 type] 
Type domain.User is not enhanced.

[2025-02-21 11:09:16 #5 type.registry] 
New type domain.Ride

[2025-02-21 11:09:16 #6 type] 
Type domain.Driver is not enhanced.

[2025-02-21 11:09:16 #7 type] 
Type domain.Ride is not enhanced.

[2025-02-21 11:09:16 #8 type.registry] 
New type domain.Traveler

[2025-02-21 11:09:16 #9 type] 
Type domain.Traveler is not enhanced.

[2025-02-21 11:09:16 #10 type.registry] 
New type java.util.Vector<java.lang.Object>

[2025-02-21 11:09:16 #11 type.registry] 
New type java.util.Vector<domain.Ride>

------------------------------------------------------------------------------------------------------------------------

[2025-02-21 11:33:17 #1 store] 
Database 'C:\Users\bynek\git\Rides241\src\main\resources\rides.temp' is opened by 28348@ByNekox

[2025-02-21 11:33:17 #2 type.registry] 
New type domain.User

[2025-02-21 11:33:17 #3 type.registry] 
New type domain.Driver

[2025-02-21 11:33:17 #4 type] 
Type domain.User is not enhanced.

[2025-02-21 11:33:17 #5 type.registry] 
New type domain.Ride

[2025-02-21 11:33:17 #6 type] 
Type domain.Driver is not enhanced.

[2025-02-21 11:33:17 #7 type] 
Type domain.Ride is not enhanced.

[2025-02-21 11:33:17 #8 type.registry] 
New type domain.Traveler

[2025-02-21 11:33:17 #9 type] 
Type domain.Traveler is not enhanced.

[2025-02-21 11:33:17 #10 type.registry] 
New type java.util.Vector<java.lang.Object>

[2025-02-21 11:33:17 #11 type.registry] 
New type java.util.Vector<domain.Ride>

------------------------------------------------------------------------------------------------------------------------

[2025-02-21 11:51:33 #1 store] 
Database 'C:\Users\bynek\git\Rides241\src\main\resources\rides.temp' is opened by 38876@ByNekox

[2025-02-21 11:51:34 #2 type.registry] 
New type domain.User

[2025-02-21 11:51:34 #3 type.registry] 
New type domain.Driver

[2025-02-21 11:51:34 #4 type] 
Type domain.User is not enhanced.

[2025-02-21 11:51:34 #5 type.registry] 
New type domain.Ride

[2025-02-21 11:51:34 #6 type] 
Type domain.Driver is not enhanced.

[2025-02-21 11:51:34 #7 type] 
Type domain.Ride is not enhanced.

[2025-02-21 11:51:34 #8 type.registry] 
New type domain.Traveler

[2025-02-21 11:51:34 #9 type] 
Type domain.Traveler is not enhanced.

[2025-02-21 11:51:34 #10 type.registry] 
New type java.util.Vector<java.lang.Object>

[2025-02-21 11:51:34 #11 type.registry] 
New type java.util.Vector<domain.Ride>

------------------------------------------------------------------------------------------------------------------------

[2025-02-21 14:29:24 #1 store] 
Database 'C:\Users\bynek\git\Rides241\src\main\resources\rides.temp' is opened by 5788@ByNekox

[2025-02-21 14:29:24 #2 type.registry] 
New type domain.User

[2025-02-21 14:29:24 #3 type.registry] 
New type domain.Driver

[2025-02-21 14:29:24 #4 type] 
Type domain.User is not enhanced.

[2025-02-21 14:29:24 #5 type.registry] 
New type domain.Ride

[2025-02-21 14:29:24 #6 type] 
Type domain.Driver is not enhanced.

[2025-02-21 14:29:24 #7 type] 
Type domain.Ride is not enhanced.

[2025-02-21 14:29:24 #8 type.registry] 
New type domain.Traveler

[2025-02-21 14:29:24 #9 type] 
Type domain.Traveler is not enhanced.

[2025-02-21 14:29:24 #10 type.registry] 
New type java.util.Vector<java.lang.Object>

[2025-02-21 14:29:24 #11 type.registry] 
New type java.util.Vector<domain.Ride>

------------------------------------------------------------------------------------------------------------------------

[2025-02-21 14:33:43 #1 store] 
Database 'C:\Users\bynek\git\Rides241\src\main\resources\rides.temp' is opened by 24124@ByNekox

[2025-02-21 14:33:43 #2 type.registry] 
New type domain.User

[2025-02-21 14:33:43 #3 type.registry] 
New type domain.Driver

[2025-02-21 14:33:43 #4 type] 
Type domain.User is not enhanced.

[2025-02-21 14:33:43 #5 type.registry] 
New type domain.Ride

[2025-02-21 14:33:43 #6 type] 
Type domain.Driver is not enhanced.

[2025-02-21 14:33:43 #7 type] 
Type domain.Ride is not enhanced.

[2025-02-21 14:33:43 #8 type.registry] 
New type domain.Traveler

[2025-02-21 14:33:43 #9 type] 
Type domain.Traveler is not enhanced.

[2025-02-21 14:33:43 #10 type.registry] 
New type java.util.Vector<java.lang.Object>

[2025-02-21 14:33:43 #11 type.registry] 
New type java.util.Vector<domain.Ride>

------------------------------------------------------------------------------------------------------------------------

[2025-02-21 14:35:08 #1 store] 
Database 'C:\Users\bynek\git\Rides241\src\main\resources\rides.temp' is opened by 20072@ByNekox

[2025-02-21 14:35:09 #2 type.registry] 
New type domain.User

[2025-02-21 14:35:09 #3 type.registry] 
New type domain.Driver

[2025-02-21 14:35:09 #4 type] 
Type domain.User is not enhanced.

[2025-02-21 14:35:09 #5 type.registry] 
New type domain.Ride

[2025-02-21 14:35:09 #6 type] 
Type domain.Driver is not enhanced.

[2025-02-21 14:35:09 #7 type] 
Type domain.Ride is not enhanced.

[2025-02-21 14:35:09 #8 type.registry] 
New type domain.Traveler

[2025-02-21 14:35:09 #9 type] 
Type domain.Traveler is not enhanced.

[2025-02-21 14:35:09 #10 type.registry] 
New type java.util.Vector<java.lang.Object>

[2025-02-21 14:35:09 #11 type.registry] 
New type java.util.Vector<domain.Ride>

------------------------------------------------------------------------------------------------------------------------

[2025-02-21 14:37:33 #1 store] 
Database 'C:\Users\bynek\git\Rides241\src\main\resources\rides.temp' is opened by 22040@ByNekox

[2025-02-21 14:37:33 #2 type.registry] 
New type domain.User

[2025-02-21 14:37:33 #3 type.registry] 
New type domain.Driver

[2025-02-21 14:37:33 #4 type] 
Type domain.User is not enhanced.

[2025-02-21 14:37:33 #5 type.registry] 
New type domain.Ride

[2025-02-21 14:37:34 #6 type] 
Type domain.Driver is not enhanced.

[2025-02-21 14:37:34 #7 type] 
Type domain.Ride is not enhanced.

[2025-02-21 14:37:34 #8 type.registry] 
New type domain.Traveler

[2025-02-21 14:37:34 #9 type] 
Type domain.Traveler is not enhanced.

[2025-02-21 14:37:34 #10 type.registry] 
New type java.util.Vector<java.lang.Object>

[2025-02-21 14:37:34 #11 type.registry] 
New type java.util.Vector<domain.Ride>

------------------------------------------------------------------------------------------------------------------------

[2025-02-21 14:43:00 #1 store] 
Database 'C:\Users\bynek\git\Rides241\src\main\resources\rides.temp' is opened by 39284@ByNekox

[2025-02-21 14:43:00 #2 type.registry] 
New type domain.User

[2025-02-21 14:43:00 #3 type.registry] 
New type domain.Driver

[2025-02-21 14:43:00 #4 type] 
Type domain.User is not enhanced.

[2025-02-21 14:43:00 #5 type.registry] 
New type domain.Ride

[2025-02-21 14:43:00 #6 type] 
Type domain.Driver is not enhanced.

[2025-02-21 14:43:00 #7 type] 
Type domain.Ride is not enhanced.

[2025-02-21 14:43:00 #8 type.registry] 
New type domain.Traveler

[2025-02-21 14:43:00 #9 type] 
Type domain.Traveler is not enhanced.

[2025-02-21 14:43:00 #10 type.registry] 
New type java.util.Vector<java.lang.Object>

[2025-02-21 14:43:00 #11 type.registry] 
New type java.util.Vector<domain.Ride>

------------------------------------------------------------------------------------------------------------------------

[2025-02-21 14:49:50 #1 store] 
Database 'C:\Users\bynek\git\Rides241\src\main\resources\rides.temp' is opened by 27188@ByNekox

[2025-02-21 14:49:50 #2 type.registry] 
New type domain.User

[2025-02-21 14:49:50 #3 type.registry] 
New type domain.Driver

[2025-02-21 14:49:50 #4 type] 
Type domain.User is not enhanced.

[2025-02-21 14:49:50 #5 type.registry] 
New type domain.Ride

[2025-02-21 14:49:50 #6 type] 
Type domain.Driver is not enhanced.

[2025-02-21 14:49:50 #7 type] 
Type domain.Ride is not enhanced.

[2025-02-21 14:49:50 #8 type.registry] 
New type domain.Traveler

[2025-02-21 14:49:50 #9 type] 
Type domain.Traveler is not enhanced.

[2025-02-21 14:49:50 #10 type.registry] 
New type java.util.Vector<java.lang.Object>

[2025-02-21 14:49:50 #11 type.registry] 
New type java.util.Vector<domain.Ride>

------------------------------------------------------------------------------------------------------------------------

[2025-02-21 14:51:18 #1 store] 
Database 'C:\Users\bynek\git\Rides241\src\main\resources\rides.temp' is opened by 26864@ByNekox

[2025-02-21 14:51:19 #2 type.registry] 
New type domain.User

[2025-02-21 14:51:19 #3 type.registry] 
New type domain.Driver

[2025-02-21 14:51:19 #4 type] 
Type domain.User is not enhanced.

[2025-02-21 14:51:19 #5 type.registry] 
New type domain.Ride

[2025-02-21 14:51:19 #6 type] 
Type domain.Driver is not enhanced.

[2025-02-21 14:51:19 #7 type] 
Type domain.Ride is not enhanced.

[2025-02-21 14:51:19 #8 type.registry] 
New type domain.Traveler

[2025-02-21 14:51:19 #9 type] 
Type domain.Traveler is not enhanced.

[2025-02-21 14:51:19 #10 type.registry] 
New type java.util.Vector<java.lang.Object>

[2025-02-21 14:51:19 #11 type.registry] 
New type java.util.Vector<domain.Ride>

------------------------------------------------------------------------------------------------------------------------

[2025-02-21 14:52:33 #1 store] 
Database 'C:\Users\bynek\git\Rides241\src\main\resources\rides.temp' is opened by 38512@ByNekox

[2025-02-21 14:52:33 #2 type.registry] 
New type domain.User

[2025-02-21 14:52:33 #3 type.registry] 
New type domain.Driver

[2025-02-21 14:52:33 #4 type] 
Type domain.User is not enhanced.

[2025-02-21 14:52:33 #5 type.registry] 
New type domain.Ride

[2025-02-21 14:52:33 #6 type] 
Type domain.Driver is not enhanced.

[2025-02-21 14:52:33 #7 type] 
Type domain.Ride is not enhanced.

[2025-02-21 14:52:33 #8 type.registry] 
New type domain.Traveler

[2025-02-21 14:52:33 #9 type] 
Type domain.Traveler is not enhanced.

[2025-02-21 14:52:33 #10 type.registry] 
New type java.util.Vector<java.lang.Object>

[2025-02-21 14:52:33 #11 type.registry] 
New type java.util.Vector<domain.Ride>

------------------------------------------------------------------------------------------------------------------------

[2025-02-21 14:53:54 #1 store] 
Database 'C:\Users\bynek\git\Rides241\src\main\resources\rides.temp' is opened by 23268@ByNekox

[2025-02-21 14:53:55 #2 type.registry] 
New type domain.User

[2025-02-21 14:53:55 #3 type.registry] 
New type domain.Driver

[2025-02-21 14:53:55 #4 type] 
Type domain.User is not enhanced.

[2025-02-21 14:53:55 #5 type.registry] 
New type domain.Ride

[2025-02-21 14:53:55 #6 type] 
Type domain.Driver is not enhanced.

[2025-02-21 14:53:55 #7 type] 
Type domain.Ride is not enhanced.

[2025-02-21 14:53:55 #8 type.registry] 
New type domain.Traveler

[2025-02-21 14:53:55 #9 type] 
Type domain.Traveler is not enhanced.

[2025-02-21 14:53:55 #10 type.registry] 
New type java.util.Vector<java.lang.Object>

[2025-02-21 14:53:55 #11 type.registry] 
New type java.util.Vector<domain.Ride>

[2025-02-21 14:53:55 #12 type.registry] 
New type java.util.LinkedList<java.lang.Object>

------------------------------------------------------------------------------------------------------------------------

[2025-02-21 15:09:27 #1 store] 
Database 'C:\Users\bynek\git\Rides241\src\main\resources\rides.temp' is opened by 6432@ByNekox

[2025-02-21 15:09:27 #2 type.registry] 
New type domain.User

[2025-02-21 15:09:27 #3 type.registry] 
New type domain.Driver

[2025-02-21 15:09:27 #4 type] 
Type domain.User is not enhanced.

[2025-02-21 15:09:27 #5 type.registry] 
New type domain.Ride

[2025-02-21 15:09:27 #6 type] 
Type domain.Driver is not enhanced.

[2025-02-21 15:09:27 #7 type] 
Type domain.Ride is not enhanced.

------------------------------------------------------------------------------------------------------------------------

[2025-02-21 15:10:34 #1 store] 
Database 'C:\Users\bynek\git\Rides241\src\main\resources\rides.temp' is opened by 38072@ByNekox

[2025-02-21 15:10:34 #2 type.registry] 
New type domain.User

[2025-02-21 15:10:34 #3 type.registry] 
New type domain.Driver

[2025-02-21 15:10:34 #4 type] 
Type domain.User is not enhanced.

[2025-02-21 15:10:34 #5 type.registry] 
New type domain.Ride

[2025-02-21 15:10:34 #6 type] 
Type domain.Driver is not enhanced.

[2025-02-21 15:10:34 #7 type] 
Type domain.Ride is not enhanced.

------------------------------------------------------------------------------------------------------------------------

[2025-02-21 15:11:49 #1 store] 
Database 'C:\Users\bynek\git\Rides241\src\main\resources\rides.temp' is opened by 7848@ByNekox

[2025-02-21 15:11:50 #2 type.registry] 
New type domain.User

[2025-02-21 15:11:50 #3 type.registry] 
New type domain.Driver

[2025-02-21 15:11:50 #4 type] 
Type domain.User is not enhanced.

[2025-02-21 15:11:50 #5 type.registry] 
New type domain.Ride

[2025-02-21 15:11:50 #6 type] 
Type domain.Driver is not enhanced.

[2025-02-21 15:11:50 #7 type] 
Type domain.Ride is not enhanced.

------------------------------------------------------------------------------------------------------------------------

[2025-02-21 15:15:09 #1 store] 
Database 'C:\Users\bynek\git\Rides241\src\main\resources\rides.temp' is opened by 23280@ByNekox

[2025-02-21 15:15:10 #2 type.registry] 
New type domain.User

[2025-02-21 15:15:10 #3 type.registry] 
New type domain.Driver

[2025-02-21 15:15:10 #4 type] 
Type domain.User is not enhanced.

[2025-02-21 15:15:10 #5 type.registry] 
New type domain.Ride

[2025-02-21 15:15:10 #6 type] 
Type domain.Driver is not enhanced.

[2025-02-21 15:15:10 #7 type] 
Type domain.Ride is not enhanced.

[2025-02-21 15:15:10 #8 type.registry] 
New type domain.Traveler

[2025-02-21 15:15:10 #9 type] 
Type domain.Traveler is not enhanced.

[2025-02-21 15:15:10 #10 type.registry] 
New type java.util.Vector<java.lang.Object>

[2025-02-21 15:15:10 #11 type.registry] 
New type java.util.LinkedList<java.lang.Object>

[2025-02-21 15:15:10 #12 type.registry] 
New type java.util.Vector<domain.Ride>

------------------------------------------------------------------------------------------------------------------------

[2025-02-21 15:24:17 #1 store] 
Database 'C:\Users\bynek\git\Rides241\src\main\resources\rides.temp' is opened by 36196@ByNekox

[2025-02-21 15:24:17 #2 type.registry] 
New type domain.User

[2025-02-21 15:24:17 #3 type.registry] 
New type domain.Driver

[2025-02-21 15:24:17 #4 type] 
Type domain.User is not enhanced.

[2025-02-21 15:24:17 #5 type.registry] 
New type domain.Ride

[2025-02-21 15:24:17 #6 type] 
Type domain.Driver is not enhanced.

[2025-02-21 15:24:17 #7 type] 
Type domain.Ride is not enhanced.

[2025-02-21 15:24:17 #8 type.registry] 
New type domain.Traveler

[2025-02-21 15:24:17 #9 type] 
Type domain.Traveler is not enhanced.

[2025-02-21 15:24:17 #10 type.registry] 
New type java.util.Vector<java.lang.Object>

[2025-02-21 15:24:17 #11 type.registry] 
New type java.util.LinkedList<java.lang.Object>

[2025-02-21 15:24:17 #12 type.registry] 
New type java.util.Vector<domain.Ride>

------------------------------------------------------------------------------------------------------------------------

[2025-02-21 15:31:00 #1 store] 
Database 'C:\Users\bynek\git\Rides241\src\main\resources\rides.temp' is opened by 27968@ByNekox

[2025-02-21 15:31:00 #2 type.registry] 
New type domain.User

[2025-02-21 15:31:00 #3 type.registry] 
New type domain.Driver

[2025-02-21 15:31:00 #4 type] 
Type domain.User is not enhanced.

[2025-02-21 15:31:00 #5 type.registry] 
New type domain.Ride

[2025-02-21 15:31:00 #6 type] 
Type domain.Driver is not enhanced.

[2025-02-21 15:31:00 #7 type] 
Type domain.Ride is not enhanced.

[2025-02-21 15:31:00 #8 type.registry] 
New type domain.Traveler

[2025-02-21 15:31:00 #9 type] 
Type domain.Traveler is not enhanced.

[2025-02-21 15:31:00 #10 type.registry] 
New type java.util.Vector<java.lang.Object>

[2025-02-21 15:31:00 #11 type.registry] 
New type java.util.LinkedList<java.lang.Object>

[2025-02-21 15:31:00 #12 type.registry] 
New type java.util.Vector<domain.Ride>

------------------------------------------------------------------------------------------------------------------------

[2025-02-21 15:31:23 #1 store] 
Database 'C:\Users\bynek\git\Rides241\src\main\resources\rides.temp' has been recovered (tr. 1-8)

[2025-02-21 15:31:23 #2 store] 
Database 'C:\Users\bynek\git\Rides241\src\main\resources\rides.temp' is opened by 13500@ByNekox

[2025-02-21 15:31:23 #3 type] 
Type domain.User is not enhanced.

[2025-02-21 15:31:23 #4 type] 
Type domain.Driver is not enhanced.

[2025-02-21 15:31:23 #5 type] 
Type domain.Ride is not enhanced.

[2025-02-21 15:31:23 #6 type] 
Type domain.Traveler is not enhanced.

------------------------------------------------------------------------------------------------------------------------

[2025-02-21 15:31:43 #1 store] 
Database 'C:\Users\bynek\git\Rides241\src\main\resources\rides.temp' is opened by 30784@ByNekox

[2025-02-21 15:31:43 #2 type] 
Type domain.User is not enhanced.

[2025-02-21 15:31:43 #3 type] 
Type domain.Driver is not enhanced.

[2025-02-21 15:31:43 #4 type] 
Type domain.Ride is not enhanced.

[2025-02-21 15:31:43 #5 type] 
Type domain.Traveler is not enhanced.

------------------------------------------------------------------------------------------------------------------------

[2025-02-21 15:32:39 #1 store] 
Database 'C:\Users\bynek\git\Rides241\src\main\resources\rides.temp' is opened by 38764@ByNekox

[2025-02-21 15:32:39 #2 type] 
Type domain.User is not enhanced.

[2025-02-21 15:32:39 #3 type] 
Type domain.Driver is not enhanced.

[2025-02-21 15:32:39 #4 type] 
Type domain.Ride is not enhanced.

[2025-02-21 15:32:39 #5 type] 
Type domain.Traveler is not enhanced.

------------------------------------------------------------------------------------------------------------------------

[2025-02-21 15:36:31 #1 store] 
Database 'C:\Users\bynek\git\Rides241\src\main\resources\rides.temp' is opened by 9576@ByNekox

[2025-02-21 15:36:32 #2 type] 
Type domain.User is not enhanced.

------------------------------------------------------------------------------------------------------------------------

[2025-02-21 15:36:54 #1 store] 
Database 'C:\Users\bynek\git\Rides241\src\main\resources\rides.temp' is opened by 18992@ByNekox

[2025-02-21 15:36:54 #2 type] 
Type domain.User is not enhanced.

[2025-02-21 15:36:54 #3 type] 
Type domain.Driver is not enhanced.

[2025-02-21 15:36:54 #4 type] 
Type domain.Ride is not enhanced.

[2025-02-21 15:36:54 #5 type] 
Type domain.Traveler is not enhanced.

------------------------------------------------------------------------------------------------------------------------

[2025-02-21 15:41:55 #1 store] 
Database 'C:\Users\bynek\git\Rides241\src\main\resources\rides.temp' is opened by 28464@ByNekox

[2025-02-21 15:41:56 #2 type] 
Type domain.User is not enhanced.

[2025-02-21 15:41:56 #3 type] 
Type domain.Driver is not enhanced.

[2025-02-21 15:41:56 #4 type] 
Type domain.Ride is not enhanced.

[2025-02-21 15:41:56 #5 type] 
Type domain.Traveler is not enhanced.

------------------------------------------------------------------------------------------------------------------------

[2025-02-21 15:44:26 #1 store] 
Database 'C:\Users\bynek\git\Rides241\src\main\resources\rides.temp' has been recovered (tr. 9-9)

[2025-02-21 15:44:26 #2 store] 
Database 'C:\Users\bynek\git\Rides241\src\main\resources\rides.temp' is opened by 2508@ByNekox

[2025-02-21 15:44:26 #3 type] 
Type domain.User is not enhanced.

[2025-02-21 15:44:26 #4 type] 
Type domain.Driver is not enhanced.

[2025-02-21 15:44:26 #5 type] 
Type domain.Ride is not enhanced.

[2025-02-21 15:44:26 #6 type] 
Type domain.Traveler is not enhanced.

[2025-02-21 15:44:34 #7 *] 
java.lang.NullPointerException: Cannot invoke "com.objectdb.o.TDF.O()" because "this.m" is null
	at com.objectdb.o.UTY.ad(UTY.java:795)
	at com.objectdb.o.InvMemberQuery.<init>(InvMemberQuery.java:64)
	at com.objectdb.o.UMR.w(UMR.java:526)
	at com.objectdb.o.LDR.J(LDR.java:758)
	at com.objectdb.o.LDR.H(LDR.java:641)
	at com.objectdb.o.LDR.F(LDR.java:475)
	at com.objectdb.o.OBC.U2(OBC.java:1097)
	at com.objectdb.o.QRR.f(QRR.java:222)
	at com.objectdb.jpa.JpaQuery.getResultList(JpaQuery.java:719)
	at dataAccess.DataAccess.checkLogin(DataAccess.java:281)
	at businessLogic.BLFacadeImplementation.checkLogin(BLFacadeImplementation.java:162)
	at gui.LoginGUI$2.actionPerformed(LoginGUI.java:86)
	at java.desktop/javax.swing.AbstractButton.fireActionPerformed(AbstractButton.java:1972)
	at java.desktop/javax.swing.AbstractButton$Handler.actionPerformed(AbstractButton.java:2314)
	at java.desktop/javax.swing.DefaultButtonModel.fireActionPerformed(DefaultButtonModel.java:407)
	at java.desktop/javax.swing.DefaultButtonModel.setPressed(DefaultButtonModel.java:262)
	at java.desktop/javax.swing.plaf.basic.BasicButtonListener.mouseReleased(BasicButtonListener.java:279)
	at java.desktop/java.awt.Component.processMouseEvent(Component.java:6621)
	at java.desktop/javax.swing.JComponent.processMouseEvent(JComponent.java:3404)
	at java.desktop/java.awt.Component.processEvent(Component.java:6386)
	at java.desktop/java.awt.Container.processEvent(Container.java:2266)
	at java.desktop/java.awt.Component.dispatchEventImpl(Component.java:4996)
	at java.desktop/java.awt.Container.dispatchEventImpl(Container.java:2324)
	at java.desktop/java.awt.Component.dispatchEvent(Component.java:4828)
	at java.desktop/java.awt.LightweightDispatcher.retargetMouseEvent(Container.java:4948)
	at java.desktop/java.awt.LightweightDispatcher.processMouseEvent(Container.java:4575)
	at java.desktop/java.awt.LightweightDispatcher.dispatchEvent(Container.java:4516)
	at java.desktop/java.awt.Container.dispatchEventImpl(Container.java:2310)
	at java.desktop/java.awt.Window.dispatchEventImpl(Window.java:2780)
	at java.desktop/java.awt.Component.dispatchEvent(Component.java:4828)
	at java.desktop/java.awt.EventQueue.dispatchEventImpl(EventQueue.java:775)
	at java.desktop/java.awt.EventQueue$4.run(EventQueue.java:720)
	at java.desktop/java.awt.EventQueue$4.run(EventQueue.java:714)
	at java.base/java.security.AccessController.doPrivileged(AccessController.java:400)
	at java.base/java.security.ProtectionDomain$JavaSecurityAccessImpl.doIntersectionPrivilege(ProtectionDomain.java:87)
	at java.base/java.security.ProtectionDomain$JavaSecurityAccessImpl.doIntersectionPrivilege(ProtectionDomain.java:98)
	at java.desktop/java.awt.EventQueue$5.run(EventQueue.java:747)
	at java.desktop/java.awt.EventQueue$5.run(EventQueue.java:745)
	at java.base/java.security.AccessController.doPrivileged(AccessController.java:400)
	at java.base/java.security.ProtectionDomain$JavaSecurityAccessImpl.doIntersectionPrivilege(ProtectionDomain.java:87)
	at java.desktop/java.awt.EventQueue.dispatchEvent(EventQueue.java:744)
	at java.desktop/java.awt.EventDispatchThread.pumpOneEventForFilters(EventDispatchThread.java:203)
	at java.desktop/java.awt.EventDispatchThread.pumpEventsForFilter(EventDispatchThread.java:124)
	at java.desktop/java.awt.EventDispatchThread.pumpEventsForHierarchy(EventDispatchThread.java:113)
	at java.desktop/java.awt.EventDispatchThread.pumpEvents(EventDispatchThread.java:109)
	at java.desktop/java.awt.EventDispatchThread.pumpEvents(EventDispatchThread.java:101)
	at java.desktop/java.awt.EventDispatchThread.run(EventDispatchThread.java:90)

------------------------------------------------------------------------------------------------------------------------

[2025-02-21 15:44:54 #1 store] 
Database 'C:\Users\bynek\git\Rides241\src\main\resources\rides.temp' has been recovered (tr. 10-10)

[2025-02-21 15:44:54 #2 store] 
Database 'C:\Users\bynek\git\Rides241\src\main\resources\rides.temp' is opened by 36844@ByNekox

[2025-02-21 15:44:54 #3 type] 
Type domain.User is not enhanced.

[2025-02-21 15:44:54 #4 type] 
Type domain.Driver is not enhanced.

[2025-02-21 15:44:54 #5 type] 
Type domain.Ride is not enhanced.

[2025-02-21 15:44:54 #6 type] 
Type domain.Traveler is not enhanced.

[2025-02-21 15:45:05 #7 *] 
java.lang.NullPointerException: Cannot invoke "com.objectdb.o.TDF.O()" because "this.m" is null
	at com.objectdb.o.UTY.ad(UTY.java:795)
	at com.objectdb.o.InvMemberQuery.<init>(InvMemberQuery.java:64)
	at com.objectdb.o.UMR.w(UMR.java:526)
	at com.objectdb.o.LDR.J(LDR.java:758)
	at com.objectdb.o.LDR.H(LDR.java:641)
	at com.objectdb.o.LDR.F(LDR.java:475)
	at com.objectdb.o.OBC.U2(OBC.java:1097)
	at com.objectdb.o.QRR.f(QRR.java:222)
	at com.objectdb.jpa.JpaQuery.getResultList(JpaQuery.java:719)
	at dataAccess.DataAccess.checkLogin(DataAccess.java:281)
	at businessLogic.BLFacadeImplementation.checkLogin(BLFacadeImplementation.java:162)
	at gui.LoginGUI$2.actionPerformed(LoginGUI.java:86)
	at java.desktop/javax.swing.AbstractButton.fireActionPerformed(AbstractButton.java:1972)
	at java.desktop/javax.swing.AbstractButton$Handler.actionPerformed(AbstractButton.java:2314)
	at java.desktop/javax.swing.DefaultButtonModel.fireActionPerformed(DefaultButtonModel.java:407)
	at java.desktop/javax.swing.DefaultButtonModel.setPressed(DefaultButtonModel.java:262)
	at java.desktop/javax.swing.plaf.basic.BasicButtonListener.mouseReleased(BasicButtonListener.java:279)
	at java.desktop/java.awt.Component.processMouseEvent(Component.java:6621)
	at java.desktop/javax.swing.JComponent.processMouseEvent(JComponent.java:3404)
	at java.desktop/java.awt.Component.processEvent(Component.java:6386)
	at java.desktop/java.awt.Container.processEvent(Container.java:2266)
	at java.desktop/java.awt.Component.dispatchEventImpl(Component.java:4996)
	at java.desktop/java.awt.Container.dispatchEventImpl(Container.java:2324)
	at java.desktop/java.awt.Component.dispatchEvent(Component.java:4828)
	at java.desktop/java.awt.LightweightDispatcher.retargetMouseEvent(Container.java:4948)
	at java.desktop/java.awt.LightweightDispatcher.processMouseEvent(Container.java:4575)
	at java.desktop/java.awt.LightweightDispatcher.dispatchEvent(Container.java:4516)
	at java.desktop/java.awt.Container.dispatchEventImpl(Container.java:2310)
	at java.desktop/java.awt.Window.dispatchEventImpl(Window.java:2780)
	at java.desktop/java.awt.Component.dispatchEvent(Component.java:4828)
	at java.desktop/java.awt.EventQueue.dispatchEventImpl(EventQueue.java:775)
	at java.desktop/java.awt.EventQueue$4.run(EventQueue.java:720)
	at java.desktop/java.awt.EventQueue$4.run(EventQueue.java:714)
	at java.base/java.security.AccessController.doPrivileged(AccessController.java:400)
	at java.base/java.security.ProtectionDomain$JavaSecurityAccessImpl.doIntersectionPrivilege(ProtectionDomain.java:87)
	at java.base/java.security.ProtectionDomain$JavaSecurityAccessImpl.doIntersectionPrivilege(ProtectionDomain.java:98)
	at java.desktop/java.awt.EventQueue$5.run(EventQueue.java:747)
	at java.desktop/java.awt.EventQueue$5.run(EventQueue.java:745)
	at java.base/java.security.AccessController.doPrivileged(AccessController.java:400)
	at java.base/java.security.ProtectionDomain$JavaSecurityAccessImpl.doIntersectionPrivilege(ProtectionDomain.java:87)
	at java.desktop/java.awt.EventQueue.dispatchEvent(EventQueue.java:744)
	at java.desktop/java.awt.EventDispatchThread.pumpOneEventForFilters(EventDispatchThread.java:203)
	at java.desktop/java.awt.EventDispatchThread.pumpEventsForFilter(EventDispatchThread.java:124)
	at java.desktop/java.awt.EventDispatchThread.pumpEventsForHierarchy(EventDispatchThread.java:113)
	at java.desktop/java.awt.EventDispatchThread.pumpEvents(EventDispatchThread.java:109)
	at java.desktop/java.awt.EventDispatchThread.pumpEvents(EventDispatchThread.java:101)
	at java.desktop/java.awt.EventDispatchThread.run(EventDispatchThread.java:90)

------------------------------------------------------------------------------------------------------------------------

[2025-02-21 15:47:43 #1 store] 
Database 'C:\Users\bynek\git\Rides241\src\main\resources\rides.temp' is opened by 36756@ByNekox

[2025-02-21 15:47:43 #2 type] 
Type domain.User is not enhanced.

[2025-02-21 15:47:43 #3 type] 
Type domain.Driver is not enhanced.

[2025-02-21 15:47:43 #4 type] 
Type domain.Ride is not enhanced.

[2025-02-21 15:47:43 #5 type] 
Type domain.Traveler is not enhanced.

------------------------------------------------------------------------------------------------------------------------

[2025-02-21 15:55:13 #1 store] 
Database 'C:\Users\bynek\git\Rides241\src\main\resources\rides.temp' has been recovered (tr. 11-11)

[2025-02-21 15:55:13 #2 store] 
Database 'C:\Users\bynek\git\Rides241\src\main\resources\rides.temp' is opened by 31268@ByNekox

[2025-02-21 15:55:13 #3 type] 
Type domain.User is not enhanced.

[2025-02-21 15:55:13 #4 type] 
Type domain.Driver is not enhanced.

[2025-02-21 15:55:13 #5 type] 
Type domain.Ride is not enhanced.

[2025-02-21 15:55:13 #6 type] 
Type domain.Traveler is not enhanced.

------------------------------------------------------------------------------------------------------------------------

[2025-02-21 15:55:42 #1 store] 
Database 'C:\Users\bynek\git\Rides241\src\main\resources\rides.temp' is opened by 26508@ByNekox

[2025-02-21 15:55:42 #2 type.registry] 
New type domain.User

[2025-02-21 15:55:42 #3 type.registry] 
New type domain.Driver

[2025-02-21 15:55:42 #4 type] 
Type domain.User is not enhanced.

[2025-02-21 15:55:42 #5 type.registry] 
New type domain.Ride

[2025-02-21 15:55:42 #6 type] 
Type domain.Driver is not enhanced.

[2025-02-21 15:55:42 #7 type] 
Type domain.Ride is not enhanced.

[2025-02-21 15:55:42 #8 type.registry] 
New type domain.Traveler

[2025-02-21 15:55:42 #9 type] 
Type domain.Traveler is not enhanced.

[2025-02-21 15:55:42 #10 type.registry] 
New type java.util.Vector<java.lang.Object>

[2025-02-21 15:55:42 #11 type.registry] 
New type java.util.Vector<domain.Ride>

------------------------------------------------------------------------------------------------------------------------

[2025-02-21 16:07:39 #1 store] 
Database 'C:\Users\bynek\git\Rides241\src\main\resources\rides.temp' is opened by 40328@ByNekox

[2025-02-21 16:07:39 #2 type.registry] 
New type domain.User

[2025-02-21 16:07:39 #3 type.registry] 
New type domain.Driver

[2025-02-21 16:07:39 #4 type] 
Type domain.User is not enhanced.

[2025-02-21 16:07:39 #5 type.registry] 
New type domain.Ride

[2025-02-21 16:07:39 #6 type] 
Type domain.Driver is not enhanced.

[2025-02-21 16:07:39 #7 type] 
Type domain.Ride is not enhanced.

[2025-02-21 16:07:39 #8 type.registry] 
New type domain.Traveler

[2025-02-21 16:07:39 #9 type] 
Type domain.Traveler is not enhanced.

[2025-02-21 16:07:39 #10 type.registry] 
New type java.util.Vector<java.lang.Object>

[2025-02-21 16:07:39 #11 type.registry] 
New type java.util.Vector<domain.Ride>

------------------------------------------------------------------------------------------------------------------------

[2025-02-21 16:16:18 #1 store] 
Database 'C:\Users\bynek\git\Rides241\src\main\resources\rides.temp' is opened by 40312@ByNekox

[2025-02-21 16:16:18 #2 type.registry] 
New type domain.User

[2025-02-21 16:16:18 #3 type.registry] 
New type domain.Driver

[2025-02-21 16:16:18 #4 type] 
Type domain.User is not enhanced.

[2025-02-21 16:16:18 #5 type] 
Type domain.Driver is not enhanced.

[2025-02-21 16:16:18 #6 type.registry] 
New type domain.Ride

[2025-02-21 16:16:18 #7 type] 
Type domain.Ride is not enhanced.

[2025-02-21 16:16:18 #8 type.registry] 
New type domain.Traveler

[2025-02-21 16:16:18 #9 type] 
Type domain.Traveler is not enhanced.

[2025-02-21 16:16:18 #10 type.registry] 
New type java.util.Vector<java.lang.Object>

[2025-02-21 16:16:18 #11 type.registry] 
New type java.util.Vector<domain.Ride>

------------------------------------------------------------------------------------------------------------------------

[2025-02-21 16:19:05 #1 store] 
Database 'C:\Users\bynek\git\Rides241\src\main\resources\rides.temp' is opened by 32692@ByNekox

[2025-02-21 16:19:05 #2 type.registry] 
New type domain.User

[2025-02-21 16:19:05 #3 type.registry] 
New type domain.Driver

[2025-02-21 16:19:05 #4 type] 
Type domain.User is not enhanced.

[2025-02-21 16:19:05 #5 type] 
Type domain.Driver is not enhanced.

[2025-02-21 16:19:05 #6 type.registry] 
New type domain.Ride

[2025-02-21 16:19:05 #7 type] 
Type domain.Ride is not enhanced.

[2025-02-21 16:19:05 #8 type.registry] 
New type domain.Reservation

[2025-02-21 16:19:05 #9 type] 
Type domain.Reservation is not enhanced.

[2025-02-21 16:19:05 #10 type.registry] 
New type domain.Traveler

[2025-02-21 16:19:05 #11 type] 
Type domain.Traveler is not enhanced.

[2025-02-21 16:19:05 #12 type.registry] 
New type java.util.Vector<java.lang.Object>

[2025-02-21 16:19:06 #13 type.registry] 
New type java.util.Vector<domain.Ride>

[2025-02-21 16:19:06 #14 type.registry] 
New type java.util.Vector<domain.Reservation>

------------------------------------------------------------------------------------------------------------------------

[2025-02-21 16:28:32 #1 store] 
Database 'C:\Users\bynek\git\Rides241\src\main\resources\rides.temp' is opened by 26208@ByNekox

[2025-02-21 16:28:32 #2 type.registry] 
New type domain.User

[2025-02-21 16:28:32 #3 type.registry] 
New type domain.Driver

[2025-02-21 16:28:32 #4 type] 
Type domain.User is not enhanced.

[2025-02-21 16:28:32 #5 type] 
Type domain.Driver is not enhanced.

[2025-02-21 16:28:32 #6 type.registry] 
New type domain.Ride

[2025-02-21 16:28:32 #7 type] 
Type domain.Ride is not enhanced.

[2025-02-21 16:28:32 #8 type.registry] 
New type domain.Reservation

[2025-02-21 16:28:32 #9 type] 
Type domain.Reservation is not enhanced.

[2025-02-21 16:28:32 #10 type.registry] 
New type domain.Traveler

[2025-02-21 16:28:32 #11 type] 
Type domain.Traveler is not enhanced.

[2025-02-21 16:28:32 #12 type.registry] 
New type java.util.Vector<java.lang.Object>

[2025-02-21 16:28:32 #13 type.registry] 
New type java.util.Vector<domain.Ride>

[2025-02-21 16:28:32 #14 type.registry] 
New type java.util.Vector<domain.Reservation>

------------------------------------------------------------------------------------------------------------------------

[2025-02-21 16:34:30 #1 store] 
Database 'C:\Users\bynek\git\Rides241\src\main\resources\rides.temp' is opened by 40660@ByNekox

[2025-02-21 16:34:31 #2 type.registry] 
New type domain.User

[2025-02-21 16:34:31 #3 type.registry] 
New type domain.Driver

[2025-02-21 16:34:31 #4 type] 
Type domain.User is not enhanced.

[2025-02-21 16:34:31 #5 type] 
Type domain.Driver is not enhanced.

[2025-02-21 16:34:31 #6 type.registry] 
New type domain.Ride

[2025-02-21 16:34:31 #7 type] 
Type domain.Ride is not enhanced.

[2025-02-21 16:34:31 #8 type.registry] 
New type domain.Reservation

[2025-02-21 16:34:31 #9 type] 
Type domain.Reservation is not enhanced.

[2025-02-21 16:34:31 #10 type.registry] 
New type domain.Traveler

[2025-02-21 16:34:31 #11 type] 
Type domain.Traveler is not enhanced.

[2025-02-21 16:34:31 #12 type.registry] 
New type java.util.Vector<java.lang.Object>

[2025-02-21 16:34:31 #13 type.registry] 
New type java.util.Vector<domain.Ride>

[2025-02-21 16:34:31 #14 type.registry] 
New type java.util.Vector<domain.Reservation>

------------------------------------------------------------------------------------------------------------------------

[2025-02-21 16:42:49 #1 store] 
Database 'C:\Users\bynek\git\Rides241\src\main\resources\rides.temp' is opened by 26828@ByNekox

[2025-02-21 16:42:49 #2 type.registry] 
New type domain.User

[2025-02-21 16:42:49 #3 type.registry] 
New type domain.Driver

[2025-02-21 16:42:49 #4 type] 
Type domain.User is not enhanced.

[2025-02-21 16:42:49 #5 type] 
Type domain.Driver is not enhanced.

[2025-02-21 16:42:49 #6 type.registry] 
New type domain.Ride

[2025-02-21 16:42:49 #7 type] 
Type domain.Ride is not enhanced.

[2025-02-21 16:42:49 #8 type.registry] 
New type domain.Reservation

[2025-02-21 16:42:49 #9 type] 
Type domain.Reservation is not enhanced.

[2025-02-21 16:42:49 #10 type.registry] 
New type domain.Traveler

[2025-02-21 16:42:49 #11 type] 
Type domain.Traveler is not enhanced.

[2025-02-21 16:42:49 #12 type.registry] 
New type java.util.Vector<java.lang.Object>

[2025-02-21 16:42:49 #13 type.registry] 
New type java.util.Vector<domain.Ride>

[2025-02-21 16:42:49 #14 type.registry] 
New type java.util.Vector<domain.Reservation>

------------------------------------------------------------------------------------------------------------------------

[2025-02-21 16:53:18 #1 store] 
Database 'C:\Users\bynek\git\Rides241\src\main\resources\rides.temp' is opened by 40868@ByNekox

[2025-02-21 16:53:18 #2 type.registry] 
New type domain.User

[2025-02-21 16:53:18 #3 type.registry] 
New type domain.Driver

[2025-02-21 16:53:18 #4 type] 
Type domain.User is not enhanced.

[2025-02-21 16:53:18 #5 type] 
Type domain.Driver is not enhanced.

[2025-02-21 16:53:18 #6 type.registry] 
New type domain.Ride

[2025-02-21 16:53:18 #7 type] 
Type domain.Ride is not enhanced.

[2025-02-21 16:53:18 #8 type.registry] 
New type domain.Reservation

[2025-02-21 16:53:18 #9 type] 
Type domain.Reservation is not enhanced.

[2025-02-21 16:53:18 #10 type.registry] 
New type domain.Traveler

[2025-02-21 16:53:18 #11 type] 
Type domain.Traveler is not enhanced.

[2025-02-21 16:53:18 #12 type.registry] 
New type java.util.Vector<java.lang.Object>

[2025-02-21 16:53:18 #13 type.registry] 
New type java.util.Vector<domain.Ride>

[2025-02-21 16:53:18 #14 type.registry] 
New type java.util.Vector<domain.Reservation>

------------------------------------------------------------------------------------------------------------------------

[2025-02-21 16:55:56 #1 store] 
Database 'C:\Users\bynek\git\Rides241\src\main\resources\rides.temp' is opened by 41960@ByNekox

[2025-02-21 16:55:56 #2 type.registry] 
New type domain.User

[2025-02-21 16:55:56 #3 type.registry] 
New type domain.Driver

[2025-02-21 16:55:56 #4 type] 
Type domain.User is not enhanced.

[2025-02-21 16:55:56 #5 type] 
Type domain.Driver is not enhanced.

[2025-02-21 16:55:56 #6 type.registry] 
New type domain.Ride

[2025-02-21 16:55:56 #7 type] 
Type domain.Ride is not enhanced.

[2025-02-21 16:55:56 #8 type.registry] 
New type domain.Reservation

[2025-02-21 16:55:56 #9 type] 
Type domain.Reservation is not enhanced.

[2025-02-21 16:55:56 #10 type.registry] 
New type domain.Traveler

[2025-02-21 16:55:56 #11 type] 
Type domain.Traveler is not enhanced.

[2025-02-21 16:55:56 #12 type.registry] 
New type java.util.Vector<java.lang.Object>

[2025-02-21 16:55:56 #13 type.registry] 
New type java.util.Vector<domain.Ride>

[2025-02-21 16:55:56 #14 type.registry] 
New type java.util.Vector<domain.Reservation>

------------------------------------------------------------------------------------------------------------------------

[2025-02-21 16:56:37 #1 store] 
Database 'C:\Users\bynek\git\Rides241\src\main\resources\rides.temp' is opened by 40600@ByNekox

[2025-02-21 16:56:37 #2 type.registry] 
New type domain.User

[2025-02-21 16:56:37 #3 type.registry] 
New type domain.Driver

[2025-02-21 16:56:37 #4 type] 
Type domain.User is not enhanced.

[2025-02-21 16:56:37 #5 type] 
Type domain.Driver is not enhanced.

[2025-02-21 16:56:37 #6 type.registry] 
New type domain.Ride

[2025-02-21 16:56:37 #7 type] 
Type domain.Ride is not enhanced.

[2025-02-21 16:56:37 #8 type.registry] 
New type domain.Reservation

[2025-02-21 16:56:37 #9 type] 
Type domain.Reservation is not enhanced.

[2025-02-21 16:56:37 #10 type.registry] 
New type domain.Traveler

[2025-02-21 16:56:37 #11 type] 
Type domain.Traveler is not enhanced.

[2025-02-21 16:56:37 #12 type.registry] 
New type java.util.Vector<java.lang.Object>

[2025-02-21 16:56:37 #13 type.registry] 
New type java.util.Vector<domain.Ride>

[2025-02-21 16:56:37 #14 type.registry] 
New type java.util.Vector<domain.Reservation>

------------------------------------------------------------------------------------------------------------------------

[2025-02-21 18:09:34 #1 store] 
Database 'C:\Users\bynek\git\Rides241\src\main\resources\rides.temp' is opened by 41668@ByNekox

[2025-02-21 18:09:34 #2 type.registry] 
New type domain.User

[2025-02-21 18:09:34 #3 type.registry] 
New type domain.Driver

[2025-02-21 18:09:34 #4 type] 
Type domain.User is not enhanced.

[2025-02-21 18:09:34 #5 type] 
Type domain.Driver is not enhanced.

[2025-02-21 18:09:34 #6 type.registry] 
New type domain.Ride

[2025-02-21 18:09:34 #7 type] 
Type domain.Ride is not enhanced.

[2025-02-21 18:09:34 #8 type.registry] 
New type domain.Reservation

[2025-02-21 18:09:34 #9 type] 
Type domain.Reservation is not enhanced.

[2025-02-21 18:09:34 #10 type.registry] 
New type domain.Traveler

[2025-02-21 18:09:34 #11 type] 
Type domain.Traveler is not enhanced.

[2025-02-21 18:09:34 #12 type.registry] 
New type java.util.Vector<java.lang.Object>

[2025-02-21 18:09:34 #13 type.registry] 
New type java.util.Vector<domain.Ride>

[2025-02-21 18:09:34 #14 type.registry] 
New type java.util.Vector<domain.Reservation>

------------------------------------------------------------------------------------------------------------------------

[2025-02-21 18:12:16 #1 store] 
Database 'C:\Users\bynek\git\Rides241\src\main\resources\rides.temp' has been recovered (tr. 1-8)

[2025-02-21 18:12:16 #2 store] 
Database 'C:\Users\bynek\git\Rides241\src\main\resources\rides.temp' is opened by 41916@ByNekox

[2025-02-21 18:12:16 #3 type] 
Type domain.User is not enhanced.

[2025-02-21 18:12:16 #4 type] 
Type domain.Driver is not enhanced.

[2025-02-21 18:12:16 #5 type] 
Type domain.Ride is not enhanced.

[2025-02-21 18:12:17 #6 type] 
Type domain.Reservation is not enhanced.

[2025-02-21 18:12:17 #7 type] 
Type domain.Traveler is not enhanced.

------------------------------------------------------------------------------------------------------------------------

[2025-02-21 18:13:09 #1 store] 
Database 'C:\Users\bynek\git\Rides241\src\main\resources\rides.temp' has been recovered (tr. 9-14)

[2025-02-21 18:13:09 #2 store] 
Database 'C:\Users\bynek\git\Rides241\src\main\resources\rides.temp' is opened by 42340@ByNekox

[2025-02-21 18:13:09 #3 type] 
Type domain.User is not enhanced.

[2025-02-21 18:13:09 #4 type] 
Type domain.Driver is not enhanced.

[2025-02-21 18:13:09 #5 type] 
Type domain.Ride is not enhanced.

[2025-02-21 18:13:09 #6 type] 
Type domain.Reservation is not enhanced.

[2025-02-21 18:13:09 #7 type] 
Type domain.Traveler is not enhanced.

------------------------------------------------------------------------------------------------------------------------

[2025-02-21 18:15:02 #1 store] 
Database 'C:\Users\bynek\git\Rides241\src\main\resources\rides.temp' is opened by 23384@ByNekox

[2025-02-21 18:15:03 #2 type.registry] 
New type domain.User

[2025-02-21 18:15:03 #3 type.registry] 
New type domain.Driver

[2025-02-21 18:15:03 #4 type] 
Type domain.User is not enhanced.

[2025-02-21 18:15:03 #5 type] 
Type domain.Driver is not enhanced.

[2025-02-21 18:15:03 #6 type.registry] 
New type domain.Ride

[2025-02-21 18:15:03 #7 type] 
Type domain.Ride is not enhanced.

[2025-02-21 18:15:03 #8 type.registry] 
New type domain.Reservation

[2025-02-21 18:15:03 #9 type] 
Type domain.Reservation is not enhanced.

[2025-02-21 18:15:03 #10 type.registry] 
New type domain.Traveler

[2025-02-21 18:15:03 #11 type] 
Type domain.Traveler is not enhanced.

[2025-02-21 18:15:03 #12 type.registry] 
New type java.util.Vector<java.lang.Object>

[2025-02-21 18:15:03 #13 type.registry] 
New type java.util.Vector<domain.Ride>

[2025-02-21 18:15:03 #14 type.registry] 
New type java.util.Vector<domain.Reservation>

------------------------------------------------------------------------------------------------------------------------

[2025-02-21 18:15:49 #1 store] 
Database 'C:\Users\bynek\git\Rides241\src\main\resources\rides.temp' has been recovered (tr. 1-8)

[2025-02-21 18:15:49 #2 store] 
Database 'C:\Users\bynek\git\Rides241\src\main\resources\rides.temp' is opened by 42008@ByNekox

[2025-02-21 18:15:49 #3 type] 
Type domain.User is not enhanced.

[2025-02-21 18:15:49 #4 type] 
Type domain.Driver is not enhanced.

[2025-02-21 18:15:49 #5 type] 
Type domain.Ride is not enhanced.

[2025-02-21 18:15:49 #6 type] 
Type domain.Reservation is not enhanced.

[2025-02-21 18:15:49 #7 type] 
Type domain.Traveler is not enhanced.

------------------------------------------------------------------------------------------------------------------------

[2025-02-21 18:16:20 #1 store] 
Database 'C:\Users\bynek\git\Rides241\src\main\resources\rides.temp' has been recovered (tr. 9-14)

[2025-02-21 18:16:21 #2 store] 
Database 'C:\Users\bynek\git\Rides241\src\main\resources\rides.temp' is opened by 34364@ByNekox

[2025-02-21 18:16:21 #3 type] 
Type domain.User is not enhanced.

[2025-02-21 18:16:21 #4 type] 
Type domain.Driver is not enhanced.

[2025-02-21 18:16:21 #5 type] 
Type domain.Ride is not enhanced.

[2025-02-21 18:16:21 #6 type] 
Type domain.Reservation is not enhanced.

[2025-02-21 18:16:21 #7 type] 
Type domain.Traveler is not enhanced.

------------------------------------------------------------------------------------------------------------------------

[2025-02-21 18:16:49 #1 store] 
Database 'C:\Users\bynek\git\Rides241\src\main\resources\rides.temp' has been recovered (tr. 15-17)

[2025-02-21 18:16:49 #2 store] 
Database 'C:\Users\bynek\git\Rides241\src\main\resources\rides.temp' is opened by 35996@ByNekox

[2025-02-21 18:16:49 #3 type] 
Type domain.User is not enhanced.

[2025-02-21 18:16:49 #4 type] 
Type domain.Driver is not enhanced.

[2025-02-21 18:16:49 #5 type] 
Type domain.Ride is not enhanced.

[2025-02-21 18:16:49 #6 type] 
Type domain.Reservation is not enhanced.

[2025-02-21 18:16:49 #7 type] 
Type domain.Traveler is not enhanced.

------------------------------------------------------------------------------------------------------------------------

[2025-02-21 21:24:08 #1 store] 
Database 'C:\Users\bynek\git\Rides241\src\main\resources\rides.temp' is opened by 32284@ByNekox

[2025-02-21 21:24:08 #2 type] 
Type domain.User is not enhanced.

[2025-02-21 21:24:08 #3 type] 
Type domain.Driver is not enhanced.

[2025-02-21 21:24:08 #4 type] 
Type domain.Ride is not enhanced.

[2025-02-21 21:24:08 #5 type] 
Type domain.Reservation is not enhanced.

[2025-02-21 21:24:08 #6 type] 
Type domain.Traveler is not enhanced.

------------------------------------------------------------------------------------------------------------------------

[2025-02-21 21:24:59 #1 store] 
Database 'C:\Users\bynek\git\Rides241\src\main\resources\rides.temp' has been recovered (tr. 18-18)

[2025-02-21 21:24:59 #2 store] 
Database 'C:\Users\bynek\git\Rides241\src\main\resources\rides.temp' is opened by 23288@ByNekox

[2025-02-21 21:24:59 #3 type] 
Type domain.User is not enhanced.

[2025-02-21 21:24:59 #4 type] 
Type domain.Driver is not enhanced.

[2025-02-21 21:24:59 #5 type] 
Type domain.Ride is not enhanced.

[2025-02-21 21:24:59 #6 type] 
Type domain.Reservation is not enhanced.

[2025-02-21 21:24:59 #7 type] 
Type domain.Traveler is not enhanced.

------------------------------------------------------------------------------------------------------------------------

[2025-02-21 22:20:46 #1 store] 
Database 'C:\Users\bynek\git\Rides241\src\main\resources\rides.temp' has been recovered (tr. 19-30)

[2025-02-21 22:20:46 #2 store] 
Database 'C:\Users\bynek\git\Rides241\src\main\resources\rides.temp' is opened by 39616@ByNekox

[2025-02-21 22:20:46 #3 type] 
Type domain.User is not enhanced.

[2025-02-21 22:20:46 #4 type] 
Type domain.Driver is not enhanced.

[2025-02-21 22:20:46 #5 type] 
Type domain.Ride is not enhanced.

[2025-02-21 22:20:46 #6 type] 
Type domain.Reservation is not enhanced.

[2025-02-21 22:20:46 #7 type] 
Type domain.Traveler is not enhanced.

------------------------------------------------------------------------------------------------------------------------

[2025-02-21 23:32:39 #1 store] 
Database 'C:\Users\bynek\git\Rides241\src\main\resources\rides.temp' is opened by 47092@ByNekox

[2025-02-21 23:32:40 #2 type.registry] 
New type domain.User

[2025-02-21 23:32:40 #3 type.registry] 
New type domain.Driver

[2025-02-21 23:32:40 #4 type] 
Type domain.User is not enhanced.

[2025-02-21 23:32:40 #5 type] 
Type domain.Driver is not enhanced.

[2025-02-21 23:32:40 #6 type.registry] 
New type domain.Ride

[2025-02-21 23:32:40 #7 type] 
Type domain.Ride is not enhanced.

[2025-02-21 23:32:40 #8 type.registry] 
New type domain.Reservation

[2025-02-21 23:32:40 #9 type] 
Type domain.Reservation is not enhanced.

[2025-02-21 23:32:40 #10 type.registry] 
New type domain.Traveler

[2025-02-21 23:32:40 #11 type] 
Type domain.Traveler is not enhanced.

[2025-02-21 23:32:40 #12 type.registry] 
New type java.util.Vector<java.lang.Object>

[2025-02-21 23:32:40 #13 type.registry] 
New type java.util.Vector<domain.Ride>

[2025-02-21 23:32:40 #14 type.registry] 
New type java.util.Vector<domain.Reservation>

------------------------------------------------------------------------------------------------------------------------

[2025-02-21 23:37:51 #1 store] 
Database 'C:\Users\bynek\git\Rides241\src\main\resources\rides.temp' is opened by 42188@ByNekox

[2025-02-21 23:37:51 #2 type.registry] 
New type domain.User

[2025-02-21 23:37:51 #3 type.registry] 
New type domain.Driver

[2025-02-21 23:37:51 #4 type] 
Type domain.User is not enhanced.

[2025-02-21 23:37:51 #5 type] 
Type domain.Driver is not enhanced.

[2025-02-21 23:37:51 #6 type.registry] 
New type domain.Ride

[2025-02-21 23:37:51 #7 type] 
Type domain.Ride is not enhanced.

[2025-02-21 23:37:51 #8 type.registry] 
New type domain.Reservation

[2025-02-21 23:37:51 #9 type] 
Type domain.Reservation is not enhanced.

[2025-02-21 23:37:51 #10 type.registry] 
New type domain.Traveler

[2025-02-21 23:37:51 #11 type] 
Type domain.Traveler is not enhanced.

[2025-02-21 23:37:51 #12 type.registry] 
New type java.util.Vector<java.lang.Object>

[2025-02-21 23:37:51 #13 type.registry] 
New type java.util.Vector<domain.Ride>

[2025-02-21 23:37:51 #14 type.registry] 
New type java.util.Vector<domain.Reservation>

