------------------------------------------------------------------------------------------------------------------------

[2025-02-10 12:14:51 #1 store] 
Database 'C:\Users\bynek\git\Rides241\src\main\resources\rides.temp' is opened by 15876@ByNekox

[2025-02-10 12:14:52 #2 type.registry] 
New type domain.Driver

[2025-02-10 12:14:52 #3 type] 
Type domain.Driver is not enhanced.

[2025-02-10 12:14:52 #4 type.registry] 
New type domain.Ride

[2025-02-10 12:14:52 #5 type] 
Type domain.Ride is not enhanced.

[2025-02-10 12:14:52 #6 type.registry] 
New type java.util.Vector<java.lang.Object>

[2025-02-10 12:14:52 #7 type.registry] 
New type java.util.Vector<domain.Ride>

------------------------------------------------------------------------------------------------------------------------

[2025-02-10 12:16:52 #1 store] 
Database 'C:\Users\bynek\git\Rides241\src\main\resources\rides.temp' is opened by 6288@ByNekox

[2025-02-10 12:16:53 #2 type.registry] 
New type domain.Driver

[2025-02-10 12:16:53 #3 type] 
Type domain.Driver is not enhanced.

[2025-02-10 12:16:53 #4 type.registry] 
New type domain.Ride

[2025-02-10 12:16:53 #5 type] 
Type domain.Ride is not enhanced.

[2025-02-10 12:16:53 #6 type.registry] 
New type java.util.Vector<java.lang.Object>

[2025-02-10 12:16:53 #7 type.registry] 
New type java.util.Vector<domain.Ride>

------------------------------------------------------------------------------------------------------------------------

[2025-02-10 12:20:53 #1 store] 
Database 'C:\Users\bynek\git\Rides241\src\main\resources\rides.temp' has been recovered (tr. 1-6)

[2025-02-10 12:20:53 #2 store] 
Database 'C:\Users\bynek\git\Rides241\src\main\resources\rides.temp' is opened by 11328@ByNekox

[2025-02-10 12:20:54 #3 type] 
Type domain.Driver is not enhanced.

[2025-02-10 12:20:54 #4 type] 
Type domain.Ride is not enhanced.

------------------------------------------------------------------------------------------------------------------------

[2025-02-10 12:22:09 #1 store] 
Database 'C:\Users\bynek\git\Rides241\src\main\resources\rides.temp' has been recovered (tr. 7-7)

[2025-02-10 12:22:09 #2 store] 
Database 'C:\Users\bynek\git\Rides241\src\main\resources\rides.temp' is opened by 9300@ByNekox

[2025-02-10 12:22:09 #3 type] 
Type domain.Driver is not enhanced.

[2025-02-10 12:22:09 #4 type] 
Type domain.Ride is not enhanced.

------------------------------------------------------------------------------------------------------------------------

[2025-02-10 13:10:11 #1 store] 
Database 'C:\Users\bynek\git\Rides241\src\main\resources\rides.temp' is opened by 25160@ByNekox

[2025-02-10 13:10:11 #2 type.registry] 
New type domain.User

[2025-02-10 13:10:11 #3 type] 
Type domain.User is not enhanced.

[2025-02-10 13:10:11 #4 type] 
Type domain.Driver is not enhanced.

[2025-02-10 13:10:11 #5 type] 
Type domain.Ride is not enhanced.

------------------------------------------------------------------------------------------------------------------------

[2025-02-10 13:13:22 #1 store] 
Database 'C:\Users\bynek\git\Rides241\src\main\resources\rides.temp' has been recovered (tr. 8-8)

[2025-02-10 13:13:22 #2 store] 
Database 'C:\Users\bynek\git\Rides241\src\main\resources\rides.temp' is opened by 17452@ByNekox

[2025-02-10 13:13:23 #3 type] 
Type domain.User is not enhanced.

[2025-02-10 13:13:23 #4 type] 
Type domain.Driver is not enhanced.

[2025-02-10 13:13:23 #5 type] 
Type domain.Ride is not enhanced.

------------------------------------------------------------------------------------------------------------------------

[2025-02-10 13:17:59 #1 store] 
Database 'C:\Users\bynek\git\Rides241\src\main\resources\rides.temp' is opened by 18708@ByNekox

[2025-02-10 13:17:59 #2 type] 
Type domain.User is not enhanced.

------------------------------------------------------------------------------------------------------------------------

[2025-02-10 13:23:16 #1 store] 
Database 'C:\Users\bynek\git\Rides241\src\main\resources\rides.temp' is opened by 17248@ByNekox

[2025-02-10 13:23:16 #2 type] 
Type domain.User is not enhanced.

------------------------------------------------------------------------------------------------------------------------

[2025-02-10 13:23:54 #1 store] 
Database 'C:\Users\bynek\git\Rides241\src\main\resources\rides.temp' is opened by 8936@ByNekox

[2025-02-10 13:23:54 #2 type] 
Type domain.User is not enhanced.

[2025-02-10 13:23:54 #3 type] 
Type domain.Driver is not enhanced.

[2025-02-10 13:23:54 #4 type] 
Type domain.Ride is not enhanced.

------------------------------------------------------------------------------------------------------------------------

[2025-02-10 22:50:12 #1 store] 
Database 'C:\Users\bynek\git\Rides241\src\main\resources\rides.temp' has been recovered (tr. 9-9)

[2025-02-10 22:50:12 #2 store] 
Database 'C:\Users\bynek\git\Rides241\src\main\resources\rides.temp' is opened by 21444@ByNekox

[2025-02-10 22:50:12 #3 type] 
Type domain.User is not enhanced.

[2025-02-10 22:50:12 #4 type] 
Type domain.Driver is not enhanced.

[2025-02-10 22:50:12 #5 type] 
Type domain.Ride is not enhanced.

------------------------------------------------------------------------------------------------------------------------

[2025-02-10 22:56:49 #1 store] 
Database 'C:\Users\bynek\git\Rides241\src\main\resources\rides.temp' is opened by 20592@ByNekox

[2025-02-10 22:56:49 #2 type.registry] 
New type domain.User

[2025-02-10 22:56:49 #3 type.registry] 
New type domain.Driver

[2025-02-10 22:56:49 #4 type] 
Type domain.User is not enhanced.

[2025-02-10 22:56:49 #5 type.registry] 
New type domain.Ride

[2025-02-10 22:56:49 #6 type] 
Type domain.Driver is not enhanced.

[2025-02-10 22:56:49 #7 type] 
Type domain.Ride is not enhanced.

[2025-02-10 22:56:49 #8 type.registry] 
New type java.util.Vector<java.lang.Object>

[2025-02-10 22:56:49 #9 type.registry] 
New type java.util.Vector<domain.Ride>

------------------------------------------------------------------------------------------------------------------------

[2025-02-10 22:58:42 #1 store] 
Database 'C:\Users\bynek\git\Rides241\src\main\resources\rides.temp' is opened by 10824@ByNekox

[2025-02-10 22:58:42 #2 type.registry] 
New type domain.User

[2025-02-10 22:58:42 #3 type.registry] 
New type domain.Driver

[2025-02-10 22:58:42 #4 type] 
Type domain.User is not enhanced.

[2025-02-10 22:58:42 #5 type.registry] 
New type domain.Ride

[2025-02-10 22:58:42 #6 type] 
Type domain.Driver is not enhanced.

[2025-02-10 22:58:42 #7 type] 
Type domain.Ride is not enhanced.

[2025-02-10 22:58:42 #8 type.registry] 
New type java.util.Vector<java.lang.Object>

[2025-02-10 22:58:42 #9 type.registry] 
New type java.util.Vector<domain.Ride>

