------------------------------------------------------------------------------------------------------------------------

[2025-04-28 17:14:23 #1 store] 
Database 'C:\Users\bynek\Desktop\UNI\Segundo\SI\Iterazioa3\Iterazioa3Workspace\Rides24\src\main\resources\rides.temp' has been recovered (tr. 15-21)

[2025-04-28 17:14:23 #2 store] 
Database 'C:\Users\bynek\Desktop\UNI\Segundo\SI\Iterazioa3\Iterazioa3Workspace\Rides24\src\main\resources\rides.temp' is opened by 12972@ByNekox

[2025-04-28 17:14:23 #3 type] 
Type domain.Movement is not enhanced.

[2025-04-28 17:14:23 #4 type] 
Type domain.User is not enhanced.

[2025-04-28 17:14:23 #5 type] 
Type domain.Car is not enhanced.

[2025-04-28 17:14:23 #6 type] 
Type domain.Driver is not enhanced.

[2025-04-28 17:14:23 #7 type.registry] 
New type domain.Assessment

[2025-04-28 17:14:23 #8 type] 
Type domain.Ride is not enhanced.

[2025-04-28 17:14:23 #9 type] 
Type domain.Reservation is not enhanced.

[2025-04-28 17:14:23 #10 type] 
Type domain.Traveler is not enhanced.

[2025-04-28 17:14:23 #11 type] 
Type domain.Assessment is not enhanced.

[2025-04-28 17:14:38 #12 type.registry] 
New type java.util.Vector<domain.Assessment>

------------------------------------------------------------------------------------------------------------------------

[2025-04-28 17:49:49 #1 store] 
Database 'C:\Users\bynek\Desktop\UNI\Segundo\SI\Iterazioa3\Iterazioa3Workspace\Rides24\src\main\resources\rides.temp' has been recovered (tr. 22-23)

[2025-04-28 17:49:49 #2 store] 
Database 'C:\Users\bynek\Desktop\UNI\Segundo\SI\Iterazioa3\Iterazioa3Workspace\Rides24\src\main\resources\rides.temp' is opened by 18716@ByNekox

[2025-04-28 17:49:49 #3 type] 
Type domain.Movement is not enhanced.

[2025-04-28 17:49:50 #4 type] 
Type domain.User is not enhanced.

[2025-04-28 17:49:50 #5 type] 
Type domain.Car is not enhanced.

[2025-04-28 17:49:50 #6 type] 
Type domain.Driver is not enhanced.

[2025-04-28 17:49:50 #7 type] 
Type domain.Ride is not enhanced.

[2025-04-28 17:49:50 #8 type] 
Type domain.Reservation is not enhanced.

[2025-04-28 17:49:50 #9 type] 
Type domain.Traveler is not enhanced.

[2025-04-28 17:49:50 #10 type] 
Type domain.Assessment is not enhanced.

------------------------------------------------------------------------------------------------------------------------

[2025-04-28 18:09:01 #1 store] 
Database 'C:\Users\bynek\Desktop\UNI\Segundo\SI\Iterazioa3\Iterazioa3Workspace\Rides24\src\main\resources\rides.temp' is opened by 352@ByNekox

[2025-04-28 18:09:01 #2 type] 
Type domain.Movement is not enhanced.

[2025-04-28 18:09:01 #3 type] 
Type domain.User is not enhanced.

[2025-04-28 18:09:01 #4 type] 
Type domain.Car is not enhanced.

[2025-04-28 18:09:01 #5 type] 
Type domain.Driver is not enhanced.

[2025-04-28 18:09:01 #6 type] 
Type domain.Ride is not enhanced.

[2025-04-28 18:09:01 #7 type] 
Type domain.Reservation is not enhanced.

[2025-04-28 18:09:01 #8 type] 
Type domain.Traveler is not enhanced.

[2025-04-28 18:09:01 #9 type] 
Type domain.Assessment is not enhanced.

------------------------------------------------------------------------------------------------------------------------

[2025-04-28 18:18:07 #1 store] 
Database 'C:\Users\bynek\Desktop\UNI\Segundo\SI\Iterazioa3\Iterazioa3Workspace\Rides24\src\main\resources\rides.temp' has been recovered (tr. 24-24)

[2025-04-28 18:18:07 #2 store] 
Database 'C:\Users\bynek\Desktop\UNI\Segundo\SI\Iterazioa3\Iterazioa3Workspace\Rides24\src\main\resources\rides.temp' is opened by 19732@ByNekox

[2025-04-28 18:18:07 #3 type] 
Type domain.Movement is not enhanced.

[2025-04-28 18:18:07 #4 type] 
Type domain.User is not enhanced.

[2025-04-28 18:18:07 #5 type] 
Type domain.Car is not enhanced.

[2025-04-28 18:18:07 #6 type] 
Type domain.Driver is not enhanced.

[2025-04-28 18:18:07 #7 type] 
Type domain.Ride is not enhanced.

[2025-04-28 18:18:07 #8 type] 
Type domain.Reservation is not enhanced.

[2025-04-28 18:18:07 #9 type] 
Type domain.Traveler is not enhanced.

[2025-04-28 18:18:07 #10 type] 
Type domain.Assessment is not enhanced.

------------------------------------------------------------------------------------------------------------------------

[2025-04-28 18:41:46 #1 store] 
Database 'C:\Users\bynek\Desktop\UNI\Segundo\SI\Iterazioa3\Iterazioa3Workspace\Rides24\src\main\resources\rides.temp' has been recovered (tr. 25-25)

[2025-04-28 18:41:47 #2 store] 
Database 'C:\Users\bynek\Desktop\UNI\Segundo\SI\Iterazioa3\Iterazioa3Workspace\Rides24\src\main\resources\rides.temp' is opened by 8356@ByNekox

[2025-04-28 18:41:47 #3 type] 
Type domain.Movement is not enhanced.

[2025-04-28 18:41:47 #4 type] 
Type domain.User is not enhanced.

[2025-04-28 18:41:47 #5 type] 
Type domain.Car is not enhanced.

[2025-04-28 18:41:47 #6 type] 
Type domain.Driver is not enhanced.

[2025-04-28 18:41:47 #7 type] 
Type domain.Ride is not enhanced.

[2025-04-28 18:41:47 #8 type] 
Type domain.Reservation is not enhanced.

[2025-04-28 18:41:47 #9 type] 
Type domain.Traveler is not enhanced.

[2025-04-28 18:41:47 #10 type] 
Type domain.Assessment is not enhanced.

------------------------------------------------------------------------------------------------------------------------

[2025-04-28 18:45:54 #1 store] 
Database 'C:\Users\bynek\Desktop\UNI\Segundo\SI\Iterazioa3\Iterazioa3Workspace\Rides24\src\main\resources\rides.temp' is opened by 14764@ByNekox

[2025-04-28 18:45:55 #2 type] 
Type domain.Movement is not enhanced.

[2025-04-28 18:45:55 #3 type] 
Type domain.User is not enhanced.

[2025-04-28 18:45:55 #4 type] 
Type domain.Car is not enhanced.

[2025-04-28 18:45:55 #5 type] 
Type domain.Driver is not enhanced.

[2025-04-28 18:45:55 #6 type] 
Type domain.Ride is not enhanced.

[2025-04-28 18:45:55 #7 type] 
Type domain.Reservation is not enhanced.

[2025-04-28 18:45:55 #8 type] 
Type domain.Traveler is not enhanced.

[2025-04-28 18:45:55 #9 type] 
Type domain.Assessment is not enhanced.

------------------------------------------------------------------------------------------------------------------------

[2025-04-28 18:47:57 #1 store] 
Database 'C:\Users\bynek\Desktop\UNI\Segundo\SI\Iterazioa3\Iterazioa3Workspace\Rides24\src\main\resources\rides.temp' is opened by 13396@ByNekox

[2025-04-28 18:47:57 #2 type] 
Type domain.Movement is not enhanced.

[2025-04-28 18:47:57 #3 type] 
Type domain.User is not enhanced.

[2025-04-28 18:47:57 #4 type] 
Type domain.Car is not enhanced.

[2025-04-28 18:47:57 #5 type] 
Type domain.Driver is not enhanced.

[2025-04-28 18:47:57 #6 type] 
Type domain.Ride is not enhanced.

[2025-04-28 18:47:57 #7 type] 
Type domain.Reservation is not enhanced.

[2025-04-28 18:47:57 #8 type] 
Type domain.Traveler is not enhanced.

[2025-04-28 18:47:57 #9 type] 
Type domain.Assessment is not enhanced.

------------------------------------------------------------------------------------------------------------------------

[2025-04-28 18:55:49 #1 store] 
Database 'C:\Users\bynek\Desktop\UNI\Segundo\SI\Iterazioa3\Iterazioa3Workspace\Rides24\src\main\resources\rides.temp' is opened by 19860@ByNekox

[2025-04-28 18:55:49 #2 type] 
Type domain.Movement is not enhanced.

[2025-04-28 18:55:49 #3 type] 
Type domain.User is not enhanced.

[2025-04-28 18:55:49 #4 type] 
Type domain.Car is not enhanced.

[2025-04-28 18:55:49 #5 type] 
Type domain.Driver is not enhanced.

[2025-04-28 18:55:49 #6 type] 
Type domain.Ride is not enhanced.

[2025-04-28 18:55:49 #7 type] 
Type domain.Reservation is not enhanced.

[2025-04-28 18:55:49 #8 type] 
Type domain.Traveler is not enhanced.

[2025-04-28 18:55:49 #9 type] 
Type domain.Assessment is not enhanced.

------------------------------------------------------------------------------------------------------------------------

[2025-04-28 18:56:53 #1 store] 
Database 'C:\Users\bynek\Desktop\UNI\Segundo\SI\Iterazioa3\Iterazioa3Workspace\Rides24\src\main\resources\rides.temp' is opened by 22168@ByNekox

[2025-04-28 18:56:53 #2 type] 
Type domain.Movement is not enhanced.

[2025-04-28 18:56:53 #3 type] 
Type domain.User is not enhanced.

[2025-04-28 18:56:53 #4 type] 
Type domain.Car is not enhanced.

[2025-04-28 18:56:53 #5 type] 
Type domain.Driver is not enhanced.

[2025-04-28 18:56:53 #6 type] 
Type domain.Ride is not enhanced.

[2025-04-28 18:56:53 #7 type] 
Type domain.Reservation is not enhanced.

[2025-04-28 18:56:53 #8 type] 
Type domain.Traveler is not enhanced.

[2025-04-28 18:56:53 #9 type] 
Type domain.Assessment is not enhanced.

------------------------------------------------------------------------------------------------------------------------

[2025-04-28 19:01:08 #1 store] 
Database 'C:\Users\bynek\Desktop\UNI\Segundo\SI\Iterazioa3\Iterazioa3Workspace\Rides24\src\main\resources\rides.temp' is opened by 2044@ByNekox

[2025-04-28 19:01:08 #2 type] 
Type domain.Movement is not enhanced.

[2025-04-28 19:01:08 #3 type] 
Type domain.User is not enhanced.

[2025-04-28 19:01:08 #4 type] 
Type domain.Car is not enhanced.

[2025-04-28 19:01:08 #5 type] 
Type domain.Driver is not enhanced.

[2025-04-28 19:01:08 #6 type] 
Type domain.Ride is not enhanced.

[2025-04-28 19:01:08 #7 type] 
Type domain.Reservation is not enhanced.

[2025-04-28 19:01:08 #8 type] 
Type domain.Traveler is not enhanced.

[2025-04-28 19:01:08 #9 type] 
Type domain.Assessment is not enhanced.

