------------------------------------------------------------------------------------------------------------------------

[2025-10-05 11:03:46 #1 store] 
Database 'C:\Users\treas\git\Rides24\src\main\resources\rides.temp' is opened by 6248@LAPTOP-OPAN6BA5

[2025-10-05 11:03:46 #2 type.registry] 
New type domain.Movement

[2025-10-05 11:03:46 #3 type] 
Type domain.Movement is not enhanced.

[2025-10-05 11:03:46 #4 type.registry] 
New type domain.User

[2025-10-05 11:03:46 #5 type] 
Type domain.User is not enhanced.

[2025-10-05 11:03:46 #6 type.registry] 
New type domain.Car

[2025-10-05 11:03:46 #7 type] 
Type domain.Car is not enhanced.

[2025-10-05 11:03:46 #8 type.registry] 
New type domain.Driver

[2025-10-05 11:03:46 #9 type] 
Type domain.Driver is not enhanced.

[2025-10-05 11:03:46 #10 type.registry] 
New type domain.Assessment

[2025-10-05 11:03:46 #11 type.registry] 
New type domain.Ride

[2025-10-05 11:03:46 #12 type] 
Type domain.Assessment is not enhanced.

[2025-10-05 11:03:46 #13 type.registry] 
New type domain.Traveler

[2025-10-05 11:03:46 #14 type] 
Type domain.Ride is not enhanced.

[2025-10-05 11:03:46 #15 type.registry] 
New type domain.Reservation

[2025-10-05 11:03:46 #16 type] 
Type domain.Traveler is not enhanced.

[2025-10-05 11:03:46 #17 type.registry] 
New type domain.Alert

[2025-10-05 11:03:46 #18 type.registry] 
New type domain.Reclamation

[2025-10-05 11:03:46 #19 type] 
Type domain.Reservation is not enhanced.

[2025-10-05 11:03:46 #20 type] 
Type domain.Alert is not enhanced.

[2025-10-05 11:03:46 #21 type] 
Type domain.Reclamation is not enhanced.

[2025-10-05 11:03:46 #22 type.registry] 
New type java.util.Vector<java.lang.Object>

[2025-10-05 11:03:46 #23 type.registry] 
New type java.util.Vector<domain.Movement>

[2025-10-05 11:03:46 #24 type.registry] 
New type java.util.Vector<domain.Ride>

[2025-10-05 11:03:46 #25 type.registry] 
New type java.util.Vector<domain.Car>

[2025-10-05 11:03:46 #26 type.registry] 
New type java.util.Vector<domain.Assessment>

[2025-10-05 11:03:46 #27 type.registry] 
New type java.util.Vector<domain.Reservation>

[2025-10-05 11:03:46 #28 type.registry] 
New type java.util.Vector<domain.Reclamation>

[2025-10-05 11:03:46 #29 type.registry] 
New type java.util.Vector<domain.Alert>

