------------------------------------------------------------------------------------------------------------------------

[2025-04-08 15:56:32 #1 store] 
Database 'C:\Users\bynek\Desktop\UNI\Segundo\SI\Iterazioa2\Iterazioa2Workspace\Rides24\src\main\resources\rides.temp' is opened by 58200@ByNekox

[2025-04-08 15:56:32 #2 type.registry] 
New type domain.Movement

[2025-04-08 15:56:32 #3 type] 
Type domain.Movement is not enhanced.

[2025-04-08 15:56:33 #4 type.registry] 
New type domain.User

[2025-04-08 15:56:33 #5 type] 
Type domain.User is not enhanced.

[2025-04-08 15:56:33 #6 type.registry] 
New type domain.Car

[2025-04-08 15:56:33 #7 type] 
Type domain.Car is not enhanced.

[2025-04-08 15:56:33 #8 type.registry] 
New type domain.Driver

[2025-04-08 15:56:33 #9 type] 
Type domain.Driver is not enhanced.

[2025-04-08 15:56:33 #10 type.registry] 
New type domain.Ride

[2025-04-08 15:56:33 #11 type] 
Type domain.Ride is not enhanced.

[2025-04-08 15:56:33 #12 type.registry] 
New type domain.Reservation

[2025-04-08 15:56:33 #13 type] 
Type domain.Reservation is not enhanced.

[2025-04-08 15:56:33 #14 type.registry] 
New type domain.Traveler

[2025-04-08 15:56:33 #15 type] 
Type domain.Traveler is not enhanced.

[2025-04-08 15:56:33 #16 type.registry] 
New type java.util.Vector<java.lang.Object>

[2025-04-08 15:56:33 #17 type.registry] 
New type java.util.Vector<domain.Movement>

[2025-04-08 15:56:33 #18 type.registry] 
New type java.util.Vector<domain.Ride>

[2025-04-08 15:56:33 #19 type.registry] 
New type java.util.Vector<domain.Car>

[2025-04-08 15:56:33 #20 type.registry] 
New type java.util.Vector<domain.Reservation>

------------------------------------------------------------------------------------------------------------------------

[2025-04-08 16:22:39 #1 store] 
Database 'C:\Users\bynek\Desktop\UNI\Segundo\SI\Iterazioa2\Iterazioa2Workspace\Rides24\src\main\resources\rides.temp' is opened by 32160@ByNekox

[2025-04-08 16:22:39 #2 type.registry] 
New type domain.Movement

[2025-04-08 16:22:39 #3 type] 
Type domain.Movement is not enhanced.

[2025-04-08 16:22:40 #4 type.registry] 
New type domain.User

[2025-04-08 16:22:40 #5 type] 
Type domain.User is not enhanced.

[2025-04-08 16:22:40 #6 type.registry] 
New type domain.Car

[2025-04-08 16:22:40 #7 type] 
Type domain.Car is not enhanced.

[2025-04-08 16:22:40 #8 type.registry] 
New type domain.Driver

[2025-04-08 16:22:40 #9 type] 
Type domain.Driver is not enhanced.

[2025-04-08 16:22:40 #10 type.registry] 
New type domain.Ride

[2025-04-08 16:22:40 #11 type] 
Type domain.Ride is not enhanced.

[2025-04-08 16:22:40 #12 type.registry] 
New type domain.Reservation

[2025-04-08 16:22:40 #13 type] 
Type domain.Reservation is not enhanced.

[2025-04-08 16:22:40 #14 type.registry] 
New type domain.Traveler

[2025-04-08 16:22:40 #15 type] 
Type domain.Traveler is not enhanced.

[2025-04-08 16:22:40 #16 type.registry] 
New type java.util.Vector<java.lang.Object>

[2025-04-08 16:22:40 #17 type.registry] 
New type java.util.Vector<domain.Movement>

[2025-04-08 16:22:40 #18 type.registry] 
New type java.util.Vector<domain.Ride>

[2025-04-08 16:22:40 #19 type.registry] 
New type java.util.Vector<domain.Car>

[2025-04-08 16:22:40 #20 type.registry] 
New type java.util.Vector<domain.Reservation>

------------------------------------------------------------------------------------------------------------------------

[2025-04-08 16:25:44 #1 store] 
Database 'C:\Users\bynek\Desktop\UNI\Segundo\SI\Iterazioa2\Iterazioa2Workspace\Rides24\src\main\resources\rides.temp' has been recovered (tr. 1-14)

[2025-04-08 16:25:44 #2 store] 
Database 'C:\Users\bynek\Desktop\UNI\Segundo\SI\Iterazioa2\Iterazioa2Workspace\Rides24\src\main\resources\rides.temp' is opened by 33216@ByNekox

[2025-04-08 16:25:44 #3 type] 
Type domain.Movement is not enhanced.

[2025-04-08 16:25:44 #4 type] 
Type domain.User is not enhanced.

[2025-04-08 16:25:44 #5 type] 
Type domain.Car is not enhanced.

[2025-04-08 16:25:44 #6 type] 
Type domain.Driver is not enhanced.

[2025-04-08 16:25:44 #7 type] 
Type domain.Ride is not enhanced.

[2025-04-08 16:25:44 #8 type] 
Type domain.Reservation is not enhanced.

[2025-04-08 16:25:44 #9 type] 
Type domain.Traveler is not enhanced.

