------------------------------------------------------------------------------------------------------------------------

[2025-05-17 13:34:31 #1 store] 
Database 'C:\Users\bynek\Desktop\UNI\Segundo\SI\Iterazioa3\Iterazioa3Workspace\Rides24\src\main\resources\rides.temp' is opened by 8408@ByNekox

[2025-05-17 13:34:31 #2 type.registry] 
New type domain.User

[2025-05-17 13:34:31 #3 type.registry] 
New type domain.Admin

[2025-05-17 13:34:31 #4 type] 
Type domain.User is not enhanced.

[2025-05-17 13:34:32 #5 type.registry] 
New type domain.Movement

[2025-05-17 13:34:32 #6 type] 
Type domain.Admin is not enhanced.

[2025-05-17 13:34:32 #7 type.registry] 
New type domain.Reclamation

[2025-05-17 13:34:32 #8 type] 
Type domain.Movement is not enhanced.

[2025-05-17 13:34:32 #9 type] 
Type domain.Reclamation is not enhanced.

[2025-05-17 13:34:32 #10 type.registry] 
New type domain.Reservation

[2025-05-17 13:34:32 #11 type.registry] 
New type domain.Traveler

[2025-05-17 13:34:32 #12 type] 
Type domain.Reservation is not enhanced.

[2025-05-17 13:34:32 #13 type.registry] 
New type domain.Ride

[2025-05-17 13:34:32 #14 type] 
Type domain.Traveler is not enhanced.

[2025-05-17 13:34:32 #15 type.registry] 
New type domain.Alert

[2025-05-17 13:34:32 #16 type] 
Type domain.Ride is not enhanced.

[2025-05-17 13:34:32 #17 type.registry] 
New type domain.Driver

[2025-05-17 13:34:32 #18 type.registry] 
New type domain.Car

[2025-05-17 13:34:32 #19 type] 
Type domain.Alert is not enhanced.

[2025-05-17 13:34:32 #20 type] 
Type domain.Driver is not enhanced.

[2025-05-17 13:34:32 #21 type.registry] 
New type domain.Assessment

[2025-05-17 13:34:32 #22 type] 
Type domain.Car is not enhanced.

[2025-05-17 13:34:32 #23 type] 
Type domain.Assessment is not enhanced.

[2025-05-17 13:34:32 #24 type.registry] 
New type java.util.Vector<java.lang.Object>

[2025-05-17 13:34:32 #25 type.registry] 
New type java.util.Vector<domain.Reservation>

[2025-05-17 13:34:32 #26 type.registry] 
New type java.util.Vector<domain.Movement>

[2025-05-17 13:34:32 #27 type.registry] 
New type java.util.Vector<domain.Reclamation>

[2025-05-17 13:34:32 #28 type.registry] 
New type java.util.Vector<domain.Ride>

[2025-05-17 13:34:32 #29 type.registry] 
New type java.util.Vector<domain.Car>

[2025-05-17 13:34:32 #30 type.registry] 
New type java.util.Vector<domain.Assessment>

[2025-05-17 13:34:32 #31 type.registry] 
New type java.util.Vector<domain.Alert>

------------------------------------------------------------------------------------------------------------------------

[2025-05-17 13:46:55 #1 store] 
Database 'C:\Users\bynek\Desktop\UNI\Segundo\SI\Iterazioa3\Iterazioa3Workspace\Rides24\src\main\resources\rides.temp' is opened by 28292@ByNekox

[2025-05-17 13:46:55 #2 type.registry] 
New type domain.User

[2025-05-17 13:46:55 #3 type.registry] 
New type domain.Admin

[2025-05-17 13:46:55 #4 type] 
Type domain.User is not enhanced.

[2025-05-17 13:46:56 #5 type.registry] 
New type domain.Movement

[2025-05-17 13:46:56 #6 type] 
Type domain.Admin is not enhanced.

[2025-05-17 13:46:56 #7 type.registry] 
New type domain.Reclamation

[2025-05-17 13:46:56 #8 type] 
Type domain.Movement is not enhanced.

[2025-05-17 13:46:56 #9 type] 
Type domain.Reclamation is not enhanced.

[2025-05-17 13:46:56 #10 type.registry] 
New type domain.Reservation

[2025-05-17 13:46:56 #11 type.registry] 
New type domain.Traveler

[2025-05-17 13:46:56 #12 type] 
Type domain.Reservation is not enhanced.

[2025-05-17 13:46:56 #13 type.registry] 
New type domain.Ride

[2025-05-17 13:46:56 #14 type] 
Type domain.Traveler is not enhanced.

[2025-05-17 13:46:56 #15 type.registry] 
New type domain.Alert

[2025-05-17 13:46:56 #16 type] 
Type domain.Ride is not enhanced.

[2025-05-17 13:46:56 #17 type.registry] 
New type domain.Driver

[2025-05-17 13:46:56 #18 type.registry] 
New type domain.Car

[2025-05-17 13:46:56 #19 type] 
Type domain.Alert is not enhanced.

[2025-05-17 13:46:56 #20 type] 
Type domain.Driver is not enhanced.

[2025-05-17 13:46:56 #21 type.registry] 
New type domain.Assessment

[2025-05-17 13:46:56 #22 type] 
Type domain.Car is not enhanced.

[2025-05-17 13:46:56 #23 type] 
Type domain.Assessment is not enhanced.

[2025-05-17 13:46:56 #24 type.registry] 
New type java.util.Vector<java.lang.Object>

[2025-05-17 13:46:56 #25 type.registry] 
New type java.util.Vector<domain.Movement>

[2025-05-17 13:46:56 #26 type.registry] 
New type java.util.Vector<domain.Reclamation>

[2025-05-17 13:46:56 #27 type.registry] 
New type java.util.Vector<domain.Ride>

[2025-05-17 13:46:56 #28 type.registry] 
New type java.util.Vector<domain.Car>

[2025-05-17 13:46:56 #29 type.registry] 
New type java.util.Vector<domain.Assessment>

[2025-05-17 13:46:56 #30 type.registry] 
New type java.util.Vector<domain.Reservation>

[2025-05-17 13:46:56 #31 type.registry] 
New type java.util.Vector<domain.Alert>

------------------------------------------------------------------------------------------------------------------------

[2025-05-17 13:50:14 #1 store] 
Database 'C:\Users\bynek\Desktop\UNI\Segundo\SI\Iterazioa3\Iterazioa3Workspace\Rides24\src\main\resources\rides.temp' is opened by 5568@ByNekox

[2025-05-17 13:50:14 #2 type.registry] 
New type domain.User

[2025-05-17 13:50:14 #3 type.registry] 
New type domain.Admin

[2025-05-17 13:50:14 #4 type] 
Type domain.User is not enhanced.

[2025-05-17 13:50:14 #5 type.registry] 
New type domain.Movement

[2025-05-17 13:50:14 #6 type] 
Type domain.Admin is not enhanced.

[2025-05-17 13:50:14 #7 type.registry] 
New type domain.Reclamation

[2025-05-17 13:50:14 #8 type] 
Type domain.Movement is not enhanced.

[2025-05-17 13:50:14 #9 type] 
Type domain.Reclamation is not enhanced.

[2025-05-17 13:50:14 #10 type.registry] 
New type domain.Reservation

[2025-05-17 13:50:14 #11 type.registry] 
New type domain.Traveler

[2025-05-17 13:50:14 #12 type] 
Type domain.Reservation is not enhanced.

[2025-05-17 13:50:14 #13 type.registry] 
New type domain.Ride

[2025-05-17 13:50:14 #14 type] 
Type domain.Traveler is not enhanced.

[2025-05-17 13:50:14 #15 type.registry] 
New type domain.Alert

[2025-05-17 13:50:14 #16 type] 
Type domain.Ride is not enhanced.

[2025-05-17 13:50:14 #17 type.registry] 
New type domain.Driver

[2025-05-17 13:50:14 #18 type.registry] 
New type domain.Car

[2025-05-17 13:50:14 #19 type] 
Type domain.Alert is not enhanced.

[2025-05-17 13:50:14 #20 type] 
Type domain.Driver is not enhanced.

[2025-05-17 13:50:14 #21 type.registry] 
New type domain.Assessment

[2025-05-17 13:50:14 #22 type] 
Type domain.Car is not enhanced.

[2025-05-17 13:50:14 #23 type] 
Type domain.Assessment is not enhanced.

[2025-05-17 13:50:14 #24 type.registry] 
New type java.util.Vector<java.lang.Object>

[2025-05-17 13:50:15 #25 type.registry] 
New type java.util.Vector<domain.Movement>

[2025-05-17 13:50:15 #26 type.registry] 
New type java.util.Vector<domain.Reclamation>

[2025-05-17 13:50:15 #27 type.registry] 
New type java.util.Vector<domain.Ride>

[2025-05-17 13:50:15 #28 type.registry] 
New type java.util.Vector<domain.Car>

[2025-05-17 13:50:15 #29 type.registry] 
New type java.util.Vector<domain.Assessment>

[2025-05-17 13:50:15 #30 type.registry] 
New type java.util.Vector<domain.Reservation>

[2025-05-17 13:50:15 #31 type.registry] 
New type java.util.Vector<domain.Alert>

