------------------------------------------------------------------------------------------------------------------------

[2025-03-17 12:30:15 #1 store] 
Database 'C:\Users\bynek\Desktop\UNI\Segundo\SI\Iterazioa2\Iterazioa2Workspace\Rides24\src\main\resources\rides.temp' is opened by 23960@ByNekox

[2025-03-17 12:30:15 #2 type.registry] 
New type domain.User

[2025-03-17 12:30:15 #3 type.registry] 
New type domain.Driver

[2025-03-17 12:30:15 #4 type] 
Type domain.User is not enhanced.

[2025-03-17 12:30:15 #5 type] 
Type domain.Driver is not enhanced.

[2025-03-17 12:30:15 #6 type.registry] 
New type domain.Ride

[2025-03-17 12:30:15 #7 type] 
Type domain.Ride is not enhanced.

[2025-03-17 12:30:15 #8 type.registry] 
New type domain.Reservation

[2025-03-17 12:30:15 #9 type] 
Type domain.Reservation is not enhanced.

[2025-03-17 12:30:15 #10 type.registry] 
New type domain.Traveler

[2025-03-17 12:30:15 #11 type] 
Type domain.Traveler is not enhanced.

[2025-03-17 12:30:15 #12 type.registry] 
New type java.util.Vector<java.lang.Object>

[2025-03-17 12:30:15 #13 type.registry] 
New type java.util.Vector<domain.Ride>

[2025-03-17 12:30:15 #14 type.registry] 
New type java.util.Vector<domain.Reservation>

------------------------------------------------------------------------------------------------------------------------

[2025-03-17 12:31:31 #1 store] 
Database 'C:\Users\bynek\Desktop\UNI\Segundo\SI\Iterazioa2\Iterazioa2Workspace\Rides24\src\main\resources\rides.temp' is opened by 19184@ByNekox

[2025-03-17 12:31:31 #2 type.registry] 
New type domain.User

[2025-03-17 12:31:31 #3 type.registry] 
New type domain.Driver

[2025-03-17 12:31:31 #4 type] 
Type domain.User is not enhanced.

[2025-03-17 12:31:31 #5 type] 
Type domain.Driver is not enhanced.

[2025-03-17 12:31:31 #6 type.registry] 
New type domain.Ride

[2025-03-17 12:31:31 #7 type] 
Type domain.Ride is not enhanced.

[2025-03-17 12:31:31 #8 type.registry] 
New type domain.Reservation

[2025-03-17 12:31:31 #9 type] 
Type domain.Reservation is not enhanced.

[2025-03-17 12:31:31 #10 type.registry] 
New type domain.Traveler

[2025-03-17 12:31:31 #11 type] 
Type domain.Traveler is not enhanced.

[2025-03-17 12:31:31 #12 type.registry] 
New type java.util.Vector<java.lang.Object>

[2025-03-17 12:31:31 #13 type.registry] 
New type java.util.Vector<domain.Ride>

[2025-03-17 12:31:31 #14 type.registry] 
New type java.util.Vector<domain.Reservation>

------------------------------------------------------------------------------------------------------------------------

[2025-03-17 12:31:51 #1 store] 
Database 'C:\Users\bynek\Desktop\UNI\Segundo\SI\Iterazioa2\Iterazioa2Workspace\Rides24\src\main\resources\rides.temp' has been recovered (tr. 1-7)

[2025-03-17 12:31:51 #2 store] 
Database 'C:\Users\bynek\Desktop\UNI\Segundo\SI\Iterazioa2\Iterazioa2Workspace\Rides24\src\main\resources\rides.temp' is opened by 12064@ByNekox

[2025-03-17 12:31:52 #3 type] 
Type domain.User is not enhanced.

[2025-03-17 12:31:52 #4 type] 
Type domain.Driver is not enhanced.

[2025-03-17 12:31:52 #5 type] 
Type domain.Ride is not enhanced.

[2025-03-17 12:31:52 #6 type] 
Type domain.Reservation is not enhanced.

[2025-03-17 12:31:52 #7 type] 
Type domain.Traveler is not enhanced.

------------------------------------------------------------------------------------------------------------------------

[2025-03-17 12:33:22 #1 store] 
Database 'C:\Users\bynek\Desktop\UNI\Segundo\SI\Iterazioa2\Iterazioa2Workspace\Rides24\src\main\resources\rides.temp' has been recovered (tr. 8-11)

[2025-03-17 12:33:22 #2 store] 
Database 'C:\Users\bynek\Desktop\UNI\Segundo\SI\Iterazioa2\Iterazioa2Workspace\Rides24\src\main\resources\rides.temp' is opened by 9332@ByNekox

[2025-03-17 12:33:22 #3 type] 
Type domain.User is not enhanced.

[2025-03-17 12:33:23 #4 type] 
Type domain.Driver is not enhanced.

[2025-03-17 12:33:23 #5 type] 
Type domain.Ride is not enhanced.

[2025-03-17 12:33:23 #6 type] 
Type domain.Reservation is not enhanced.

[2025-03-17 12:33:23 #7 type] 
Type domain.Traveler is not enhanced.

------------------------------------------------------------------------------------------------------------------------

[2025-03-17 12:34:06 #1 store] 
Database 'C:\Users\bynek\Desktop\UNI\Segundo\SI\Iterazioa2\Iterazioa2Workspace\Rides24\src\main\resources\rides.temp' has been recovered (tr. 12-13)

[2025-03-17 12:34:06 #2 store] 
Database 'C:\Users\bynek\Desktop\UNI\Segundo\SI\Iterazioa2\Iterazioa2Workspace\Rides24\src\main\resources\rides.temp' is opened by 27508@ByNekox

[2025-03-17 12:34:06 #3 type] 
Type domain.User is not enhanced.

[2025-03-17 12:34:07 #4 type] 
Type domain.Driver is not enhanced.

[2025-03-17 12:34:07 #5 type] 
Type domain.Ride is not enhanced.

[2025-03-17 12:34:07 #6 type] 
Type domain.Reservation is not enhanced.

[2025-03-17 12:34:07 #7 type] 
Type domain.Traveler is not enhanced.

------------------------------------------------------------------------------------------------------------------------

[2025-03-17 12:38:12 #1 store] 
Database 'C:\Users\bynek\Desktop\UNI\Segundo\SI\Iterazioa2\Iterazioa2Workspace\Rides24\src\main\resources\rides.temp' is opened by 20684@ByNekox

[2025-03-17 12:38:12 #2 type] 
Type domain.User is not enhanced.

[2025-03-17 12:38:12 #3 type] 
Type domain.Driver is not enhanced.

[2025-03-17 12:38:12 #4 type] 
Type domain.Ride is not enhanced.

[2025-03-17 12:38:12 #5 type] 
Type domain.Reservation is not enhanced.

[2025-03-17 12:38:12 #6 type] 
Type domain.Traveler is not enhanced.

------------------------------------------------------------------------------------------------------------------------

[2025-03-17 12:38:29 #1 store] 
Database 'C:\Users\bynek\Desktop\UNI\Segundo\SI\Iterazioa2\Iterazioa2Workspace\Rides24\src\main\resources\rides.temp' is opened by 16516@ByNekox

[2025-03-17 12:38:30 #2 type] 
Type domain.User is not enhanced.

[2025-03-17 12:38:30 #3 type] 
Type domain.Driver is not enhanced.

[2025-03-17 12:38:30 #4 type] 
Type domain.Ride is not enhanced.

[2025-03-17 12:38:30 #5 type] 
Type domain.Reservation is not enhanced.

[2025-03-17 12:38:30 #6 type] 
Type domain.Traveler is not enhanced.

------------------------------------------------------------------------------------------------------------------------

[2025-03-17 12:38:57 #1 store] 
Database 'C:\Users\bynek\Desktop\UNI\Segundo\SI\Iterazioa2\Iterazioa2Workspace\Rides24\src\main\resources\rides.temp' is opened by 27868@ByNekox

[2025-03-17 12:38:58 #2 type.registry] 
New type domain.User

[2025-03-17 12:38:58 #3 type.registry] 
New type domain.Driver

[2025-03-17 12:38:58 #4 type] 
Type domain.User is not enhanced.

[2025-03-17 12:38:58 #5 type] 
Type domain.Driver is not enhanced.

[2025-03-17 12:38:58 #6 type.registry] 
New type domain.Ride

[2025-03-17 12:38:58 #7 type] 
Type domain.Ride is not enhanced.

[2025-03-17 12:38:58 #8 type.registry] 
New type domain.Reservation

[2025-03-17 12:38:58 #9 type] 
Type domain.Reservation is not enhanced.

[2025-03-17 12:38:58 #10 type.registry] 
New type domain.Traveler

[2025-03-17 12:38:58 #11 type] 
Type domain.Traveler is not enhanced.

[2025-03-17 12:38:58 #12 type.registry] 
New type java.util.Vector<java.lang.Object>

[2025-03-17 12:38:58 #13 type.registry] 
New type java.util.Vector<domain.Ride>

[2025-03-17 12:38:58 #14 type.registry] 
New type java.util.Vector<domain.Reservation>

------------------------------------------------------------------------------------------------------------------------

[2025-03-17 12:40:25 #1 store] 
Database 'C:\Users\bynek\Desktop\UNI\Segundo\SI\Iterazioa2\Iterazioa2Workspace\Rides24\src\main\resources\rides.temp' has been recovered (tr. 1-11)

[2025-03-17 12:40:25 #2 store] 
Database 'C:\Users\bynek\Desktop\UNI\Segundo\SI\Iterazioa2\Iterazioa2Workspace\Rides24\src\main\resources\rides.temp' is opened by 26968@ByNekox

[2025-03-17 12:40:25 #3 type] 
Type domain.User is not enhanced.

[2025-03-17 12:40:25 #4 type] 
Type domain.Driver is not enhanced.

[2025-03-17 12:40:25 #5 type] 
Type domain.Ride is not enhanced.

[2025-03-17 12:40:25 #6 type] 
Type domain.Reservation is not enhanced.

[2025-03-17 12:40:25 #7 type] 
Type domain.Traveler is not enhanced.

------------------------------------------------------------------------------------------------------------------------

[2025-03-17 12:41:31 #1 store] 
Database 'C:\Users\bynek\Desktop\UNI\Segundo\SI\Iterazioa2\Iterazioa2Workspace\Rides24\src\main\resources\rides.temp' has been recovered (tr. 12-14)

[2025-03-17 12:41:31 #2 store] 
Database 'C:\Users\bynek\Desktop\UNI\Segundo\SI\Iterazioa2\Iterazioa2Workspace\Rides24\src\main\resources\rides.temp' is opened by 6280@ByNekox

[2025-03-17 12:41:31 #3 type] 
Type domain.User is not enhanced.

[2025-03-17 12:41:31 #4 type] 
Type domain.Driver is not enhanced.

[2025-03-17 12:41:31 #5 type] 
Type domain.Ride is not enhanced.

[2025-03-17 12:41:31 #6 type] 
Type domain.Reservation is not enhanced.

[2025-03-17 12:41:31 #7 type] 
Type domain.Traveler is not enhanced.

------------------------------------------------------------------------------------------------------------------------

[2025-03-17 12:42:22 #1 store] 
Database 'C:\Users\bynek\Desktop\UNI\Segundo\SI\Iterazioa2\Iterazioa2Workspace\Rides24\src\main\resources\rides.temp' has been recovered (tr. 15-15)

[2025-03-17 12:42:22 #2 store] 
Database 'C:\Users\bynek\Desktop\UNI\Segundo\SI\Iterazioa2\Iterazioa2Workspace\Rides24\src\main\resources\rides.temp' is opened by 18692@ByNekox

[2025-03-17 12:42:23 #3 type] 
Type domain.User is not enhanced.

[2025-03-17 12:42:23 #4 type] 
Type domain.Driver is not enhanced.

[2025-03-17 12:42:23 #5 type] 
Type domain.Ride is not enhanced.

[2025-03-17 12:42:23 #6 type] 
Type domain.Reservation is not enhanced.

[2025-03-17 12:42:23 #7 type] 
Type domain.Traveler is not enhanced.

------------------------------------------------------------------------------------------------------------------------

[2025-03-17 12:44:36 #1 store] 
Database 'C:\Users\bynek\Desktop\UNI\Segundo\SI\Iterazioa2\Iterazioa2Workspace\Rides24\src\main\resources\rides.temp' has been recovered (tr. 16-16)

[2025-03-17 12:44:36 #2 store] 
Database 'C:\Users\bynek\Desktop\UNI\Segundo\SI\Iterazioa2\Iterazioa2Workspace\Rides24\src\main\resources\rides.temp' is opened by 28700@ByNekox

[2025-03-17 12:44:36 #3 type] 
Type domain.User is not enhanced.

[2025-03-17 12:44:36 #4 type] 
Type domain.Driver is not enhanced.

[2025-03-17 12:44:36 #5 type] 
Type domain.Ride is not enhanced.

[2025-03-17 12:44:36 #6 type] 
Type domain.Reservation is not enhanced.

[2025-03-17 12:44:36 #7 type] 
Type domain.Traveler is not enhanced.

------------------------------------------------------------------------------------------------------------------------

[2025-03-17 12:50:31 #1 store] 
Database 'C:\Users\bynek\Desktop\UNI\Segundo\SI\Iterazioa2\Iterazioa2Workspace\Rides24\src\main\resources\rides.temp' is opened by 23648@ByNekox

[2025-03-17 12:50:31 #2 type] 
Type domain.User is not enhanced.

[2025-03-17 12:50:31 #3 type] 
Type domain.Driver is not enhanced.

[2025-03-17 12:50:31 #4 type] 
Type domain.Ride is not enhanced.

[2025-03-17 12:50:31 #5 type] 
Type domain.Reservation is not enhanced.

[2025-03-17 12:50:31 #6 type] 
Type domain.Traveler is not enhanced.

------------------------------------------------------------------------------------------------------------------------

[2025-03-17 12:55:10 #1 store] 
Database 'C:\Users\bynek\Desktop\UNI\Segundo\SI\Iterazioa2\Iterazioa2Workspace\Rides24\src\main\resources\rides.temp' is opened by 29292@ByNekox

[2025-03-17 12:55:11 #2 type.registry] 
New type domain.User

[2025-03-17 12:55:11 #3 type.registry] 
New type domain.Driver

[2025-03-17 12:55:11 #4 type] 
Type domain.User is not enhanced.

[2025-03-17 12:55:11 #5 type] 
Type domain.Driver is not enhanced.

[2025-03-17 12:55:11 #6 type.registry] 
New type domain.Ride

[2025-03-17 12:55:11 #7 type] 
Type domain.Ride is not enhanced.

[2025-03-17 12:55:11 #8 type.registry] 
New type domain.Reservation

[2025-03-17 12:55:11 #9 type] 
Type domain.Reservation is not enhanced.

[2025-03-17 12:55:11 #10 type.registry] 
New type domain.Traveler

[2025-03-17 12:55:11 #11 type] 
Type domain.Traveler is not enhanced.

[2025-03-17 12:55:11 #12 type.registry] 
New type java.util.Vector<java.lang.Object>

[2025-03-17 12:55:11 #13 type.registry] 
New type java.util.Vector<domain.Ride>

[2025-03-17 12:55:11 #14 type.registry] 
New type java.util.Vector<domain.Reservation>

------------------------------------------------------------------------------------------------------------------------

[2025-03-17 12:56:02 #1 store] 
Database 'C:\Users\bynek\Desktop\UNI\Segundo\SI\Iterazioa2\Iterazioa2Workspace\Rides24\src\main\resources\rides.temp' has been recovered (tr. 1-11)

[2025-03-17 12:56:02 #2 store] 
Database 'C:\Users\bynek\Desktop\UNI\Segundo\SI\Iterazioa2\Iterazioa2Workspace\Rides24\src\main\resources\rides.temp' is opened by 9232@ByNekox

[2025-03-17 12:56:02 #3 type] 
Type domain.User is not enhanced.

[2025-03-17 12:56:02 #4 type] 
Type domain.Driver is not enhanced.

[2025-03-17 12:56:02 #5 type] 
Type domain.Ride is not enhanced.

[2025-03-17 12:56:02 #6 type] 
Type domain.Reservation is not enhanced.

[2025-03-17 12:56:02 #7 type] 
Type domain.Traveler is not enhanced.

------------------------------------------------------------------------------------------------------------------------

[2025-03-17 12:57:21 #1 store] 
Database 'C:\Users\bynek\Desktop\UNI\Segundo\SI\Iterazioa2\Iterazioa2Workspace\Rides24\src\main\resources\rides.temp' has been recovered (tr. 12-13)

[2025-03-17 12:57:21 #2 store] 
Database 'C:\Users\bynek\Desktop\UNI\Segundo\SI\Iterazioa2\Iterazioa2Workspace\Rides24\src\main\resources\rides.temp' is opened by 11676@ByNekox

[2025-03-17 12:57:21 #3 type] 
Type domain.User is not enhanced.

[2025-03-17 12:57:21 #4 type] 
Type domain.Driver is not enhanced.

[2025-03-17 12:57:21 #5 type] 
Type domain.Ride is not enhanced.

[2025-03-17 12:57:21 #6 type] 
Type domain.Reservation is not enhanced.

[2025-03-17 12:57:21 #7 type] 
Type domain.Traveler is not enhanced.

------------------------------------------------------------------------------------------------------------------------

[2025-03-17 12:58:31 #1 store] 
Database 'C:\Users\bynek\Desktop\UNI\Segundo\SI\Iterazioa2\Iterazioa2Workspace\Rides24\src\main\resources\rides.temp' is opened by 2732@ByNekox

[2025-03-17 12:58:31 #2 type] 
Type domain.User is not enhanced.

[2025-03-17 12:58:31 #3 type] 
Type domain.Driver is not enhanced.

[2025-03-17 12:58:31 #4 type] 
Type domain.Ride is not enhanced.

[2025-03-17 12:58:31 #5 type] 
Type domain.Reservation is not enhanced.

[2025-03-17 12:58:31 #6 type] 
Type domain.Traveler is not enhanced.

------------------------------------------------------------------------------------------------------------------------

[2025-03-17 12:59:10 #1 store] 
Database 'C:\Users\bynek\Desktop\UNI\Segundo\SI\Iterazioa2\Iterazioa2Workspace\Rides24\src\main\resources\rides.temp' is opened by 23564@ByNekox

[2025-03-17 12:59:10 #2 type] 
Type domain.User is not enhanced.

[2025-03-17 12:59:10 #3 type] 
Type domain.Driver is not enhanced.

[2025-03-17 12:59:10 #4 type] 
Type domain.Ride is not enhanced.

[2025-03-17 12:59:10 #5 type] 
Type domain.Reservation is not enhanced.

[2025-03-17 12:59:10 #6 type] 
Type domain.Traveler is not enhanced.

------------------------------------------------------------------------------------------------------------------------

[2025-03-17 13:02:57 #1 store] 
Database 'C:\Users\bynek\Desktop\UNI\Segundo\SI\Iterazioa2\Iterazioa2Workspace\Rides24\src\main\resources\rides.temp' has been recovered (tr. 14-14)

[2025-03-17 13:02:57 #2 store] 
Database 'C:\Users\bynek\Desktop\UNI\Segundo\SI\Iterazioa2\Iterazioa2Workspace\Rides24\src\main\resources\rides.temp' is opened by 27148@ByNekox

[2025-03-17 13:02:57 #3 type] 
Type domain.User is not enhanced.

[2025-03-17 13:02:57 #4 type] 
Type domain.Driver is not enhanced.

[2025-03-17 13:02:57 #5 type] 
Type domain.Ride is not enhanced.

[2025-03-17 13:02:57 #6 type] 
Type domain.Reservation is not enhanced.

[2025-03-17 13:02:57 #7 type] 
Type domain.Traveler is not enhanced.

------------------------------------------------------------------------------------------------------------------------

[2025-03-17 13:03:24 #1 store] 
Database 'C:\Users\bynek\Desktop\UNI\Segundo\SI\Iterazioa2\Iterazioa2Workspace\Rides24\src\main\resources\rides.temp' is opened by 22616@ByNekox

[2025-03-17 13:03:25 #2 type.registry] 
New type domain.User

[2025-03-17 13:03:25 #3 type.registry] 
New type domain.Driver

[2025-03-17 13:03:25 #4 type] 
Type domain.User is not enhanced.

[2025-03-17 13:03:25 #5 type] 
Type domain.Driver is not enhanced.

[2025-03-17 13:03:25 #6 type.registry] 
New type domain.Ride

[2025-03-17 13:03:25 #7 type] 
Type domain.Ride is not enhanced.

[2025-03-17 13:03:25 #8 type.registry] 
New type domain.Reservation

[2025-03-17 13:03:25 #9 type] 
Type domain.Reservation is not enhanced.

[2025-03-17 13:03:25 #10 type.registry] 
New type domain.Traveler

[2025-03-17 13:03:25 #11 type] 
Type domain.Traveler is not enhanced.

[2025-03-17 13:03:25 #12 type.registry] 
New type java.util.Vector<java.lang.Object>

[2025-03-17 13:03:25 #13 type.registry] 
New type java.util.Vector<domain.Ride>

[2025-03-17 13:03:25 #14 type.registry] 
New type java.util.Vector<domain.Reservation>

------------------------------------------------------------------------------------------------------------------------

[2025-03-17 13:04:07 #1 store] 
Database 'C:\Users\bynek\Desktop\UNI\Segundo\SI\Iterazioa2\Iterazioa2Workspace\Rides24\src\main\resources\rides.temp' has been recovered (tr. 1-11)

[2025-03-17 13:04:07 #2 store] 
Database 'C:\Users\bynek\Desktop\UNI\Segundo\SI\Iterazioa2\Iterazioa2Workspace\Rides24\src\main\resources\rides.temp' is opened by 21980@ByNekox

[2025-03-17 13:04:07 #3 type] 
Type domain.User is not enhanced.

[2025-03-17 13:04:07 #4 type] 
Type domain.Driver is not enhanced.

[2025-03-17 13:04:07 #5 type] 
Type domain.Ride is not enhanced.

[2025-03-17 13:04:07 #6 type] 
Type domain.Reservation is not enhanced.

[2025-03-17 13:04:07 #7 type] 
Type domain.Traveler is not enhanced.

------------------------------------------------------------------------------------------------------------------------

[2025-03-17 13:04:28 #1 store] 
Database 'C:\Users\bynek\Desktop\UNI\Segundo\SI\Iterazioa2\Iterazioa2Workspace\Rides24\src\main\resources\rides.temp' is opened by 20780@ByNekox

[2025-03-17 13:04:29 #2 type] 
Type domain.User is not enhanced.

[2025-03-17 13:04:29 #3 type] 
Type domain.Driver is not enhanced.

[2025-03-17 13:04:29 #4 type] 
Type domain.Ride is not enhanced.

[2025-03-17 13:04:29 #5 type] 
Type domain.Reservation is not enhanced.

[2025-03-17 13:04:29 #6 type] 
Type domain.Traveler is not enhanced.

------------------------------------------------------------------------------------------------------------------------

[2025-03-17 13:09:04 #1 store] 
Database 'C:\Users\bynek\Desktop\UNI\Segundo\SI\Iterazioa2\Iterazioa2Workspace\Rides24\src\main\resources\rides.temp' has been recovered (tr. 12-12)

[2025-03-17 13:09:04 #2 store] 
Database 'C:\Users\bynek\Desktop\UNI\Segundo\SI\Iterazioa2\Iterazioa2Workspace\Rides24\src\main\resources\rides.temp' is opened by 10668@ByNekox

[2025-03-17 13:09:05 #3 type] 
Type domain.User is not enhanced.

[2025-03-17 13:09:05 #4 type] 
Type domain.Driver is not enhanced.

[2025-03-17 13:09:05 #5 type] 
Type domain.Ride is not enhanced.

[2025-03-17 13:09:05 #6 type] 
Type domain.Reservation is not enhanced.

[2025-03-17 13:09:05 #7 type] 
Type domain.Traveler is not enhanced.

------------------------------------------------------------------------------------------------------------------------

[2025-03-17 13:10:10 #1 store] 
Database 'C:\Users\bynek\Desktop\UNI\Segundo\SI\Iterazioa2\Iterazioa2Workspace\Rides24\src\main\resources\rides.temp' has been recovered (tr. 13-13)

[2025-03-17 13:10:10 #2 store] 
Database 'C:\Users\bynek\Desktop\UNI\Segundo\SI\Iterazioa2\Iterazioa2Workspace\Rides24\src\main\resources\rides.temp' is opened by 9224@ByNekox

[2025-03-17 13:10:10 #3 type] 
Type domain.User is not enhanced.

[2025-03-17 13:10:10 #4 type] 
Type domain.Driver is not enhanced.

[2025-03-17 13:10:10 #5 type] 
Type domain.Ride is not enhanced.

[2025-03-17 13:10:10 #6 type] 
Type domain.Reservation is not enhanced.

[2025-03-17 13:10:10 #7 type] 
Type domain.Traveler is not enhanced.

------------------------------------------------------------------------------------------------------------------------

[2025-03-17 13:11:17 #1 store] 
Database 'C:\Users\bynek\Desktop\UNI\Segundo\SI\Iterazioa2\Iterazioa2Workspace\Rides24\src\main\resources\rides.temp' has been recovered (tr. 14-14)

[2025-03-17 13:11:17 #2 store] 
Database 'C:\Users\bynek\Desktop\UNI\Segundo\SI\Iterazioa2\Iterazioa2Workspace\Rides24\src\main\resources\rides.temp' is opened by 6460@ByNekox

[2025-03-17 13:11:18 #3 type] 
Type domain.User is not enhanced.

[2025-03-17 13:11:18 #4 type] 
Type domain.Driver is not enhanced.

[2025-03-17 13:11:18 #5 type] 
Type domain.Ride is not enhanced.

[2025-03-17 13:11:18 #6 type] 
Type domain.Reservation is not enhanced.

[2025-03-17 13:11:18 #7 type] 
Type domain.Traveler is not enhanced.

------------------------------------------------------------------------------------------------------------------------

[2025-03-17 13:11:40 #1 store] 
Database 'C:\Users\bynek\Desktop\UNI\Segundo\SI\Iterazioa2\Iterazioa2Workspace\Rides24\src\main\resources\rides.temp' is opened by 27940@ByNekox

[2025-03-17 13:11:40 #2 type.registry] 
New type domain.User

[2025-03-17 13:11:40 #3 type.registry] 
New type domain.Driver

[2025-03-17 13:11:40 #4 type] 
Type domain.User is not enhanced.

[2025-03-17 13:11:40 #5 type] 
Type domain.Driver is not enhanced.

[2025-03-17 13:11:40 #6 type.registry] 
New type domain.Ride

[2025-03-17 13:11:40 #7 type] 
Type domain.Ride is not enhanced.

[2025-03-17 13:11:40 #8 type.registry] 
New type domain.Reservation

[2025-03-17 13:11:40 #9 type] 
Type domain.Reservation is not enhanced.

[2025-03-17 13:11:40 #10 type.registry] 
New type domain.Traveler

[2025-03-17 13:11:40 #11 type] 
Type domain.Traveler is not enhanced.

[2025-03-17 13:11:40 #12 type.registry] 
New type java.util.Vector<java.lang.Object>

[2025-03-17 13:11:40 #13 type.registry] 
New type java.util.Vector<domain.Ride>

[2025-03-17 13:11:40 #14 type.registry] 
New type java.util.Vector<domain.Reservation>

------------------------------------------------------------------------------------------------------------------------

[2025-03-17 13:12:18 #1 store] 
Database 'C:\Users\bynek\Desktop\UNI\Segundo\SI\Iterazioa2\Iterazioa2Workspace\Rides24\src\main\resources\rides.temp' has been recovered (tr. 1-11)

[2025-03-17 13:12:18 #2 store] 
Database 'C:\Users\bynek\Desktop\UNI\Segundo\SI\Iterazioa2\Iterazioa2Workspace\Rides24\src\main\resources\rides.temp' is opened by 25684@ByNekox

[2025-03-17 13:12:18 #3 type] 
Type domain.User is not enhanced.

[2025-03-17 13:12:18 #4 type] 
Type domain.Driver is not enhanced.

[2025-03-17 13:12:18 #5 type] 
Type domain.Ride is not enhanced.

[2025-03-17 13:12:18 #6 type] 
Type domain.Reservation is not enhanced.

[2025-03-17 13:12:18 #7 type] 
Type domain.Traveler is not enhanced.

------------------------------------------------------------------------------------------------------------------------

[2025-03-17 13:16:11 #1 store] 
Database 'C:\Users\bynek\Desktop\UNI\Segundo\SI\Iterazioa2\Iterazioa2Workspace\Rides24\src\main\resources\rides.temp' is opened by 7172@ByNekox

[2025-03-17 13:16:11 #2 type.registry] 
New type domain.User

[2025-03-17 13:16:11 #3 type.registry] 
New type domain.Driver

[2025-03-17 13:16:11 #4 type] 
Type domain.User is not enhanced.

[2025-03-17 13:16:11 #5 type] 
Type domain.Driver is not enhanced.

[2025-03-17 13:16:11 #6 type.registry] 
New type domain.Ride

[2025-03-17 13:16:11 #7 type] 
Type domain.Ride is not enhanced.

[2025-03-17 13:16:11 #8 type.registry] 
New type domain.Reservation

[2025-03-17 13:16:11 #9 type] 
Type domain.Reservation is not enhanced.

[2025-03-17 13:16:11 #10 type.registry] 
New type domain.Traveler

[2025-03-17 13:16:11 #11 type] 
Type domain.Traveler is not enhanced.

[2025-03-17 13:16:11 #12 type.registry] 
New type java.util.Vector<java.lang.Object>

[2025-03-17 13:16:11 #13 type.registry] 
New type java.util.Vector<domain.Ride>

[2025-03-17 13:16:11 #14 type.registry] 
New type java.util.Vector<domain.Reservation>

------------------------------------------------------------------------------------------------------------------------

[2025-03-17 13:20:29 #1 store] 
Database 'C:\Users\bynek\Desktop\UNI\Segundo\SI\Iterazioa2\Iterazioa2Workspace\Rides24\src\main\resources\rides.temp' is opened by 6280@ByNekox

[2025-03-17 13:20:29 #2 type.registry] 
New type domain.User

[2025-03-17 13:20:29 #3 type.registry] 
New type domain.Driver

[2025-03-17 13:20:29 #4 type] 
Type domain.User is not enhanced.

[2025-03-17 13:20:29 #5 type] 
Type domain.Driver is not enhanced.

[2025-03-17 13:20:29 #6 type.registry] 
New type domain.Ride

[2025-03-17 13:20:29 #7 type] 
Type domain.Ride is not enhanced.

[2025-03-17 13:20:29 #8 type.registry] 
New type domain.Reservation

[2025-03-17 13:20:29 #9 type] 
Type domain.Reservation is not enhanced.

[2025-03-17 13:20:29 #10 type.registry] 
New type domain.Traveler

[2025-03-17 13:20:29 #11 type] 
Type domain.Traveler is not enhanced.

[2025-03-17 13:20:29 #12 type.registry] 
New type java.util.Vector<java.lang.Object>

[2025-03-17 13:20:30 #13 type.registry] 
New type java.util.Vector<domain.Ride>

[2025-03-17 13:20:30 #14 type.registry] 
New type java.util.Vector<domain.Reservation>

------------------------------------------------------------------------------------------------------------------------

[2025-03-17 15:07:55 #1 store] 
Database 'C:\Users\bynek\Desktop\UNI\Segundo\SI\Iterazioa2\Iterazioa2Workspace\Rides24\src\main\resources\rides.temp' is opened by 10280@ByNekox

[2025-03-17 15:07:55 #2 type.registry] 
New type domain.User

[2025-03-17 15:07:55 #3 type.registry] 
New type domain.Driver

[2025-03-17 15:07:55 #4 type] 
Type domain.User is not enhanced.

[2025-03-17 15:07:55 #5 type] 
Type domain.Driver is not enhanced.

[2025-03-17 15:07:55 #6 type.registry] 
New type domain.Ride

[2025-03-17 15:07:55 #7 type] 
Type domain.Ride is not enhanced.

[2025-03-17 15:07:55 #8 type.registry] 
New type domain.Reservation

[2025-03-17 15:07:55 #9 type] 
Type domain.Reservation is not enhanced.

[2025-03-17 15:07:55 #10 type.registry] 
New type domain.Traveler

[2025-03-17 15:07:55 #11 type] 
Type domain.Traveler is not enhanced.

[2025-03-17 15:07:55 #12 type.registry] 
New type java.util.Vector<java.lang.Object>

[2025-03-17 15:07:55 #13 type.registry] 
New type java.util.Vector<domain.Ride>

[2025-03-17 15:07:55 #14 type.registry] 
New type java.util.Vector<domain.Reservation>

------------------------------------------------------------------------------------------------------------------------

[2025-03-17 15:15:44 #1 store] 
Database 'C:\Users\bynek\Desktop\UNI\Segundo\SI\Iterazioa2\Iterazioa2Workspace\Rides24\src\main\resources\rides.temp' is opened by 26788@ByNekox

[2025-03-17 15:15:44 #2 type.registry] 
New type domain.User

[2025-03-17 15:15:44 #3 type.registry] 
New type domain.Driver

[2025-03-17 15:15:44 #4 type] 
Type domain.User is not enhanced.

[2025-03-17 15:15:44 #5 type] 
Type domain.Driver is not enhanced.

[2025-03-17 15:15:44 #6 type.registry] 
New type domain.Ride

[2025-03-17 15:15:44 #7 type] 
Type domain.Ride is not enhanced.

[2025-03-17 15:15:44 #8 type.registry] 
New type domain.Reservation

[2025-03-17 15:15:44 #9 type] 
Type domain.Reservation is not enhanced.

[2025-03-17 15:15:44 #10 type.registry] 
New type domain.Traveler

[2025-03-17 15:15:44 #11 type] 
Type domain.Traveler is not enhanced.

[2025-03-17 15:15:44 #12 type.registry] 
New type java.util.Vector<java.lang.Object>

[2025-03-17 15:15:44 #13 type.registry] 
New type java.util.Vector<domain.Ride>

[2025-03-17 15:15:44 #14 type.registry] 
New type java.util.Vector<domain.Reservation>

------------------------------------------------------------------------------------------------------------------------

[2025-03-17 15:17:50 #1 store] 
Database 'C:\Users\bynek\Desktop\UNI\Segundo\SI\Iterazioa2\Iterazioa2Workspace\Rides24\src\main\resources\rides.temp' is opened by 21828@ByNekox

[2025-03-17 15:17:51 #2 type.registry] 
New type domain.User

[2025-03-17 15:17:51 #3 type.registry] 
New type domain.Driver

[2025-03-17 15:17:51 #4 type] 
Type domain.User is not enhanced.

[2025-03-17 15:17:51 #5 type] 
Type domain.Driver is not enhanced.

[2025-03-17 15:17:51 #6 type.registry] 
New type domain.Ride

[2025-03-17 15:17:51 #7 type] 
Type domain.Ride is not enhanced.

[2025-03-17 15:17:51 #8 type.registry] 
New type domain.Reservation

[2025-03-17 15:17:51 #9 type] 
Type domain.Reservation is not enhanced.

[2025-03-17 15:17:51 #10 type.registry] 
New type domain.Traveler

[2025-03-17 15:17:51 #11 type] 
Type domain.Traveler is not enhanced.

[2025-03-17 15:17:51 #12 type.registry] 
New type java.util.Vector<java.lang.Object>

[2025-03-17 15:17:51 #13 type.registry] 
New type java.util.Vector<domain.Ride>

[2025-03-17 15:17:51 #14 type.registry] 
New type java.util.Vector<domain.Reservation>

------------------------------------------------------------------------------------------------------------------------

[2025-03-17 15:25:42 #1 store] 
Database 'C:\Users\bynek\Desktop\UNI\Segundo\SI\Iterazioa2\Iterazioa2Workspace\Rides24\src\main\resources\rides.temp' has been recovered (tr. 1-8)

[2025-03-17 15:25:42 #2 store] 
Database 'C:\Users\bynek\Desktop\UNI\Segundo\SI\Iterazioa2\Iterazioa2Workspace\Rides24\src\main\resources\rides.temp' is opened by 24476@ByNekox

[2025-03-17 15:25:42 #3 type] 
Type domain.User is not enhanced.

[2025-03-17 15:25:42 #4 type] 
Type domain.Driver is not enhanced.

[2025-03-17 15:25:42 #5 type] 
Type domain.Ride is not enhanced.

[2025-03-17 15:25:42 #6 type] 
Type domain.Reservation is not enhanced.

[2025-03-17 15:25:42 #7 type] 
Type domain.Traveler is not enhanced.

------------------------------------------------------------------------------------------------------------------------

[2025-03-17 15:31:02 #1 store] 
Database 'C:\Users\bynek\Desktop\UNI\Segundo\SI\Iterazioa2\Iterazioa2Workspace\Rides24\src\main\resources\rides.temp' is opened by 6948@ByNekox

[2025-03-17 15:31:03 #2 type.registry] 
New type domain.User

[2025-03-17 15:31:03 #3 type.registry] 
New type domain.Driver

[2025-03-17 15:31:03 #4 type] 
Type domain.User is not enhanced.

[2025-03-17 15:31:03 #5 type] 
Type domain.Driver is not enhanced.

[2025-03-17 15:31:03 #6 type.registry] 
New type domain.Ride

[2025-03-17 15:31:03 #7 type] 
Type domain.Ride is not enhanced.

[2025-03-17 15:31:03 #8 type.registry] 
New type domain.Reservation

[2025-03-17 15:31:03 #9 type] 
Type domain.Reservation is not enhanced.

[2025-03-17 15:31:03 #10 type.registry] 
New type domain.Traveler

[2025-03-17 15:31:03 #11 type] 
Type domain.Traveler is not enhanced.

[2025-03-17 15:31:03 #12 type.registry] 
New type java.util.Vector<java.lang.Object>

[2025-03-17 15:31:03 #13 type.registry] 
New type java.util.Vector<domain.Ride>

[2025-03-17 15:31:03 #14 type.registry] 
New type java.util.Vector<domain.Reservation>

------------------------------------------------------------------------------------------------------------------------

[2025-03-17 15:32:47 #1 store] 
Database 'C:\Users\bynek\Desktop\UNI\Segundo\SI\Iterazioa2\Iterazioa2Workspace\Rides24\src\main\resources\rides.temp' has been recovered (tr. 1-9)

[2025-03-17 15:32:47 #2 store] 
Database 'C:\Users\bynek\Desktop\UNI\Segundo\SI\Iterazioa2\Iterazioa2Workspace\Rides24\src\main\resources\rides.temp' is opened by 3548@ByNekox

[2025-03-17 15:32:48 #3 type] 
Type domain.User is not enhanced.

[2025-03-17 15:32:48 #4 type] 
Type domain.Driver is not enhanced.

[2025-03-17 15:32:48 #5 type] 
Type domain.Ride is not enhanced.

[2025-03-17 15:32:48 #6 type] 
Type domain.Reservation is not enhanced.

[2025-03-17 15:32:48 #7 type] 
Type domain.Traveler is not enhanced.

------------------------------------------------------------------------------------------------------------------------

[2025-03-17 15:32:56 #1 store] 
Database 'C:\Users\bynek\Desktop\UNI\Segundo\SI\Iterazioa2\Iterazioa2Workspace\Rides24\src\main\resources\rides.temp' is opened by 9296@ByNekox

[2025-03-17 15:32:56 #2 type] 
Type domain.User is not enhanced.

[2025-03-17 15:32:56 #3 type] 
Type domain.Driver is not enhanced.

[2025-03-17 15:32:56 #4 type] 
Type domain.Ride is not enhanced.

[2025-03-17 15:32:56 #5 type] 
Type domain.Reservation is not enhanced.

[2025-03-17 15:32:56 #6 type] 
Type domain.Traveler is not enhanced.

------------------------------------------------------------------------------------------------------------------------

[2025-03-17 15:44:45 #1 store] 
Database 'C:\Users\bynek\Desktop\UNI\Segundo\SI\Iterazioa2\Iterazioa2Workspace\Rides24\src\main\resources\rides.temp' is opened by 17072@ByNekox

[2025-03-17 15:44:45 #2 type.registry] 
New type domain.User

[2025-03-17 15:44:45 #3 type.registry] 
New type domain.Driver

[2025-03-17 15:44:45 #4 type] 
Type domain.User is not enhanced.

[2025-03-17 15:44:45 #5 type] 
Type domain.Driver is not enhanced.

[2025-03-17 15:44:45 #6 type.registry] 
New type domain.Ride

[2025-03-17 15:44:45 #7 type] 
Type domain.Ride is not enhanced.

[2025-03-17 15:44:45 #8 type.registry] 
New type domain.Reservation

[2025-03-17 15:44:45 #9 type] 
Type domain.Reservation is not enhanced.

[2025-03-17 15:44:45 #10 type.registry] 
New type domain.Traveler

[2025-03-17 15:44:45 #11 type] 
Type domain.Traveler is not enhanced.

[2025-03-17 15:44:45 #12 type.registry] 
New type java.util.Vector<java.lang.Object>

[2025-03-17 15:44:45 #13 type.registry] 
New type java.util.Vector<domain.Ride>

[2025-03-17 15:44:45 #14 type.registry] 
New type java.util.Vector<domain.Reservation>

------------------------------------------------------------------------------------------------------------------------

[2025-03-17 15:45:17 #1 store] 
Database 'C:\Users\bynek\Desktop\UNI\Segundo\SI\Iterazioa2\Iterazioa2Workspace\Rides24\src\main\resources\rides.temp' has been recovered (tr. 1-8)

[2025-03-17 15:45:17 #2 store] 
Database 'C:\Users\bynek\Desktop\UNI\Segundo\SI\Iterazioa2\Iterazioa2Workspace\Rides24\src\main\resources\rides.temp' is opened by 24180@ByNekox

[2025-03-17 15:45:17 #3 type] 
Type domain.User is not enhanced.

[2025-03-17 15:45:17 #4 type] 
Type domain.Driver is not enhanced.

[2025-03-17 15:45:17 #5 type] 
Type domain.Ride is not enhanced.

[2025-03-17 15:45:17 #6 type] 
Type domain.Reservation is not enhanced.

[2025-03-17 15:45:17 #7 type] 
Type domain.Traveler is not enhanced.

------------------------------------------------------------------------------------------------------------------------

[2025-03-17 15:47:24 #1 store] 
Database 'C:\Users\bynek\Desktop\UNI\Segundo\SI\Iterazioa2\Iterazioa2Workspace\Rides24\src\main\resources\rides.temp' is opened by 29368@ByNekox

[2025-03-17 15:47:24 #2 type.registry] 
New type domain.User

[2025-03-17 15:47:24 #3 type.registry] 
New type domain.Driver

[2025-03-17 15:47:24 #4 type] 
Type domain.User is not enhanced.

[2025-03-17 15:47:24 #5 type] 
Type domain.Driver is not enhanced.

[2025-03-17 15:47:24 #6 type.registry] 
New type domain.Ride

[2025-03-17 15:47:24 #7 type] 
Type domain.Ride is not enhanced.

[2025-03-17 15:47:24 #8 type.registry] 
New type domain.Reservation

[2025-03-17 15:47:24 #9 type] 
Type domain.Reservation is not enhanced.

[2025-03-17 15:47:24 #10 type.registry] 
New type domain.Traveler

[2025-03-17 15:47:24 #11 type] 
Type domain.Traveler is not enhanced.

[2025-03-17 15:47:24 #12 type.registry] 
New type java.util.Vector<java.lang.Object>

[2025-03-17 15:47:24 #13 type.registry] 
New type java.util.Vector<domain.Ride>

[2025-03-17 15:47:24 #14 type.registry] 
New type java.util.Vector<domain.Reservation>

------------------------------------------------------------------------------------------------------------------------

[2025-03-17 15:48:33 #1 store] 
Database 'C:\Users\bynek\Desktop\UNI\Segundo\SI\Iterazioa2\Iterazioa2Workspace\Rides24\src\main\resources\rides.temp' has been recovered (tr. 1-11)

[2025-03-17 15:48:33 #2 store] 
Database 'C:\Users\bynek\Desktop\UNI\Segundo\SI\Iterazioa2\Iterazioa2Workspace\Rides24\src\main\resources\rides.temp' is opened by 4984@ByNekox

[2025-03-17 15:48:34 #3 type] 
Type domain.User is not enhanced.

[2025-03-17 15:48:34 #4 type] 
Type domain.Driver is not enhanced.

[2025-03-17 15:48:34 #5 type] 
Type domain.Ride is not enhanced.

[2025-03-17 15:48:34 #6 type] 
Type domain.Reservation is not enhanced.

[2025-03-17 15:48:34 #7 type] 
Type domain.Traveler is not enhanced.

------------------------------------------------------------------------------------------------------------------------

[2025-03-17 15:50:15 #1 store] 
Database 'C:\Users\bynek\Desktop\UNI\Segundo\SI\Iterazioa2\Iterazioa2Workspace\Rides24\src\main\resources\rides.temp' has been recovered (tr. 12-14)

[2025-03-17 15:50:15 #2 store] 
Database 'C:\Users\bynek\Desktop\UNI\Segundo\SI\Iterazioa2\Iterazioa2Workspace\Rides24\src\main\resources\rides.temp' is opened by 20628@ByNekox

[2025-03-17 15:50:16 #3 type] 
Type domain.User is not enhanced.

[2025-03-17 15:50:16 #4 type] 
Type domain.Driver is not enhanced.

[2025-03-17 15:50:16 #5 type] 
Type domain.Ride is not enhanced.

[2025-03-17 15:50:16 #6 type] 
Type domain.Reservation is not enhanced.

[2025-03-17 15:50:16 #7 type] 
Type domain.Traveler is not enhanced.

------------------------------------------------------------------------------------------------------------------------

[2025-03-17 15:59:12 #1 store] 
Database 'C:\Users\bynek\Desktop\UNI\Segundo\SI\Iterazioa2\Iterazioa2Workspace\Rides24\src\main\resources\rides.temp' is opened by 27768@ByNekox

[2025-03-17 15:59:12 #2 type] 
Type domain.User is not enhanced.

[2025-03-17 15:59:12 #3 type] 
Type domain.Driver is not enhanced.

[2025-03-17 15:59:12 #4 type] 
Type domain.Ride is not enhanced.

[2025-03-17 15:59:12 #5 type] 
Type domain.Reservation is not enhanced.

[2025-03-17 15:59:12 #6 type] 
Type domain.Traveler is not enhanced.

------------------------------------------------------------------------------------------------------------------------

[2025-03-17 16:00:07 #1 store] 
Database 'C:\Users\bynek\Desktop\UNI\Segundo\SI\Iterazioa2\Iterazioa2Workspace\Rides24\src\main\resources\rides.temp' has been recovered (tr. 15-15)

[2025-03-17 16:00:07 #2 store] 
Database 'C:\Users\bynek\Desktop\UNI\Segundo\SI\Iterazioa2\Iterazioa2Workspace\Rides24\src\main\resources\rides.temp' is opened by 24048@ByNekox

[2025-03-17 16:00:08 #3 type] 
Type domain.User is not enhanced.

[2025-03-17 16:00:08 #4 type] 
Type domain.Driver is not enhanced.

[2025-03-17 16:00:08 #5 type] 
Type domain.Ride is not enhanced.

[2025-03-17 16:00:08 #6 type] 
Type domain.Reservation is not enhanced.

[2025-03-17 16:00:08 #7 type] 
Type domain.Traveler is not enhanced.

------------------------------------------------------------------------------------------------------------------------

[2025-03-17 16:02:17 #1 store] 
Database 'C:\Users\bynek\Desktop\UNI\Segundo\SI\Iterazioa2\Iterazioa2Workspace\Rides24\src\main\resources\rides.temp' is opened by 16660@ByNekox

[2025-03-17 16:02:17 #2 type.registry] 
New type domain.User

[2025-03-17 16:02:17 #3 type.registry] 
New type domain.Driver

[2025-03-17 16:02:17 #4 type] 
Type domain.User is not enhanced.

[2025-03-17 16:02:17 #5 type] 
Type domain.Driver is not enhanced.

[2025-03-17 16:02:17 #6 type.registry] 
New type domain.Ride

[2025-03-17 16:02:17 #7 type] 
Type domain.Ride is not enhanced.

[2025-03-17 16:02:17 #8 type.registry] 
New type domain.Reservation

[2025-03-17 16:02:17 #9 type] 
Type domain.Reservation is not enhanced.

[2025-03-17 16:02:17 #10 type.registry] 
New type domain.Traveler

[2025-03-17 16:02:17 #11 type] 
Type domain.Traveler is not enhanced.

[2025-03-17 16:02:17 #12 type.registry] 
New type java.util.Vector<java.lang.Object>

[2025-03-17 16:02:18 #13 type.registry] 
New type java.util.Vector<domain.Ride>

[2025-03-17 16:02:18 #14 type.registry] 
New type java.util.Vector<domain.Reservation>

------------------------------------------------------------------------------------------------------------------------

[2025-03-17 16:02:55 #1 store] 
Database 'C:\Users\bynek\Desktop\UNI\Segundo\SI\Iterazioa2\Iterazioa2Workspace\Rides24\src\main\resources\rides.temp' has been recovered (tr. 1-8)

[2025-03-17 16:02:56 #2 store] 
Database 'C:\Users\bynek\Desktop\UNI\Segundo\SI\Iterazioa2\Iterazioa2Workspace\Rides24\src\main\resources\rides.temp' is opened by 16476@ByNekox

[2025-03-17 16:02:56 #3 type] 
Type domain.User is not enhanced.

[2025-03-17 16:02:56 #4 type] 
Type domain.Driver is not enhanced.

[2025-03-17 16:02:56 #5 type] 
Type domain.Ride is not enhanced.

[2025-03-17 16:02:56 #6 type] 
Type domain.Reservation is not enhanced.

[2025-03-17 16:02:56 #7 type] 
Type domain.Traveler is not enhanced.

------------------------------------------------------------------------------------------------------------------------

[2025-03-17 16:03:38 #1 store] 
Database 'C:\Users\bynek\Desktop\UNI\Segundo\SI\Iterazioa2\Iterazioa2Workspace\Rides24\src\main\resources\rides.temp' has been recovered (tr. 9-9)

[2025-03-17 16:03:38 #2 store] 
Database 'C:\Users\bynek\Desktop\UNI\Segundo\SI\Iterazioa2\Iterazioa2Workspace\Rides24\src\main\resources\rides.temp' is opened by 5616@ByNekox

[2025-03-17 16:03:39 #3 type] 
Type domain.User is not enhanced.

[2025-03-17 16:03:39 #4 type] 
Type domain.Driver is not enhanced.

[2025-03-17 16:03:39 #5 type] 
Type domain.Ride is not enhanced.

[2025-03-17 16:03:39 #6 type] 
Type domain.Reservation is not enhanced.

[2025-03-17 16:03:39 #7 type] 
Type domain.Traveler is not enhanced.

------------------------------------------------------------------------------------------------------------------------

[2025-03-17 23:33:36 #1 store] 
Database 'C:\Users\bynek\Desktop\UNI\Segundo\SI\Iterazioa2\Iterazioa2Workspace\Rides24\src\main\resources\rides.temp' is opened by 15096@ByNekox

[2025-03-17 23:33:36 #2 type] 
Type domain.User is not enhanced.

[2025-03-17 23:33:36 #3 type] 
Type domain.Driver is not enhanced.

[2025-03-17 23:33:36 #4 type] 
Type domain.Ride is not enhanced.

[2025-03-17 23:33:36 #5 type] 
Type domain.Reservation is not enhanced.

[2025-03-17 23:33:36 #6 type] 
Type domain.Traveler is not enhanced.

------------------------------------------------------------------------------------------------------------------------

[2025-03-17 23:33:55 #1 store] 
Database 'C:\Users\bynek\Desktop\UNI\Segundo\SI\Iterazioa2\Iterazioa2Workspace\Rides24\src\main\resources\rides.temp' is opened by 7836@ByNekox

[2025-03-17 23:33:55 #2 type.registry] 
New type domain.User

[2025-03-17 23:33:55 #3 type.registry] 
New type domain.Driver

[2025-03-17 23:33:55 #4 type] 
Type domain.User is not enhanced.

[2025-03-17 23:33:55 #5 type] 
Type domain.Driver is not enhanced.

[2025-03-17 23:33:55 #6 type.registry] 
New type domain.Ride

[2025-03-17 23:33:55 #7 type] 
Type domain.Ride is not enhanced.

[2025-03-17 23:33:55 #8 type.registry] 
New type domain.Reservation

[2025-03-17 23:33:55 #9 type] 
Type domain.Reservation is not enhanced.

[2025-03-17 23:33:55 #10 type.registry] 
New type domain.Traveler

[2025-03-17 23:33:55 #11 type] 
Type domain.Traveler is not enhanced.

[2025-03-17 23:33:55 #12 type.registry] 
New type java.util.Vector<java.lang.Object>

[2025-03-17 23:33:55 #13 type.registry] 
New type java.util.Vector<domain.Ride>

[2025-03-17 23:33:55 #14 type.registry] 
New type java.util.Vector<domain.Reservation>

------------------------------------------------------------------------------------------------------------------------

[2025-03-17 23:36:39 #1 store] 
Database 'C:\Users\bynek\Desktop\UNI\Segundo\SI\Iterazioa2\Iterazioa2Workspace\Rides24\src\main\resources\rides.temp' has been recovered (tr. 1-8)

[2025-03-17 23:36:39 #2 store] 
Database 'C:\Users\bynek\Desktop\UNI\Segundo\SI\Iterazioa2\Iterazioa2Workspace\Rides24\src\main\resources\rides.temp' is opened by 9768@ByNekox

[2025-03-17 23:36:39 #3 type] 
Type domain.User is not enhanced.

[2025-03-17 23:36:39 #4 type] 
Type domain.Driver is not enhanced.

[2025-03-17 23:36:39 #5 type] 
Type domain.Ride is not enhanced.

[2025-03-17 23:36:39 #6 type] 
Type domain.Reservation is not enhanced.

[2025-03-17 23:36:39 #7 type] 
Type domain.Traveler is not enhanced.

------------------------------------------------------------------------------------------------------------------------

[2025-03-17 23:40:11 #1 store] 
Database 'C:\Users\bynek\Desktop\UNI\Segundo\SI\Iterazioa2\Iterazioa2Workspace\Rides24\src\main\resources\rides.temp' is opened by 16896@ByNekox

[2025-03-17 23:40:11 #2 type] 
Type domain.User is not enhanced.

[2025-03-17 23:40:11 #3 type] 
Type domain.Driver is not enhanced.

[2025-03-17 23:40:11 #4 type] 
Type domain.Ride is not enhanced.

[2025-03-17 23:40:11 #5 type] 
Type domain.Reservation is not enhanced.

[2025-03-17 23:40:11 #6 type] 
Type domain.Traveler is not enhanced.

------------------------------------------------------------------------------------------------------------------------

[2025-03-17 23:40:17 #1 store] 
Database 'C:\Users\bynek\Desktop\UNI\Segundo\SI\Iterazioa2\Iterazioa2Workspace\Rides24\src\main\resources\rides.temp' is opened by 16320@ByNekox

[2025-03-17 23:40:17 #2 type] 
Type domain.User is not enhanced.

[2025-03-17 23:40:18 #3 type] 
Type domain.Driver is not enhanced.

[2025-03-17 23:40:18 #4 type] 
Type domain.Ride is not enhanced.

[2025-03-17 23:40:18 #5 type] 
Type domain.Reservation is not enhanced.

[2025-03-17 23:40:18 #6 type] 
Type domain.Traveler is not enhanced.

------------------------------------------------------------------------------------------------------------------------

[2025-03-17 23:40:44 #1 store] 
Database 'C:\Users\bynek\Desktop\UNI\Segundo\SI\Iterazioa2\Iterazioa2Workspace\Rides24\src\main\resources\rides.temp' is opened by 2092@ByNekox

[2025-03-17 23:40:44 #2 type] 
Type domain.User is not enhanced.

[2025-03-17 23:40:44 #3 type] 
Type domain.Driver is not enhanced.

[2025-03-17 23:40:44 #4 type] 
Type domain.Ride is not enhanced.

[2025-03-17 23:40:44 #5 type] 
Type domain.Reservation is not enhanced.

[2025-03-17 23:40:44 #6 type] 
Type domain.Traveler is not enhanced.

------------------------------------------------------------------------------------------------------------------------

[2025-03-17 23:41:10 #1 store] 
Database 'C:\Users\bynek\Desktop\UNI\Segundo\SI\Iterazioa2\Iterazioa2Workspace\Rides24\src\main\resources\rides.temp' has been recovered (tr. 9-9)

[2025-03-17 23:41:10 #2 store] 
Database 'C:\Users\bynek\Desktop\UNI\Segundo\SI\Iterazioa2\Iterazioa2Workspace\Rides24\src\main\resources\rides.temp' is opened by 5840@ByNekox

[2025-03-17 23:41:10 #3 type] 
Type domain.User is not enhanced.

[2025-03-17 23:41:10 #4 type] 
Type domain.Driver is not enhanced.

[2025-03-17 23:41:10 #5 type] 
Type domain.Ride is not enhanced.

[2025-03-17 23:41:10 #6 type] 
Type domain.Reservation is not enhanced.

[2025-03-17 23:41:10 #7 type] 
Type domain.Traveler is not enhanced.

------------------------------------------------------------------------------------------------------------------------

[2025-03-17 23:43:58 #1 store] 
Database 'C:\Users\bynek\Desktop\UNI\Segundo\SI\Iterazioa2\Iterazioa2Workspace\Rides24\src\main\resources\rides.temp' has been recovered (tr. 10-10)

[2025-03-17 23:43:58 #2 store] 
Database 'C:\Users\bynek\Desktop\UNI\Segundo\SI\Iterazioa2\Iterazioa2Workspace\Rides24\src\main\resources\rides.temp' is opened by 17640@ByNekox

[2025-03-17 23:43:58 #3 type] 
Type domain.User is not enhanced.

[2025-03-17 23:43:58 #4 type] 
Type domain.Driver is not enhanced.

[2025-03-17 23:43:58 #5 type] 
Type domain.Ride is not enhanced.

[2025-03-17 23:43:58 #6 type] 
Type domain.Reservation is not enhanced.

[2025-03-17 23:43:58 #7 type] 
Type domain.Traveler is not enhanced.

------------------------------------------------------------------------------------------------------------------------

[2025-03-17 23:44:18 #1 store] 
Database 'C:\Users\bynek\Desktop\UNI\Segundo\SI\Iterazioa2\Iterazioa2Workspace\Rides24\src\main\resources\rides.temp' is opened by 18248@ByNekox

[2025-03-17 23:44:18 #2 type] 
Type domain.User is not enhanced.

[2025-03-17 23:44:18 #3 type] 
Type domain.Driver is not enhanced.

[2025-03-17 23:44:18 #4 type] 
Type domain.Ride is not enhanced.

[2025-03-17 23:44:18 #5 type] 
Type domain.Reservation is not enhanced.

[2025-03-17 23:44:18 #6 type] 
Type domain.Traveler is not enhanced.

------------------------------------------------------------------------------------------------------------------------

[2025-03-17 23:45:18 #1 store] 
Database 'C:\Users\bynek\Desktop\UNI\Segundo\SI\Iterazioa2\Iterazioa2Workspace\Rides24\src\main\resources\rides.temp' is opened by 2284@ByNekox

[2025-03-17 23:45:19 #2 type.registry] 
New type domain.User

[2025-03-17 23:45:19 #3 type.registry] 
New type domain.Driver

[2025-03-17 23:45:19 #4 type] 
Type domain.User is not enhanced.

[2025-03-17 23:45:19 #5 type] 
Type domain.Driver is not enhanced.

[2025-03-17 23:45:19 #6 type.registry] 
New type domain.Ride

[2025-03-17 23:45:19 #7 type] 
Type domain.Ride is not enhanced.

[2025-03-17 23:45:19 #8 type.registry] 
New type domain.Reservation

[2025-03-17 23:45:19 #9 type] 
Type domain.Reservation is not enhanced.

[2025-03-17 23:45:19 #10 type.registry] 
New type domain.Traveler

[2025-03-17 23:45:19 #11 type] 
Type domain.Traveler is not enhanced.

[2025-03-17 23:45:19 #12 type.registry] 
New type java.util.Vector<java.lang.Object>

[2025-03-17 23:45:19 #13 type.registry] 
New type java.util.Vector<domain.Ride>

[2025-03-17 23:45:19 #14 type.registry] 
New type java.util.Vector<domain.Reservation>

------------------------------------------------------------------------------------------------------------------------

[2025-03-17 23:45:44 #1 store] 
Database 'C:\Users\bynek\Desktop\UNI\Segundo\SI\Iterazioa2\Iterazioa2Workspace\Rides24\src\main\resources\rides.temp' is opened by 7128@ByNekox

[2025-03-17 23:45:45 #2 type.registry] 
New type domain.User

[2025-03-17 23:45:45 #3 type.registry] 
New type domain.Driver

[2025-03-17 23:45:45 #4 type] 
Type domain.User is not enhanced.

[2025-03-17 23:45:45 #5 type] 
Type domain.Driver is not enhanced.

[2025-03-17 23:45:45 #6 type.registry] 
New type domain.Ride

[2025-03-17 23:45:45 #7 type] 
Type domain.Ride is not enhanced.

[2025-03-17 23:45:45 #8 type.registry] 
New type domain.Reservation

[2025-03-17 23:45:45 #9 type] 
Type domain.Reservation is not enhanced.

[2025-03-17 23:45:45 #10 type.registry] 
New type domain.Traveler

[2025-03-17 23:45:45 #11 type] 
Type domain.Traveler is not enhanced.

[2025-03-17 23:45:45 #12 type.registry] 
New type java.util.Vector<java.lang.Object>

[2025-03-17 23:45:45 #13 type.registry] 
New type java.util.Vector<domain.Ride>

[2025-03-17 23:45:45 #14 type.registry] 
New type java.util.Vector<domain.Reservation>

------------------------------------------------------------------------------------------------------------------------

[2025-03-17 23:46:47 #1 store] 
Database 'C:\Users\bynek\Desktop\UNI\Segundo\SI\Iterazioa2\Iterazioa2Workspace\Rides24\src\main\resources\rides.temp' is opened by 13424@ByNekox

[2025-03-17 23:46:48 #2 type.registry] 
New type domain.User

[2025-03-17 23:46:48 #3 type.registry] 
New type domain.Driver

[2025-03-17 23:46:48 #4 type] 
Type domain.User is not enhanced.

[2025-03-17 23:46:48 #5 type] 
Type domain.Driver is not enhanced.

[2025-03-17 23:46:48 #6 type.registry] 
New type domain.Ride

[2025-03-17 23:46:48 #7 type] 
Type domain.Ride is not enhanced.

[2025-03-17 23:46:48 #8 type.registry] 
New type domain.Reservation

[2025-03-17 23:46:48 #9 type] 
Type domain.Reservation is not enhanced.

[2025-03-17 23:46:48 #10 type.registry] 
New type domain.Traveler

[2025-03-17 23:46:48 #11 type] 
Type domain.Traveler is not enhanced.

[2025-03-17 23:46:48 #12 type.registry] 
New type java.util.Vector<java.lang.Object>

[2025-03-17 23:46:48 #13 type.registry] 
New type java.util.Vector<domain.Ride>

[2025-03-17 23:46:48 #14 type.registry] 
New type java.util.Vector<domain.Reservation>

------------------------------------------------------------------------------------------------------------------------

[2025-03-17 23:47:15 #1 store] 
Database 'C:\Users\bynek\Desktop\UNI\Segundo\SI\Iterazioa2\Iterazioa2Workspace\Rides24\src\main\resources\rides.temp' has been recovered (tr. 1-8)

[2025-03-17 23:47:16 #2 store] 
Database 'C:\Users\bynek\Desktop\UNI\Segundo\SI\Iterazioa2\Iterazioa2Workspace\Rides24\src\main\resources\rides.temp' is opened by 8804@ByNekox

[2025-03-17 23:47:16 #3 type] 
Type domain.User is not enhanced.

[2025-03-17 23:47:16 #4 type] 
Type domain.Driver is not enhanced.

[2025-03-17 23:47:16 #5 type] 
Type domain.Ride is not enhanced.

[2025-03-17 23:47:16 #6 type] 
Type domain.Reservation is not enhanced.

[2025-03-17 23:47:16 #7 type] 
Type domain.Traveler is not enhanced.

------------------------------------------------------------------------------------------------------------------------

[2025-03-17 23:47:34 #1 store] 
Database 'C:\Users\bynek\Desktop\UNI\Segundo\SI\Iterazioa2\Iterazioa2Workspace\Rides24\src\main\resources\rides.temp' has been recovered (tr. 9-9)

[2025-03-17 23:47:34 #2 store] 
Database 'C:\Users\bynek\Desktop\UNI\Segundo\SI\Iterazioa2\Iterazioa2Workspace\Rides24\src\main\resources\rides.temp' is opened by 2616@ByNekox

[2025-03-17 23:47:34 #3 type] 
Type domain.User is not enhanced.

[2025-03-17 23:47:34 #4 type] 
Type domain.Driver is not enhanced.

[2025-03-17 23:47:34 #5 type] 
Type domain.Ride is not enhanced.

[2025-03-17 23:47:34 #6 type] 
Type domain.Reservation is not enhanced.

[2025-03-17 23:47:34 #7 type] 
Type domain.Traveler is not enhanced.

------------------------------------------------------------------------------------------------------------------------

[2025-03-17 23:48:25 #1 store] 
Database 'C:\Users\bynek\Desktop\UNI\Segundo\SI\Iterazioa2\Iterazioa2Workspace\Rides24\src\main\resources\rides.temp' has been recovered (tr. 10-10)

[2025-03-17 23:48:25 #2 store] 
Database 'C:\Users\bynek\Desktop\UNI\Segundo\SI\Iterazioa2\Iterazioa2Workspace\Rides24\src\main\resources\rides.temp' is opened by 13768@ByNekox

[2025-03-17 23:48:26 #3 type] 
Type domain.User is not enhanced.

[2025-03-17 23:48:26 #4 type] 
Type domain.Driver is not enhanced.

[2025-03-17 23:48:26 #5 type] 
Type domain.Ride is not enhanced.

[2025-03-17 23:48:26 #6 type] 
Type domain.Reservation is not enhanced.

[2025-03-17 23:48:26 #7 type] 
Type domain.Traveler is not enhanced.

